Log file open, 04/16/19 18:21:02
LogWindows: Failed to load 'aqProf.dll' (GetLastError=126)
LogWindows: File 'aqProf.dll' does not exist
LogWindows: Failed to load 'VtuneApi.dll' (GetLastError=126)
LogWindows: File 'VtuneApi.dll' does not exist
LogWindows: Failed to load 'VtuneApi32e.dll' (GetLastError=126)
LogWindows: File 'VtuneApi32e.dll' does not exist
LogConsoleResponse: Display: Failed to find resolution value strings in scalability ini. Falling back to default.
LogInit: Display: Running engine for game: Blaster
LogPakFile: Registered encryption key '00000000000000000000000000000000': 0 pak files mounted, 0 remain pending
LogPlatformFile: Not using cached read wrapper
LogTaskGraph: Started task graph with 5 named threads and 23 total threads with 3 sets of task threads.
LogStats: Stats thread started at 0.445411
LogD3D11RHI: Loaded GFSDK_Aftermath_Lib.x64.dll
LogICUInternationalization: ICU TimeZone Detection - Raw Offset: -5:00, Platform Override: ''
LogPluginManager: Mounting plugin Paper2D
LogPluginManager: Mounting plugin AISupport
LogPluginManager: Mounting plugin LightPropagationVolume
LogPluginManager: Mounting plugin ActorLayerUtilities
LogPluginManager: Mounting plugin CLionSourceCodeAccess
LogPluginManager: Mounting plugin CodeLiteSourceCodeAccess
LogPluginManager: Mounting plugin GitSourceControl
LogPluginManager: Mounting plugin KDevelopSourceCodeAccess
LogPluginManager: Mounting plugin NullSourceCodeAccess
LogPluginManager: Mounting plugin PerforceSourceControl
LogPluginManager: Mounting plugin SubversionSourceControl
LogPluginManager: Mounting plugin UObjectPlugin
LogPluginManager: Mounting plugin VisualStudioCodeSourceCodeAccess
LogPluginManager: Mounting plugin VisualStudioSourceCodeAccess
LogPluginManager: Mounting plugin XCodeSourceCodeAccess
LogPluginManager: Mounting plugin AssetManagerEditor
LogPluginManager: Mounting plugin CryptoKeys
LogPluginManager: Mounting plugin DataValidation
LogPluginManager: Mounting plugin FacialAnimation
LogPluginManager: Mounting plugin GameplayTagsEditor
LogPluginManager: Mounting plugin MacGraphicsSwitching
LogPluginManager: Mounting plugin MeshEditor
LogPluginManager: Mounting plugin MobileLauncherProfileWizard
LogPluginManager: Mounting plugin PluginBrowser
LogPluginManager: Mounting plugin SpeedTreeImporter
LogPluginManager: Mounting plugin DatasmithContent
LogPluginManager: Mounting plugin VariantManagerContent
LogPluginManager: Mounting plugin AlembicImporter
LogPluginManager: Mounting plugin AppleImageUtils
LogPluginManager: Mounting plugin AppleVision
LogPluginManager: Mounting plugin BackChannel
LogPluginManager: Mounting plugin CharacterAI
LogPluginManager: Mounting plugin GeometryCache
LogPluginManager: Mounting plugin HTML5Networking
LogPluginManager: Mounting plugin ProxyLODPlugin
LogPluginManager: Mounting plugin MagicLeap
LogPluginManager: Mounting plugin MagicLeapMedia
LogPluginManager: Mounting plugin AndroidMedia
LogPluginManager: Mounting plugin AvfMedia
LogPluginManager: Mounting plugin ImgMedia
LogPluginManager: Mounting plugin LinearTimecode
LogPluginManager: Mounting plugin MediaCompositing
LogPluginManager: Mounting plugin MediaPlayerEditor
LogPluginManager: Mounting plugin WebMMedia
LogPluginManager: Mounting plugin WmfMedia
LogPluginManager: Mounting plugin TcpMessaging
LogPluginManager: Mounting plugin UdpMessaging
LogPluginManager: Mounting plugin ActorSequence
LogPluginManager: Mounting plugin LevelSequenceEditor
LogPluginManager: Mounting plugin MatineeToLevelSequence
LogPluginManager: Mounting plugin NetcodeUnitTest
LogPluginManager: Mounting plugin NUTUnrealEngine4
LogPluginManager: Mounting plugin OnlineSubsystemGooglePlay
LogPluginManager: Mounting plugin OnlineSubsystemIOS
LogPluginManager: Mounting plugin OnlineSubsystem
LogPluginManager: Mounting plugin OnlineSubsystemNull
LogPluginManager: Mounting plugin OnlineSubsystemUtils
LogPluginManager: Mounting plugin LauncherChunkInstaller
LogPluginManager: Mounting plugin AndroidDeviceProfileSelector
LogPluginManager: Mounting plugin AndroidMoviePlayer
LogPluginManager: Mounting plugin AndroidPermission
LogPluginManager: Mounting plugin AppleMoviePlayer
LogPluginManager: Mounting plugin ArchVisCharacter
LogPluginManager: Mounting plugin AudioCapture
LogPluginManager: Mounting plugin CableComponent
LogPluginManager: Mounting plugin CustomMeshComponent
LogPluginManager: Mounting plugin EditableMesh
LogPluginManager: Mounting plugin ExampleDeviceProfileSelector
LogPluginManager: Mounting plugin Firebase
LogPluginManager: Mounting plugin GoogleCloudMessaging
LogPluginManager: Mounting plugin IOSDeviceProfileSelector
LogPluginManager: Mounting plugin LinuxDeviceProfileSelector
LogPluginManager: Mounting plugin LocationServicesBPLibrary
LogPluginManager: Mounting plugin MobilePatchingUtils
LogPluginManager: Mounting plugin OculusVR
LogPluginManager: Mounting plugin PhysXVehicles
LogPluginManager: Mounting plugin ProceduralMeshComponent
LogPluginManager: Mounting plugin RuntimePhysXCooking
LogPluginManager: Mounting plugin SteamVR
LogPluginManager: Mounting plugin WebMMoviePlayer
LogPluginManager: Mounting plugin WindowsMoviePlayer
LogStreaming: Display: Took  0.322s to configure plugins.
LogInit: Using libcurl 7.55.1-DEV
LogInit:  - built for x86_64-pc-win32
LogInit:  - supports SSL with OpenSSL/1.0.2h
LogInit:  - supports HTTP deflate (compression) using libz 1.2.8
LogInit:  - other features:
LogInit:      CURL_VERSION_SSL
LogInit:      CURL_VERSION_LIBZ
LogInit:      CURL_VERSION_IPV6
LogInit:      CURL_VERSION_ASYNCHDNS
LogInit:      CURL_VERSION_LARGEFILE
LogInit:      CURL_VERSION_IDN
LogInit:  CurlRequestOptions (configurable via config and command line):
LogInit:  - bVerifyPeer = true  - Libcurl will verify peer certificate
LogInit:  - bUseHttpProxy = false  - Libcurl will NOT use HTTP proxy
LogInit:  - bDontReuseConnections = false  - Libcurl will reuse connections
LogInit:  - MaxHostConnections = 16  - Libcurl will limit the number of connections to a host
LogInit:  - LocalHostAddr = Default
LogInit:  - BufferSize = 65536
LogInit: WinSock: version 1.1 (2.2), MaxSocks=32767, MaxUdp=65467
LogInit: Build: ++UE4+Release-4.21-CL-4753647
LogInit: Engine Version: 4.21.2-4753647+++UE4+Release-4.21
LogInit: Compatible Engine Version: 4.21.0-4541578+++UE4+Release-4.21
LogInit: Net CL: 4541578
LogInit: OS: Windows 10 (), CPU: AMD Ryzen 5 2500U with Radeon Vega Mobile Gfx  , GPU: AMD Radeon(TM) Vega 8 Graphics
LogInit: Compiled (64-bit): Jan 19 2019 02:07:31
LogInit: Compiled with Visual C++: 19.13.26129.00
LogInit: Build Configuration: Development
LogInit: Branch Name: ++UE4+Release-4.21
LogInit: Command Line: 
LogInit: Base Directory: C:/Program Files/Epic Games/UE_4.21/Engine/Binaries/Win64/
LogInit: Installed Engine Build: 1
LogDevObjectVersion: Number of dev versions registered: 22
LogDevObjectVersion:   Dev-Blueprints (B0D832E4-1F89-4F0D-ACCF-7EB736FD4AA2): 10
LogDevObjectVersion:   Dev-Build (E1C64328-A22C-4D53-A36C-8E866417BD8C): 0
LogDevObjectVersion:   Dev-Core (375EC13C-06E4-48FB-B500-84F0262A717E): 2
LogDevObjectVersion:   Dev-Editor (E4B068ED-F494-42E9-A231-DA0B2E46BB41): 26
LogDevObjectVersion:   Dev-Framework (CFFC743F-43B0-4480-9391-14DF171D2073): 34
LogDevObjectVersion:   Dev-Mobile (B02B49B5-BB20-44E9-A304-32B752E40360): 2
LogDevObjectVersion:   Dev-Networking (A4E4105C-59A1-49B5-A7C5-40C4547EDFEE): 0
LogDevObjectVersion:   Dev-Online (39C831C9-5AE6-47DC-9A44-9C173E1C8E7C): 0
LogDevObjectVersion:   Dev-Physics (78F01B33-EBEA-4F98-B9B4-84EACCB95AA2): 0
LogDevObjectVersion:   Dev-Platform (6631380F-2D4D-43E0-8009-CF276956A95A): 0
LogDevObjectVersion:   Dev-Rendering (12F88B9F-8875-4AFC-A67C-D90C383ABD29): 27
LogDevObjectVersion:   Dev-Sequencer (7B5AE74C-D270-4C10-A958-57980B212A5A): 9
LogDevObjectVersion:   Dev-VR (D7296918-1DD6-4BDD-9DE2-64A83CC13884): 2
LogDevObjectVersion:   Dev-LoadTimes (C2A15278-BFE7-4AFE-6C17-90FF531DF755): 1
LogDevObjectVersion:   Private-Geometry (6EACA3D4-40EC-4CC1-B786-8BED09428FC5): 3
LogDevObjectVersion:   Dev-AnimPhys (29E575DD-E0A3-4627-9D10-D276232CDCEA): 17
LogDevObjectVersion:   Dev-Anim (AF43A65D-7FD3-4947-9873-3E8ED9C1BB05): 2
LogDevObjectVersion:   Dev-ReflectionCapture (6B266CEC-1EC7-4B8F-A30B-E4D90942FC07): 1
LogDevObjectVersion:   Dev-Automation (0DF73D61-A23F-47EA-B727-89E90C41499A): 1
LogDevObjectVersion:   FortniteMain (601D1886-AC64-4F84-AA16-D3DE0DEAC7D6): 17
LogDevObjectVersion:   Dev-Enterprise (9DFFBCD6-494F-0158-E221-12823C92A888): 4
LogDevObjectVersion:   Dev-Niagara (F2AED0AC-9AFE-416F-8664-AA7FFA26D6FC): 1
LogStreaming: Display: Took  0.055s to delete old logs.
LogInit: Presizing for max 8388607 objects, including 0 objects not considered by GC, pre-allocating 0 bytes for permanent pool.
LogInit: Object subsystem initialized
LogConfig: Setting CVar [[con.DebugEarlyDefault:1]]
LogConfig: Setting CVar [[r.setres:1280x720]]
[2019.04.16-22.21.03:497][  0]LogConfig: Setting CVar [[r.VSync:0]]
[2019.04.16-22.21.03:497][  0]LogConfig: Setting CVar [[r.RHICmdBypass:0]]
[2019.04.16-22.21.03:497][  0]LogConfig: Applying CVar settings from Section [/Script/Engine.RendererSettings] File [C:/Users/jonfr/Documents/GitHub/Blaster-Unreal/Blaster/Saved/Config/Windows/Engine.ini]
[2019.04.16-22.21.03:497][  0]LogConfig: Setting CVar [[r.GPUCrashDebugging:0]]
[2019.04.16-22.21.03:497][  0]LogConfig: Applying CVar settings from Section [/Script/Engine.RendererOverrideSettings] File [C:/Users/jonfr/Documents/GitHub/Blaster-Unreal/Blaster/Saved/Config/Windows/Engine.ini]
[2019.04.16-22.21.03:497][  0]LogConfig: Applying CVar settings from Section [/Script/Engine.StreamingSettings] File [C:/Users/jonfr/Documents/GitHub/Blaster-Unreal/Blaster/Saved/Config/Windows/Engine.ini]
[2019.04.16-22.21.03:497][  0]LogConfig: Setting CVar [[s.MinBulkDataSizeForAsyncLoading:131072]]
[2019.04.16-22.21.03:497][  0]LogConfig: Setting CVar [[s.AsyncLoadingThreadEnabled:0]]
[2019.04.16-22.21.03:497][  0]LogConfig: Setting CVar [[s.EventDrivenLoaderEnabled:1]]
[2019.04.16-22.21.03:497][  0]LogConfig: Setting CVar [[s.WarnIfTimeLimitExceeded:0]]
[2019.04.16-22.21.03:497][  0]LogConfig: Setting CVar [[s.TimeLimitExceededMultiplier:1.5]]
[2019.04.16-22.21.03:497][  0]LogConfig: Setting CVar [[s.TimeLimitExceededMinTime:0.005]]
[2019.04.16-22.21.03:497][  0]LogConfig: Setting CVar [[s.UseBackgroundLevelStreaming:1]]
[2019.04.16-22.21.03:497][  0]LogConfig: Setting CVar [[s.PriorityAsyncLoadingExtraTime:15.0]]
[2019.04.16-22.21.03:497][  0]LogConfig: Setting CVar [[s.LevelStreamingActorsUpdateTimeLimit:5.0]]
[2019.04.16-22.21.03:497][  0]LogConfig: Setting CVar [[s.PriorityLevelStreamingActorsUpdateExtraTime:5.0]]
[2019.04.16-22.21.03:497][  0]LogConfig: Setting CVar [[s.LevelStreamingComponentsRegistrationGranularity:10]]
[2019.04.16-22.21.03:497][  0]LogConfig: Setting CVar [[s.UnregisterComponentsTimeLimit:1.0]]
[2019.04.16-22.21.03:497][  0]LogConfig: Setting CVar [[s.LevelStreamingComponentsUnregistrationGranularity:5]]
[2019.04.16-22.21.03:497][  0]LogConfig: Applying CVar settings from Section [/Script/Engine.GarbageCollectionSettings] File [C:/Users/jonfr/Documents/GitHub/Blaster-Unreal/Blaster/Saved/Config/Windows/Engine.ini]
[2019.04.16-22.21.03:497][  0]LogConfig: Setting CVar [[gc.MaxObjectsNotConsideredByGC:1]]
[2019.04.16-22.21.03:497][  0]LogConfig: Setting CVar [[gc.SizeOfPermanentObjectPool:0]]
[2019.04.16-22.21.03:497][  0]LogConfig: Setting CVar [[gc.FlushStreamingOnGC:0]]
[2019.04.16-22.21.03:497][  0]LogConfig: Setting CVar [[gc.NumRetriesBeforeForcingGC:10]]
[2019.04.16-22.21.03:497][  0]LogConfig: Setting CVar [[gc.AllowParallelGC:1]]
[2019.04.16-22.21.03:497][  0]LogConfig: Setting CVar [[gc.TimeBetweenPurgingPendingKillObjects:61.1]]
[2019.04.16-22.21.03:498][  0]LogConfig: Setting CVar [[gc.MaxObjectsInEditor:8388607]]
[2019.04.16-22.21.03:498][  0]LogConfig: Setting CVar [[gc.IncrementalBeginDestroyEnabled:1]]
[2019.04.16-22.21.03:498][  0]LogConfig: Setting CVar [[gc.CreateGCClusters:1]]
[2019.04.16-22.21.03:498][  0]LogConfig: Setting CVar [[gc.MergeGCClusters:0]]
[2019.04.16-22.21.03:498][  0]LogConfig: Setting CVar [[gc.MinGCClusterSize:5]]
[2019.04.16-22.21.03:498][  0]LogConfig: Setting CVar [[gc.ActorClusteringEnabled:0]]
[2019.04.16-22.21.03:498][  0]LogConfig: Setting CVar [[gc.BlueprintClusteringEnabled:0]]
[2019.04.16-22.21.03:498][  0]LogConfig: Setting CVar [[gc.UseDisregardForGCOnDedicatedServers:0]]
[2019.04.16-22.21.03:498][  0]LogConfig: Applying CVar settings from Section [/Script/Engine.NetworkSettings] File [C:/Users/jonfr/Documents/GitHub/Blaster-Unreal/Blaster/Saved/Config/Windows/Engine.ini]
[2019.04.16-22.21.03:498][  0]LogConfig: Applying CVar settings from Section [/Script/UnrealEd.CookerSettings] File [C:/Users/jonfr/Documents/GitHub/Blaster-Unreal/Blaster/Saved/Config/Windows/Engine.ini]
[2019.04.16-22.21.03:509][  0]LogConfig: Applying CVar settings from Section [ViewDistanceQuality@3] File [C:/Users/jonfr/Documents/GitHub/Blaster-Unreal/Blaster/Saved/Config/Windows/Scalability.ini]
[2019.04.16-22.21.03:509][  0]LogConfig: Setting CVar [[r.SkeletalMeshLODBias:0]]
[2019.04.16-22.21.03:509][  0]LogConfig: Setting CVar [[r.ViewDistanceScale:1.0]]
[2019.04.16-22.21.03:509][  0]LogConfig: Applying CVar settings from Section [AntiAliasingQuality@3] File [C:/Users/jonfr/Documents/GitHub/Blaster-Unreal/Blaster/Saved/Config/Windows/Scalability.ini]
[2019.04.16-22.21.03:509][  0]LogConfig: Setting CVar [[r.PostProcessAAQuality:4]]
[2019.04.16-22.21.03:509][  0]LogConfig: Applying CVar settings from Section [ShadowQuality@3] File [C:/Users/jonfr/Documents/GitHub/Blaster-Unreal/Blaster/Saved/Config/Windows/Scalability.ini]
[2019.04.16-22.21.03:509][  0]LogConfig: Setting CVar [[r.LightFunctionQuality:1]]
[2019.04.16-22.21.03:509][  0]LogConfig: Setting CVar [[r.ShadowQuality:5]]
[2019.04.16-22.21.03:509][  0]LogConfig: Setting CVar [[r.Shadow.CSM.MaxCascades:10]]
[2019.04.16-22.21.03:509][  0]LogConfig: Setting CVar [[r.Shadow.MaxResolution:2048]]
[2019.04.16-22.21.03:509][  0]LogConfig: Setting CVar [[r.Shadow.MaxCSMResolution:2048]]
[2019.04.16-22.21.03:509][  0]LogConfig: Setting CVar [[r.Shadow.RadiusThreshold:0.01]]
[2019.04.16-22.21.03:510][  0]LogConfig: Setting CVar [[r.Shadow.DistanceScale:1.0]]
[2019.04.16-22.21.03:510][  0]LogConfig: Setting CVar [[r.Shadow.CSM.TransitionScale:1.0]]
[2019.04.16-22.21.03:510][  0]LogConfig: Setting CVar [[r.Shadow.PreShadowResolutionFactor:1.0]]
[2019.04.16-22.21.03:510][  0]LogConfig: Setting CVar [[r.DistanceFieldShadowing:1]]
[2019.04.16-22.21.03:510][  0]LogConfig: Setting CVar [[r.DistanceFieldAO:1]]
[2019.04.16-22.21.03:510][  0]LogConfig: Setting CVar [[r.AOQuality:2]]
[2019.04.16-22.21.03:510][  0]LogConfig: Setting CVar [[r.VolumetricFog:1]]
[2019.04.16-22.21.03:510][  0]LogConfig: Setting CVar [[r.VolumetricFog.GridPixelSize:8]]
[2019.04.16-22.21.03:510][  0]LogConfig: Setting CVar [[r.VolumetricFog.GridSizeZ:128]]
[2019.04.16-22.21.03:510][  0]LogConfig: Setting CVar [[r.VolumetricFog.HistoryMissSupersampleCount:4]]
[2019.04.16-22.21.03:510][  0]LogConfig: Setting CVar [[r.LightMaxDrawDistanceScale:1]]
[2019.04.16-22.21.03:510][  0]LogConfig: Setting CVar [[r.CapsuleShadows:1]]
[2019.04.16-22.21.03:510][  0]LogConfig: Applying CVar settings from Section [PostProcessQuality@3] File [C:/Users/jonfr/Documents/GitHub/Blaster-Unreal/Blaster/Saved/Config/Windows/Scalability.ini]
[2019.04.16-22.21.03:510][  0]LogConfig: Setting CVar [[r.MotionBlurQuality:4]]
[2019.04.16-22.21.03:510][  0]LogConfig: Setting CVar [[r.AmbientOcclusionMipLevelFactor:0.4]]
[2019.04.16-22.21.03:511][  0]LogConfig: Setting CVar [[r.AmbientOcclusionMaxQuality:100]]
[2019.04.16-22.21.03:511][  0]LogConfig: Setting CVar [[r.AmbientOcclusionLevels:-1]]
[2019.04.16-22.21.03:511][  0]LogConfig: Setting CVar [[r.AmbientOcclusionRadiusScale:1.0]]
[2019.04.16-22.21.03:511][  0]LogConfig: Setting CVar [[r.DepthOfFieldQuality:2]]
[2019.04.16-22.21.03:511][  0]LogConfig: Setting CVar [[r.RenderTargetPoolMin:400]]
[2019.04.16-22.21.03:511][  0]LogConfig: Setting CVar [[r.LensFlareQuality:2]]
[2019.04.16-22.21.03:511][  0]LogConfig: Setting CVar [[r.SceneColorFringeQuality:1]]
[2019.04.16-22.21.03:511][  0]LogConfig: Setting CVar [[r.EyeAdaptationQuality:2]]
[2019.04.16-22.21.03:511][  0]LogConfig: Setting CVar [[r.BloomQuality:5]]
[2019.04.16-22.21.03:511][  0]LogConfig: Setting CVar [[r.FastBlurThreshold:100]]
[2019.04.16-22.21.03:511][  0]LogConfig: Setting CVar [[r.Upscale.Quality:3]]
[2019.04.16-22.21.03:511][  0]LogConfig: Setting CVar [[r.Tonemapper.GrainQuantization:1]]
[2019.04.16-22.21.03:511][  0]LogConfig: Setting CVar [[r.LightShaftQuality:1]]
[2019.04.16-22.21.03:511][  0]LogConfig: Setting CVar [[r.Filter.SizeScale:1]]
[2019.04.16-22.21.03:511][  0]LogConfig: Setting CVar [[r.Tonemapper.Quality:5]]
[2019.04.16-22.21.03:511][  0]LogConfig: Setting CVar [[r.DOF.Gather.AccumulatorQuality:1        ; higher gathering accumulator quality]]
[2019.04.16-22.21.03:511][  0]LogConfig: Setting CVar [[r.DOF.Gather.PostfilterMethod:1          ; Median3x3 postfilering method]]
[2019.04.16-22.21.03:511][  0]LogConfig: Setting CVar [[r.DOF.Gather.EnableBokehSettings:0       ; no bokeh simulation when gathering]]
[2019.04.16-22.21.03:511][  0]LogConfig: Setting CVar [[r.DOF.Gather.RingCount:4                 ; medium number of samples when gathering]]
[2019.04.16-22.21.03:511][  0]LogConfig: Setting CVar [[r.DOF.Scatter.ForegroundCompositing:1    ; additive foreground scattering]]
[2019.04.16-22.21.03:512][  0]LogConfig: Setting CVar [[r.DOF.Scatter.BackgroundCompositing:2    ; additive background scattering]]
[2019.04.16-22.21.03:512][  0]LogConfig: Setting CVar [[r.DOF.Scatter.EnableBokehSettings:1      ; bokeh simulation when scattering]]
[2019.04.16-22.21.03:512][  0]LogConfig: Setting CVar [[r.DOF.Scatter.MaxSpriteRatio:0.1         ; only a maximum of 10% of scattered bokeh]]
[2019.04.16-22.21.03:512][  0]LogConfig: Setting CVar [[r.DOF.Recombine.Quality:1                ; cheap slight out of focus]]
[2019.04.16-22.21.03:512][  0]LogConfig: Setting CVar [[r.DOF.Recombine.EnableBokehSettings:0    ; no bokeh simulation on slight out of focus]]
[2019.04.16-22.21.03:512][  0]LogConfig: Setting CVar [[r.DOF.TemporalAAQuality:1                ; more stable temporal accumulation]]
[2019.04.16-22.21.03:512][  0]LogConfig: Setting CVar [[r.DOF.Kernel.MaxForegroundRadius:0.025]]
[2019.04.16-22.21.03:512][  0]LogConfig: Setting CVar [[r.DOF.Kernel.MaxBackgroundRadius:0.025]]
[2019.04.16-22.21.03:512][  0]LogConfig: Applying CVar settings from Section [TextureQuality@3] File [C:/Users/jonfr/Documents/GitHub/Blaster-Unreal/Blaster/Saved/Config/Windows/Scalability.ini]
[2019.04.16-22.21.03:512][  0]LogConfig: Setting CVar [[r.Streaming.MipBias:0]]
[2019.04.16-22.21.03:512][  0]LogConfig: Setting CVar [[r.Streaming.AmortizeCPUToGPUCopy:0]]
[2019.04.16-22.21.03:512][  0]LogConfig: Setting CVar [[r.Streaming.MaxNumTexturesToStreamPerFrame:0]]
[2019.04.16-22.21.03:512][  0]LogConfig: Setting CVar [[r.Streaming.Boost:1]]
[2019.04.16-22.21.03:512][  0]LogConfig: Setting CVar [[r.MaxAnisotropy:8]]
[2019.04.16-22.21.03:512][  0]LogConfig: Setting CVar [[r.Streaming.LimitPoolSizeToVRAM:0]]
[2019.04.16-22.21.03:512][  0]LogConfig: Setting CVar [[r.Streaming.PoolSize:1000]]
[2019.04.16-22.21.03:512][  0]LogConfig: Setting CVar [[r.Streaming.MaxEffectiveScreenSize:0]]
[2019.04.16-22.21.03:512][  0]LogConfig: Applying CVar settings from Section [EffectsQuality@3] File [C:/Users/jonfr/Documents/GitHub/Blaster-Unreal/Blaster/Saved/Config/Windows/Scalability.ini]
[2019.04.16-22.21.03:512][  0]LogConfig: Setting CVar [[r.TranslucencyLightingVolumeDim:64]]
[2019.04.16-22.21.03:512][  0]LogConfig: Setting CVar [[r.RefractionQuality:2]]
[2019.04.16-22.21.03:512][  0]LogConfig: Setting CVar [[r.SSR.Quality:3]]
[2019.04.16-22.21.03:512][  0]LogConfig: Setting CVar [[r.SceneColorFormat:4]]
[2019.04.16-22.21.03:512][  0]LogConfig: Setting CVar [[r.DetailMode:2]]
[2019.04.16-22.21.03:512][  0]LogConfig: Setting CVar [[r.TranslucencyVolumeBlur:1]]
[2019.04.16-22.21.03:512][  0]LogConfig: Setting CVar [[r.MaterialQualityLevel:1 ; High quality]]
[2019.04.16-22.21.03:512][  0]LogConfig: Setting CVar [[r.SSS.Scale:1]]
[2019.04.16-22.21.03:512][  0]LogConfig: Setting CVar [[r.SSS.SampleSet:2]]
[2019.04.16-22.21.03:513][  0]LogConfig: Setting CVar [[r.SSS.Quality:1]]
[2019.04.16-22.21.03:513][  0]LogConfig: Setting CVar [[r.SSS.HalfRes:1]]
[2019.04.16-22.21.03:513][  0]LogConfig: Setting CVar [[r.EmitterSpawnRateScale:1.0]]
[2019.04.16-22.21.03:513][  0]LogConfig: Setting CVar [[r.ParticleLightQuality:2]]
[2019.04.16-22.21.03:513][  0]LogConfig: Applying CVar settings from Section [FoliageQuality@3] File [C:/Users/jonfr/Documents/GitHub/Blaster-Unreal/Blaster/Saved/Config/Windows/Scalability.ini]
[2019.04.16-22.21.03:513][  0]LogConfig: Setting CVar [[foliage.DensityScale:1.0]]
[2019.04.16-22.21.03:513][  0]LogConfig: Setting CVar [[grass.DensityScale:1.0]]
[2019.04.16-22.21.03:513][  0]LogInit: Selected Device Profile: [Windows]
[2019.04.16-22.21.03:513][  0]LogInit: Applying CVar settings loaded from the selected device profile: [Windows]
[2019.04.16-22.21.03:543][  0]LogHAL: Display: Platform has ~ 7 GB [7411744768 / 8589934592 / 7], which maps to Smaller [LargestMinGB=32, LargerMinGB=12, DefaultMinGB=8, SmallerMinGB=6, SmallestMinGB=0)
[2019.04.16-22.21.03:543][  0]LogConfig: Setting CVar [[r.Vulkan.UseRealUBs:1]]
[2019.04.16-22.21.03:543][  0]LogInit: Going up to parent DeviceProfile []
[2019.04.16-22.21.03:543][  0]LogConfig: Applying CVar settings from Section [ViewDistanceQuality@3] File [C:/Users/jonfr/Documents/GitHub/Blaster-Unreal/Blaster/Saved/Config/Windows/Scalability.ini]
[2019.04.16-22.21.03:543][  0]LogConfig: Setting CVar [[r.SkeletalMeshLODBias:0]]
[2019.04.16-22.21.03:543][  0]LogConfig: Setting CVar [[r.ViewDistanceScale:1.0]]
[2019.04.16-22.21.03:543][  0]LogConfig: Applying CVar settings from Section [AntiAliasingQuality@3] File [C:/Users/jonfr/Documents/GitHub/Blaster-Unreal/Blaster/Saved/Config/Windows/Scalability.ini]
[2019.04.16-22.21.03:543][  0]LogConfig: Setting CVar [[r.PostProcessAAQuality:4]]
[2019.04.16-22.21.03:543][  0]LogConfig: Applying CVar settings from Section [ShadowQuality@3] File [C:/Users/jonfr/Documents/GitHub/Blaster-Unreal/Blaster/Saved/Config/Windows/Scalability.ini]
[2019.04.16-22.21.03:543][  0]LogConfig: Setting CVar [[r.LightFunctionQuality:1]]
[2019.04.16-22.21.03:543][  0]LogConfig: Setting CVar [[r.ShadowQuality:5]]
[2019.04.16-22.21.03:543][  0]LogConfig: Setting CVar [[r.Shadow.CSM.MaxCascades:10]]
[2019.04.16-22.21.03:543][  0]LogConfig: Setting CVar [[r.Shadow.MaxResolution:2048]]
[2019.04.16-22.21.03:543][  0]LogConfig: Setting CVar [[r.Shadow.MaxCSMResolution:2048]]
[2019.04.16-22.21.03:543][  0]LogConfig: Setting CVar [[r.Shadow.RadiusThreshold:0.01]]
[2019.04.16-22.21.03:544][  0]LogConfig: Setting CVar [[r.Shadow.DistanceScale:1.0]]
[2019.04.16-22.21.03:544][  0]LogConfig: Setting CVar [[r.Shadow.CSM.TransitionScale:1.0]]
[2019.04.16-22.21.03:544][  0]LogConfig: Setting CVar [[r.Shadow.PreShadowResolutionFactor:1.0]]
[2019.04.16-22.21.03:544][  0]LogConfig: Setting CVar [[r.DistanceFieldShadowing:1]]
[2019.04.16-22.21.03:544][  0]LogConfig: Setting CVar [[r.DistanceFieldAO:1]]
[2019.04.16-22.21.03:544][  0]LogConfig: Setting CVar [[r.AOQuality:2]]
[2019.04.16-22.21.03:544][  0]LogConfig: Setting CVar [[r.VolumetricFog:1]]
[2019.04.16-22.21.03:544][  0]LogConfig: Setting CVar [[r.VolumetricFog.GridPixelSize:8]]
[2019.04.16-22.21.03:544][  0]LogConfig: Setting CVar [[r.VolumetricFog.GridSizeZ:128]]
[2019.04.16-22.21.03:544][  0]LogConfig: Setting CVar [[r.VolumetricFog.HistoryMissSupersampleCount:4]]
[2019.04.16-22.21.03:544][  0]LogConfig: Setting CVar [[r.LightMaxDrawDistanceScale:1]]
[2019.04.16-22.21.03:544][  0]LogConfig: Setting CVar [[r.CapsuleShadows:1]]
[2019.04.16-22.21.03:544][  0]LogConfig: Applying CVar settings from Section [PostProcessQuality@3] File [C:/Users/jonfr/Documents/GitHub/Blaster-Unreal/Blaster/Saved/Config/Windows/Scalability.ini]
[2019.04.16-22.21.03:544][  0]LogConfig: Setting CVar [[r.MotionBlurQuality:4]]
[2019.04.16-22.21.03:544][  0]LogConfig: Setting CVar [[r.AmbientOcclusionMipLevelFactor:0.4]]
[2019.04.16-22.21.03:544][  0]LogConfig: Setting CVar [[r.AmbientOcclusionMaxQuality:100]]
[2019.04.16-22.21.03:544][  0]LogConfig: Setting CVar [[r.AmbientOcclusionLevels:-1]]
[2019.04.16-22.21.03:544][  0]LogConfig: Setting CVar [[r.AmbientOcclusionRadiusScale:1.0]]
[2019.04.16-22.21.03:544][  0]LogConfig: Setting CVar [[r.DepthOfFieldQuality:2]]
[2019.04.16-22.21.03:544][  0]LogConfig: Setting CVar [[r.RenderTargetPoolMin:400]]
[2019.04.16-22.21.03:544][  0]LogConfig: Setting CVar [[r.LensFlareQuality:2]]
[2019.04.16-22.21.03:544][  0]LogConfig: Setting CVar [[r.SceneColorFringeQuality:1]]
[2019.04.16-22.21.03:544][  0]LogConfig: Setting CVar [[r.EyeAdaptationQuality:2]]
[2019.04.16-22.21.03:544][  0]LogConfig: Setting CVar [[r.BloomQuality:5]]
[2019.04.16-22.21.03:544][  0]LogConfig: Setting CVar [[r.FastBlurThreshold:100]]
[2019.04.16-22.21.03:544][  0]LogConfig: Setting CVar [[r.Upscale.Quality:3]]
[2019.04.16-22.21.03:544][  0]LogConfig: Setting CVar [[r.Tonemapper.GrainQuantization:1]]
[2019.04.16-22.21.03:544][  0]LogConfig: Setting CVar [[r.LightShaftQuality:1]]
[2019.04.16-22.21.03:544][  0]LogConfig: Setting CVar [[r.Filter.SizeScale:1]]
[2019.04.16-22.21.03:544][  0]LogConfig: Setting CVar [[r.Tonemapper.Quality:5]]
[2019.04.16-22.21.03:544][  0]LogConfig: Setting CVar [[r.DOF.Gather.AccumulatorQuality:1        ; higher gathering accumulator quality]]
[2019.04.16-22.21.03:544][  0]LogConfig: Setting CVar [[r.DOF.Gather.PostfilterMethod:1          ; Median3x3 postfilering method]]
[2019.04.16-22.21.03:544][  0]LogConfig: Setting CVar [[r.DOF.Gather.EnableBokehSettings:0       ; no bokeh simulation when gathering]]
[2019.04.16-22.21.03:544][  0]LogConfig: Setting CVar [[r.DOF.Gather.RingCount:4                 ; medium number of samples when gathering]]
[2019.04.16-22.21.03:544][  0]LogConfig: Setting CVar [[r.DOF.Scatter.ForegroundCompositing:1    ; additive foreground scattering]]
[2019.04.16-22.21.03:545][  0]LogConfig: Setting CVar [[r.DOF.Scatter.BackgroundCompositing:2    ; additive background scattering]]
[2019.04.16-22.21.03:545][  0]LogConfig: Setting CVar [[r.DOF.Scatter.EnableBokehSettings:1      ; bokeh simulation when scattering]]
[2019.04.16-22.21.03:545][  0]LogConfig: Setting CVar [[r.DOF.Scatter.MaxSpriteRatio:0.1         ; only a maximum of 10% of scattered bokeh]]
[2019.04.16-22.21.03:545][  0]LogConfig: Setting CVar [[r.DOF.Recombine.Quality:1                ; cheap slight out of focus]]
[2019.04.16-22.21.03:545][  0]LogConfig: Setting CVar [[r.DOF.Recombine.EnableBokehSettings:0    ; no bokeh simulation on slight out of focus]]
[2019.04.16-22.21.03:545][  0]LogConfig: Setting CVar [[r.DOF.TemporalAAQuality:1                ; more stable temporal accumulation]]
[2019.04.16-22.21.03:545][  0]LogConfig: Setting CVar [[r.DOF.Kernel.MaxForegroundRadius:0.025]]
[2019.04.16-22.21.03:545][  0]LogConfig: Setting CVar [[r.DOF.Kernel.MaxBackgroundRadius:0.025]]
[2019.04.16-22.21.03:545][  0]LogConfig: Applying CVar settings from Section [TextureQuality@3] File [C:/Users/jonfr/Documents/GitHub/Blaster-Unreal/Blaster/Saved/Config/Windows/Scalability.ini]
[2019.04.16-22.21.03:545][  0]LogConfig: Setting CVar [[r.Streaming.MipBias:0]]
[2019.04.16-22.21.03:545][  0]LogConfig: Setting CVar [[r.Streaming.AmortizeCPUToGPUCopy:0]]
[2019.04.16-22.21.03:545][  0]LogConfig: Setting CVar [[r.Streaming.MaxNumTexturesToStreamPerFrame:0]]
[2019.04.16-22.21.03:545][  0]LogConfig: Setting CVar [[r.Streaming.Boost:1]]
[2019.04.16-22.21.03:545][  0]LogConfig: Setting CVar [[r.MaxAnisotropy:8]]
[2019.04.16-22.21.03:545][  0]LogConfig: Setting CVar [[r.Streaming.LimitPoolSizeToVRAM:0]]
[2019.04.16-22.21.03:545][  0]LogConfig: Setting CVar [[r.Streaming.PoolSize:1000]]
[2019.04.16-22.21.03:545][  0]LogConfig: Setting CVar [[r.Streaming.MaxEffectiveScreenSize:0]]
[2019.04.16-22.21.03:545][  0]LogConfig: Applying CVar settings from Section [EffectsQuality@3] File [C:/Users/jonfr/Documents/GitHub/Blaster-Unreal/Blaster/Saved/Config/Windows/Scalability.ini]
[2019.04.16-22.21.03:545][  0]LogConfig: Setting CVar [[r.TranslucencyLightingVolumeDim:64]]
[2019.04.16-22.21.03:545][  0]LogConfig: Setting CVar [[r.RefractionQuality:2]]
[2019.04.16-22.21.03:545][  0]LogConfig: Setting CVar [[r.SSR.Quality:3]]
[2019.04.16-22.21.03:545][  0]LogConfig: Setting CVar [[r.SceneColorFormat:4]]
[2019.04.16-22.21.03:545][  0]LogConfig: Setting CVar [[r.DetailMode:2]]
[2019.04.16-22.21.03:545][  0]LogConfig: Setting CVar [[r.TranslucencyVolumeBlur:1]]
[2019.04.16-22.21.03:545][  0]LogConfig: Setting CVar [[r.MaterialQualityLevel:1 ; High quality]]
[2019.04.16-22.21.03:545][  0]LogConfig: Setting CVar [[r.SSS.Scale:1]]
[2019.04.16-22.21.03:545][  0]LogConfig: Setting CVar [[r.SSS.SampleSet:2]]
[2019.04.16-22.21.03:545][  0]LogConfig: Setting CVar [[r.SSS.Quality:1]]
[2019.04.16-22.21.03:545][  0]LogConfig: Setting CVar [[r.SSS.HalfRes:1]]
[2019.04.16-22.21.03:545][  0]LogConfig: Setting CVar [[r.EmitterSpawnRateScale:1.0]]
[2019.04.16-22.21.03:545][  0]LogConfig: Setting CVar [[r.ParticleLightQuality:2]]
[2019.04.16-22.21.03:545][  0]LogConfig: Applying CVar settings from Section [FoliageQuality@3] File [C:/Users/jonfr/Documents/GitHub/Blaster-Unreal/Blaster/Saved/Config/Windows/Scalability.ini]
[2019.04.16-22.21.03:545][  0]LogConfig: Setting CVar [[foliage.DensityScale:1.0]]
[2019.04.16-22.21.03:546][  0]LogConfig: Setting CVar [[grass.DensityScale:1.0]]
[2019.04.16-22.21.03:546][  0]LogConfig: Applying CVar settings from Section [Startup] File [../../../Engine/Config/ConsoleVariables.ini]
[2019.04.16-22.21.03:553][  0]LogConfig: Setting CVar [[net.UseAdaptiveNetUpdateFrequency:0]]
[2019.04.16-22.21.03:553][  0]LogConfig: Applying CVar settings from Section [ConsoleVariables] File [C:/Users/jonfr/Documents/GitHub/Blaster-Unreal/Blaster/Saved/Config/Windows/Engine.ini]
[2019.04.16-22.21.03:554][  0]LogInit: Computer: LAPTOP-GLAOME3P
[2019.04.16-22.21.03:554][  0]LogInit: User: jonfr
[2019.04.16-22.21.03:554][  0]LogInit: CPU Page size=4096, Cores=4
[2019.04.16-22.21.03:554][  0]LogInit: High frequency timer resolution =1.949460 MHz
[2019.04.16-22.21.03:554][  0]LogMemory: Memory total: Physical=6.9GB (7GB approx)
[2019.04.16-22.21.03:555][  0]LogMemory: Platform Memory Stats for Windows
[2019.04.16-22.21.03:555][  0]LogMemory: Process Physical Memory: 103.21 MB used, 103.21 MB peak
[2019.04.16-22.21.03:555][  0]LogMemory: Process Virtual Memory: 89.70 MB used, 89.70 MB peak
[2019.04.16-22.21.03:555][  0]LogMemory: Physical Memory: 5222.18 MB used,  1846.21 MB free, 7068.39 MB total
[2019.04.16-22.21.03:555][  0]LogMemory: Virtual Memory: 4651.16 MB used,  134213080.00 MB free, 134217728.00 MB total
[2019.04.16-22.21.03:614][  0]LogInit: Using OS detected language (en-US).
[2019.04.16-22.21.03:614][  0]LogInit: Using OS detected locale (en-US).
[2019.04.16-22.21.03:617][  0]LogTextLocalizationManager: No specific localization for 'en-US' exists, so the 'en' localization will be used.
[2019.04.16-22.21.04:793][  0]LogStreaming: Display: Took  1.179s to InitEngineTextLocalization.
[2019.04.16-22.21.04:794][  0]LogInit: Setting process to per monitor DPI aware
[2019.04.16-22.21.05:015][  0]LogSlate: New Slate User Created.  User Index 0, Is Virtual User: 0
[2019.04.16-22.21.05:015][  0]LogSlate: Slate User Registered.  User Index 0, Is Virtual User: 0
[2019.04.16-22.21.05:697][  0]LogHMD: Failed to initialize OpenVR with code 110
[2019.04.16-22.21.05:697][  0]LogD3D11RHI: D3D11 adapters:
[2019.04.16-22.21.05:743][  0]LogD3D11RHI:    0. 'AMD Radeon(TM) Vega 8 Graphics' (Feature Level 11_0)
[2019.04.16-22.21.05:743][  0]LogD3D11RHI:       1009/0/3534 MB DedicatedVideo/DedicatedSystem/SharedSystem, Outputs:1, VendorId:0x1002
[2019.04.16-22.21.06:367][  0]LogD3D11RHI:    1. 'Radeon RX 560X Series' (Feature Level 11_0)
[2019.04.16-22.21.06:367][  0]LogD3D11RHI:       4078/0/3534 MB DedicatedVideo/DedicatedSystem/SharedSystem, Outputs:0, VendorId:0x1002
[2019.04.16-22.21.06:376][  0]LogD3D11RHI:    2. 'Microsoft Basic Render Driver' (Feature Level 11_0)
[2019.04.16-22.21.06:377][  0]LogD3D11RHI:       0/0/3534 MB DedicatedVideo/DedicatedSystem/SharedSystem, Outputs:0, VendorId:0x1414
[2019.04.16-22.21.06:377][  0]LogD3D11RHI: Chosen D3D11 Adapter: 0
[2019.04.16-22.21.06:403][  0]LogD3D11RHI: Creating new Direct3DDevice
[2019.04.16-22.21.06:404][  0]LogD3D11RHI:     GPU DeviceId: 0x15dd (for the marketing name, search the web for "GPU Device Id")
[2019.04.16-22.21.06:404][  0]LogWindows: EnumDisplayDevices:
[2019.04.16-22.21.06:404][  0]LogWindows:    0. 'AMD Radeon(TM) Vega 8 Graphics' (P:1 D:1)
[2019.04.16-22.21.06:405][  0]LogWindows:    1. 'AMD Radeon(TM) Vega 8 Graphics' (P:0 D:0)
[2019.04.16-22.21.06:406][  0]LogWindows: DebugString: FoundDriverCount:2 
[2019.04.16-22.21.06:406][  0]LogD3D11RHI:     Adapter Name: AMD Radeon(TM) Vega 8 Graphics
[2019.04.16-22.21.06:406][  0]LogD3D11RHI:   Driver Version: Crimson ReLive 17.7 (internal:23.20.826.3072, unified:23.20.826.3072)
[2019.04.16-22.21.06:406][  0]LogD3D11RHI:      Driver Date: 6-16-2018
[2019.04.16-22.21.06:406][  0]LogRHI: Texture pool is 706 MB (70% of 1009 MB)
[2019.04.16-22.21.06:498][  0]LogD3D11RHI: Async texture creation enabled
[2019.04.16-22.21.06:516][  0]LogD3D11RHI: GPU Timing Frequency: 25.000000 (Debug: 2 1)
[2019.04.16-22.21.07:544][  0]LogTemp: Display: Loaded TP AllDesktopTargetPlatform
[2019.04.16-22.21.07:586][  0]LogTemp: Display: Loaded TP MacClientTargetPlatform
[2019.04.16-22.21.07:631][  0]LogTemp: Display: Loaded TP MacNoEditorTargetPlatform
[2019.04.16-22.21.07:677][  0]LogTemp: Display: Loaded TP MacServerTargetPlatform
[2019.04.16-22.21.07:722][  0]LogTemp: Display: Loaded TP MacTargetPlatform
[2019.04.16-22.21.07:778][  0]LogTemp: Display: Loaded TP WindowsClientTargetPlatform
[2019.04.16-22.21.07:823][  0]LogTemp: Display: Loaded TP WindowsNoEditorTargetPlatform
[2019.04.16-22.21.07:866][  0]LogTemp: Display: Loaded TP WindowsServerTargetPlatform
[2019.04.16-22.21.07:900][  0]LogTemp: Display: Loaded TP WindowsTargetPlatform
[2019.04.16-22.21.08:160][  0]LogTemp: Display: Loaded TP AndroidTargetPlatform
[2019.04.16-22.21.08:160][  0]LogTemp: Display: Loaded TP AndroidTargetPlatform
[2019.04.16-22.21.08:160][  0]LogTemp: Display: Loaded TP AndroidTargetPlatform
[2019.04.16-22.21.08:160][  0]LogTemp: Display: Loaded TP AndroidTargetPlatform
[2019.04.16-22.21.08:160][  0]LogTemp: Display: Loaded TP AndroidTargetPlatform
[2019.04.16-22.21.08:160][  0]LogTemp: Display: Loaded TP AndroidTargetPlatform
[2019.04.16-22.21.08:160][  0]LogTemp: Display: Loaded TP AndroidTargetPlatform
[2019.04.16-22.21.08:160][  0]LogTemp: Display: Loaded TP AndroidTargetPlatform
[2019.04.16-22.21.08:160][  0]LogTemp: Display: Loaded TP AndroidTargetPlatform
[2019.04.16-22.21.08:160][  0]LogTemp: Display: Loaded TP AndroidTargetPlatform
[2019.04.16-22.21.08:160][  0]LogTemp: Display: Loaded TP AndroidTargetPlatform
[2019.04.16-22.21.08:160][  0]LogTemp: Display: Loaded TP AndroidTargetPlatform
[2019.04.16-22.21.08:160][  0]LogTemp: Display: Loaded TP AndroidTargetPlatform
[2019.04.16-22.21.08:160][  0]LogTemp: Display: Loaded TP AndroidTargetPlatform
[2019.04.16-22.21.08:160][  0]LogTemp: Display: Loaded TP AndroidTargetPlatform
[2019.04.16-22.21.08:160][  0]LogTemp: Display: Loaded TP AndroidTargetPlatform
[2019.04.16-22.21.08:160][  0]LogTemp: Display: Loaded TP AndroidTargetPlatform
[2019.04.16-22.21.08:160][  0]LogTemp: Display: Loaded TP AndroidTargetPlatform
[2019.04.16-22.21.08:165][  0]LogTemp: Display: Loaded TP HTML5TargetPlatform
[2019.04.16-22.21.08:294][  0]LogTemp: Display: Loaded TP IOSTargetPlatform
[2019.04.16-22.21.08:294][  0]LogTemp: Display: Loaded TP IOSTargetPlatform
[2019.04.16-22.21.08:365][  0]LogTemp: Display: Loaded TP TVOSTargetPlatform
[2019.04.16-22.21.08:366][  0]LogTemp: Display: Loaded TP TVOSTargetPlatform
[2019.04.16-22.21.08:404][  0]LogTemp: Display: Loaded TP LinuxClientTargetPlatform
[2019.04.16-22.21.08:440][  0]LogTemp: Display: Loaded TP LinuxNoEditorTargetPlatform
[2019.04.16-22.21.08:481][  0]LogTemp: Display: Loaded TP LinuxServerTargetPlatform
[2019.04.16-22.21.08:528][  0]LogTemp: Display: Loaded TP LinuxTargetPlatform
[2019.04.16-22.21.08:672][  0]LogTemp: Display: Loaded TP LuminTargetPlatform
[2019.04.16-22.21.08:672][  0]LogTemp: Display: Loaded TP LuminTargetPlatform
[2019.04.16-22.21.08:672][  0]LogTargetPlatformManager: Display: Building Assets For Windows
[2019.04.16-22.21.08:905][  0]LogShaderCompilers: Guid format shader working directory is -24 characters bigger than the processId version (../../../../../../Users/jonfr/Documents/GitHub/Blaster-Unreal/Blaster/Intermediate/Shaders/WorkingDirectory/13188/).
[2019.04.16-22.21.08:906][  0]LogShaderCompilers: Cleaned the shader compiler working directory 'C:/Users/jonfr/AppData/Local/Temp/UnrealShaderWorkingDir/1120451D4335348104C0F7A549BB3525/'.
[2019.04.16-22.21.08:913][  0]LogXGEController: Cannot use XGE Controller as Incredibuild is not installed on this machine.
[2019.04.16-22.21.08:913][  0]LogShaderCompilers: Cannot use XGE Shader Compiler as Incredibuild is not installed on this machine.
[2019.04.16-22.21.08:913][  0]LogShaderCompilers: Display: Using Local Shader Compiler.
[2019.04.16-22.21.10:484][  0]LogDerivedDataCache: Display: Max Cache Size: 512 MB
[2019.04.16-22.21.10:598][  0]LogDerivedDataCache: Loaded boot cache 0.11s 71MB C:/Users/jonfr/AppData/Local/UnrealEngine/4.21/DerivedDataCache/Boot.ddc.
[2019.04.16-22.21.10:598][  0]LogDerivedDataCache: Display: Loaded Boot cache: C:/Users/jonfr/AppData/Local/UnrealEngine/4.21/DerivedDataCache/Boot.ddc
[2019.04.16-22.21.10:598][  0]LogDerivedDataCache: FDerivedDataBackendGraph:  Pak pak cache file ../../../../../../Users/jonfr/Documents/GitHub/Blaster-Unreal/Blaster/DerivedDataCache/DDC.ddp not found, will not use a pak cache.
[2019.04.16-22.21.10:598][  0]LogDerivedDataCache: Unable to find inner node Pak for hierarchical cache Hierarchy.
[2019.04.16-22.21.10:598][  0]LogDerivedDataCache: FDerivedDataBackendGraph:  CompressedPak pak cache file ../../../../../../Users/jonfr/Documents/GitHub/Blaster-Unreal/Blaster/DerivedDataCache/Compressed.ddp not found, will not use a pak cache.
[2019.04.16-22.21.10:598][  0]LogDerivedDataCache: Unable to find inner node CompressedPak for hierarchical cache Hierarchy.
[2019.04.16-22.21.10:646][  0]LogDerivedDataCache: Display: Pak cache opened for reading ../../../Engine/DerivedDataCache/Compressed.ddp.
[2019.04.16-22.21.10:647][  0]LogDerivedDataCache: FDerivedDataBackendGraph:  EnterprisePak pak cache file ../../../Enterprise/DerivedDataCache/Compressed.ddp not found, will not use a pak cache.
[2019.04.16-22.21.10:647][  0]LogDerivedDataCache: Unable to find inner node EnterprisePak for hierarchical cache Hierarchy.
[2019.04.16-22.21.10:662][  0]LogDerivedDataCache: Using Local data cache path C:/Users/jonfr/AppData/Local/UnrealEngine/Common/DerivedDataCache: Writable
[2019.04.16-22.21.10:662][  0]LogDerivedDataCache: Shared data cache path not found in *engine.ini, will not use an Shared cache.
[2019.04.16-22.21.10:662][  0]LogDerivedDataCache: Unable to find inner node Shared for hierarchical cache Hierarchy.
[2019.04.16-22.21.10:721][  0]LogMaterial: Verifying Global Shaders for PCD3D_SM5
[2019.04.16-22.21.10:725][  0]LogSlate: Using FreeType 2.6.0
[2019.04.16-22.21.10:737][  0]LogSlate: SlateFontServices - WITH_FREETYPE: 1, WITH_HARFBUZZ: 1
[2019.04.16-22.21.10:993][  0]LogAssetRegistry: FAssetRegistry took 0.0592 seconds to start up
[2019.04.16-22.21.12:036][  0]LogInit: Selected Device Profile: [Windows]
[2019.04.16-22.21.12:482][  0]LogSimplygon: Simplygon DLL not present - disabling.
[2019.04.16-22.21.12:505][  0]LogMeshReduction: Using SimplygonSwarm for distributed automatic mesh merging
[2019.04.16-22.21.12:505][  0]LogMeshReduction: Using ProxyLODMeshReduction for automatic mesh merging
[2019.04.16-22.21.12:505][  0]LogMeshReduction: Using QuadricMeshReduction for automatic static mesh reduction
[2019.04.16-22.21.12:505][  0]LogMeshReduction: No automatic skeletal mesh reduction module available
[2019.04.16-22.21.12:552][  0]LogNetVersion: Blaster 1.0.0, NetCL: 4541578, EngineNetVer: 5, GameNetVer: 0 (Checksum: 1403131496)
[2019.04.16-22.21.14:063][  0]LogPackageLocalizationCache: Processed 11 localized package path(s) for 2 prioritized culture(s) in 0.343179 seconds
[2019.04.16-22.21.14:081][  0]LogUObjectArray: 39775 objects as part of root set at end of initial load.
[2019.04.16-22.21.14:082][  0]LogUObjectAllocator: 6914664 out of 0 bytes used by permanent object pool.
[2019.04.16-22.21.14:082][  0]LogUObjectArray: CloseDisregardForGC: 0/0 objects in disregard for GC pool
[2019.04.16-22.21.17:131][  0]LogTcpMessaging: Initializing TcpMessaging bridge
[2019.04.16-22.21.17:151][  0]LogUdpMessaging: Initializing bridge on interface 0.0.0.0:0 to multicast group 230.0.0.1:6666.
[2019.04.16-22.21.19:265][  0]SourceControl: Source control is disabled
[2019.04.16-22.21.19:265][  0]SourceControl: Source control is disabled
[2019.04.16-22.21.19:270][  0]SourceControl: Source control is disabled
[2019.04.16-22.21.19:274][  0]SourceControl: Source control is disabled
[2019.04.16-22.21.19:680][  0]LogAndroidPermission: UAndroidPermissionCallbackProxy::GetInstance
[2019.04.16-22.21.19:864][  0]LogOcInput: OculusInput pre-init called
[2019.04.16-22.21.20:155][  0]LogEngine: Initializing Engine...
[2019.04.16-22.21.20:158][  0]LogHMD: Failed to initialize OpenVR with code 110
[2019.04.16-22.21.20:163][  0]LogStats: UGameplayTagsManager::ConstructGameplayTagTree: ImportINI prefixes -  0.000 s
[2019.04.16-22.21.20:163][  0]LogStats: UGameplayTagsManager::ConstructGameplayTagTree: Construct from data asset -  0.000 s
[2019.04.16-22.21.20:164][  0]LogStats: UGameplayTagsManager::ConstructGameplayTagTree: ImportINI -  0.000 s
[2019.04.16-22.21.20:164][  0]LogStats: UGameplayTagsManager::ConstructGameplayTagTree: GameplayTagTreeChangedEvent.Broadcast -  0.000 s
[2019.04.16-22.21.20:803][  0]LogInit: Initializing FReadOnlyCVARCache
[2019.04.16-22.21.20:864][  0]LogAIModule: Creating AISystem for world Untitled
[2019.04.16-22.21.20:886][  0]LogInit: XAudio2 using 'Speakers (2- Realtek High Definition Audio)' : 2 channels at 48 kHz using 32 bits per sample (channel mask 0x3)
[2019.04.16-22.21.20:941][  0]LogInit: FAudioDevice initialized.
[2019.04.16-22.21.20:941][  0]LogNetVersion: Set ProjectVersion to 1.0.0.0. Version Checksum will be recalculated on next use.
[2019.04.16-22.21.21:434][  0]LogDerivedDataCache: Saved boot cache 0.49s 71MB C:/Users/jonfr/AppData/Local/UnrealEngine/4.21/DerivedDataCache/Boot.ddc.
[2019.04.16-22.21.21:451][  0]LogInit: Texture streaming: Enabled
[2019.04.16-22.21.21:586][  0]LogEngineSessionManager: EngineSessionManager initialized
[2019.04.16-22.21.21:694][  0]LogInit: Transaction tracking system initialized
[2019.04.16-22.21.21:791][  0]BlueprintLog: New page: Editor Load
[2019.04.16-22.21.22:100][  0]LocalizationService: Localization service is disabled
[2019.04.16-22.21.23:468][  0]LogFileCache: Scanning file cache for directory 'C:/Users/jonfr/Documents/GitHub/Blaster-Unreal/Blaster/Content/' took 0.04s
[2019.04.16-22.21.23:468][  0]LogCook: Display: Max memory allowance for cook 16384mb min free memory 0mb
[2019.04.16-22.21.23:468][  0]LogCook: Display: Mobile HDR setting 1
[2019.04.16-22.21.23:478][  0]LogGameplayTags: Display: UGameplayTagsManager::DoneAddingNativeTags. DelegateIsBound: 0
[2019.04.16-22.21.23:479][  0]LogStats: UGameplayTagsManager::ConstructGameplayTagTree: ImportINI prefixes -  0.000 s
[2019.04.16-22.21.23:479][  0]LogStats: UGameplayTagsManager::ConstructGameplayTagTree: Construct from data asset -  0.000 s
[2019.04.16-22.21.23:479][  0]LogStats: UGameplayTagsManager::ConstructGameplayTagTree: ImportINI -  0.000 s
[2019.04.16-22.21.23:479][  0]LogStats: UGameplayTagsManager::ConstructGameplayTagTree: GameplayTagTreeChangedEvent.Broadcast -  0.000 s
[2019.04.16-22.21.24:120][  0]SourceControl: Source control is disabled
[2019.04.16-22.21.24:120][  0]Cmd: MAP LOAD FILE="../../../Engine/Content/Maps/Templates/Template_Default.umap" TEMPLATE=1 SHOWPROGRESS=1 FEATURELEVEL=3
[2019.04.16-22.21.24:121][  0]LightingResults: New page: Lighting Build
[2019.04.16-22.21.24:131][  0]MapCheck: New page: Map Check
[2019.04.16-22.21.24:131][  0]LightingResults: New page: Lighting Build
[2019.04.16-22.21.24:653][  0]LogAIModule: Creating AISystem for world Untitled_1
[2019.04.16-22.21.24:678][  0]LogEditorServer: Finished looking for orphan Actors (0.000 secs)
[2019.04.16-22.21.24:725][  0]Cmd: MAP CHECKDEP NOCLEARLOG
[2019.04.16-22.21.24:726][  0]MapCheck: Map check complete: 0 Error(s), 0 Warning(s), took 0.538ms to complete.
[2019.04.16-22.21.24:726][  0]LogFileHelpers: Loading map 'Template_Default' took 0.606
[2019.04.16-22.21.25:611][  0]LogSlate: Updating window title bar state: overlay mode, drag disabled, window buttons hidden, title bar hidden
[2019.04.16-22.21.25:660][  0]LogSlate: Updating window title bar state: overlay mode, drag disabled, window buttons hidden, title bar hidden
[2019.04.16-22.21.25:689][  0]LogSlate: Updating window title bar state: overlay mode, drag disabled, window buttons hidden, title bar hidden
[2019.04.16-22.21.25:713][  0]LogSlate: Updating window title bar state: overlay mode, drag disabled, window buttons hidden, title bar hidden
[2019.04.16-22.21.25:807][  0]LogCollectionManager: Loaded 0 collections in 0.009614 seconds
[2019.04.16-22.21.25:958][  0]LogFileCache: Scanning file cache for directory 'C:/Users/jonfr/Documents/GitHub/Blaster-Unreal/Blaster/Saved/Collections/' took 0.02s
[2019.04.16-22.21.25:958][  0]LogFileCache: Scanning file cache for directory 'C:/Users/jonfr/Documents/GitHub/Blaster-Unreal/Blaster/Content/Developers/jonfr/Collections/' took 0.01s
[2019.04.16-22.21.25:958][  0]LogFileCache: Scanning file cache for directory 'C:/Users/jonfr/Documents/GitHub/Blaster-Unreal/Blaster/Content/Collections/' took 0.00s
[2019.04.16-22.21.25:958][  0]LogCollectionManager: Rebuilt the GUID cache for 0 collections in 0.000001 seconds
[2019.04.16-22.21.25:990][  0]LogContentBrowser: Native class hierarchy populated in 0.0302 seconds. Added 2651 classes and 620 folders.
[2019.04.16-22.21.26:062][  0]LogContentBrowser: Native class hierarchy updated for 'WidgetCarousel' in 0.0008 seconds. Added 0 classes and 0 folders.
[2019.04.16-22.21.26:169][  0]LogPakFile: Registered encryption key '00000000000000000000000000000000': 0 pak files mounted, 0 remain pending
[2019.04.16-22.21.26:188][  0]LogPakFile: Registered encryption key '00000000000000000000000000000000': 0 pak files mounted, 0 remain pending
[2019.04.16-22.21.26:193][  0]LogPakFile: Registered encryption key '00000000000000000000000000000000': 0 pak files mounted, 0 remain pending
[2019.04.16-22.21.26:196][  0]LogPakFile: Registered encryption key '00000000000000000000000000000000': 0 pak files mounted, 0 remain pending
[2019.04.16-22.21.26:206][  0]LogPakFile: Registered encryption key '00000000000000000000000000000000': 0 pak files mounted, 0 remain pending
[2019.04.16-22.21.26:215][  0]LogPakFile: Registered encryption key '00000000000000000000000000000000': 0 pak files mounted, 0 remain pending
[2019.04.16-22.21.26:219][  0]LogPakFile: Registered encryption key '00000000000000000000000000000000': 0 pak files mounted, 0 remain pending
[2019.04.16-22.21.26:223][  0]LogPakFile: Registered encryption key '00000000000000000000000000000000': 0 pak files mounted, 0 remain pending
[2019.04.16-22.21.26:227][  0]LogPakFile: Registered encryption key '00000000000000000000000000000000': 0 pak files mounted, 0 remain pending
[2019.04.16-22.21.26:230][  0]LogPakFile: Registered encryption key '00000000000000000000000000000000': 0 pak files mounted, 0 remain pending
[2019.04.16-22.21.26:234][  0]LogPakFile: Registered encryption key '00000000000000000000000000000000': 0 pak files mounted, 0 remain pending
[2019.04.16-22.21.26:243][  0]LogPakFile: Registered encryption key '00000000000000000000000000000000': 0 pak files mounted, 0 remain pending
[2019.04.16-22.21.26:247][  0]LogPakFile: Registered encryption key '00000000000000000000000000000000': 0 pak files mounted, 0 remain pending
[2019.04.16-22.21.26:261][  0]LogPakFile: Registered encryption key '00000000000000000000000000000000': 0 pak files mounted, 0 remain pending
[2019.04.16-22.21.26:265][  0]LogPakFile: Registered encryption key '00000000000000000000000000000000': 0 pak files mounted, 0 remain pending
[2019.04.16-22.21.26:268][  0]LogPakFile: Registered encryption key '00000000000000000000000000000000': 0 pak files mounted, 0 remain pending
[2019.04.16-22.21.26:275][  0]LogPakFile: Registered encryption key '00000000000000000000000000000000': 0 pak files mounted, 0 remain pending
[2019.04.16-22.21.26:282][  0]LogPakFile: Registered encryption key '00000000000000000000000000000000': 0 pak files mounted, 0 remain pending
[2019.04.16-22.21.26:288][  0]LogPakFile: Registered encryption key '00000000000000000000000000000000': 0 pak files mounted, 0 remain pending
[2019.04.16-22.21.26:292][  0]LogPakFile: Registered encryption key '00000000000000000000000000000000': 0 pak files mounted, 0 remain pending
[2019.04.16-22.21.26:297][  0]LogPakFile: Registered encryption key '00000000000000000000000000000000': 0 pak files mounted, 0 remain pending
[2019.04.16-22.21.26:300][  0]LogPakFile: Registered encryption key '00000000000000000000000000000000': 0 pak files mounted, 0 remain pending
[2019.04.16-22.21.26:324][  0]LogPakFile: Registered encryption key '00000000000000000000000000000000': 0 pak files mounted, 0 remain pending
[2019.04.16-22.21.26:328][  0]LogPakFile: Registered encryption key '00000000000000000000000000000000': 0 pak files mounted, 0 remain pending
[2019.04.16-22.21.26:348][  0]LogPakFile: Registered encryption key '00000000000000000000000000000000': 0 pak files mounted, 0 remain pending
[2019.04.16-22.21.26:367][  0]LogPakFile: Registered encryption key '00000000000000000000000000000000': 0 pak files mounted, 0 remain pending
[2019.04.16-22.21.27:042][  0]LogContentBrowser: Native class hierarchy updated for 'AddContentDialog' in 0.0009 seconds. Added 0 classes and 0 folders.
[2019.04.16-22.21.27:128][  0]LogContentBrowser: Native class hierarchy updated for 'SceneOutliner' in 0.0007 seconds. Added 1 classes and 2 folders.
[2019.04.16-22.21.33:654][  0]LogSlate: Only BGRA pngs, bmps or icos are supported in by External Image Picker
[2019.04.16-22.21.33:828][  0]LogSlate: Took 0.000779 seconds to synchronously load lazily loaded font '../../../Engine/Content/Slate/Fonts/Roboto-Regular.ttf' (155K)
[2019.04.16-22.21.33:857][  0]LogSlate: Took 0.000454 seconds to synchronously load lazily loaded font '../../../Engine/Content/Slate/Fonts/Roboto-Bold.ttf' (160K)
[2019.04.16-22.21.33:996][  0]LogTemp: Executing iPhonePackager certificates Engine -bundlename com.YourCompany.Blaster
[2019.04.16-22.21.33:996][  0]LogTemp: CWD: C:\Program Files\Epic Games\UE_4.21\Engine\Binaries\DotNET\IOS
[2019.04.16-22.21.33:996][  0]LogTemp: Initial Dir: C:\Program Files\Epic Games\UE_4.21
[2019.04.16-22.21.33:996][  0]LogTemp: Env CWD: C:\Program Files\Epic Games\UE_4.21\Engine\Binaries\DotNET\IOS
[2019.04.16-22.21.33:996][  0]LogTemp: BranchPath = LAPTOP-GLAOME3P/C/Program Files/Epic Games/UE_4.21/Engine/Binaries --- GameBranchPath = LAPTOP-GLAOME3P/C/Program Files/Epic Games/UE_4.21/Engine/Binaries
[2019.04.16-22.21.33:996][  0]LogTemp: IPP ERROR: Could not find provision directory 'C:\Users\jonfr\AppData\Local/Apple Computer/MobileDevice/Provisioning Profiles/'.
[2019.04.16-22.21.33:996][  0]LogSlate: Took 0.011050 seconds to synchronously load lazily loaded font '../../../Engine/Content/Editor/Slate/Fonts/FontAwesome.ttf' (139K)
[2019.04.16-22.21.34:805][  0]LogRenderer: Reallocating scene render targets to support 820x436 Format 10 NumSamples 1 (Frame:1).
[2019.04.16-22.21.35:785][  0]LogContentBrowser: Native class hierarchy updated for 'HierarchicalLODOutliner' in 0.0008 seconds. Added 0 classes and 0 folders.
[2019.04.16-22.21.35:785][  0]LogLoad: (Engine Initialization) Total time: 37.90 seconds
[2019.04.16-22.21.35:785][  0]LogLoad: (Engine Initialization) Total Blueprint compile time: 0.04 seconds
[2019.04.16-22.21.35:806][  0]LogWindowsTextInputMethodSystem: Display: IME system now deactivated.
[2019.04.16-22.21.36:310][  0]LogContentStreaming: Texture pool size now 1000 MB
[2019.04.16-22.21.36:824][  1]LogSlate: Took 0.037769 seconds to synchronously load lazily loaded font '../../../Engine/Content/Slate/Fonts/Roboto-Light.ttf' (167K)
[2019.04.16-22.21.37:705][  3]LogAssetRegistry: Asset discovery search completed in 26.7366 seconds
[2019.04.16-22.21.37:711][  3]LogCollectionManager: Rebuilt the object cache for 0 collections in 0.000001 seconds (found 0 objects)
[2019.04.16-22.21.37:711][  3]LogCollectionManager: Fixed up redirectors for 0 collections in 0.000188 seconds (updated 0 objects)
[2019.04.16-22.21.37:811][  3]LogSlate: Took 0.000453 seconds to synchronously load lazily loaded font '../../../Engine/Content/Slate/Fonts/Roboto-Light.ttf' (167K)
[2019.04.16-22.21.39:576][ 51]LogSlate: FSceneViewport::OnFocusLost() reason 0
[2019.04.16-22.21.41:504][ 51]LogAssetEditorManager: Opening Asset editor for Blueprint /Game/Blueprints/Character_Blueprint.Character_Blueprint
[2019.04.16-22.21.43:635][ 51]LogContentBrowser: Native class hierarchy updated for 'BlueprintGraph' in 0.0022 seconds. Added 117 classes and 0 folders.
[2019.04.16-22.21.47:184][ 51]LogAssetEditorManager: Opening Asset editor for WidgetBlueprint /Game/UI/UI_PlayerHUD.UI_PlayerHUD
[2019.04.16-22.21.48:479][ 51]LogAssetEditorManager: Opening Asset editor for WidgetBlueprint /Game/UI/Inventory_HUD.Inventory_HUD
[2019.04.16-22.21.50:092][ 51]LogSlate: Took 0.021281 seconds to synchronously load lazily loaded font '../../../Engine/Content/Slate/Fonts/Roboto-BoldCondensed.ttf' (158K)
[2019.04.16-22.21.56:276][201]LogAIModule: Creating AISystem for world World
[2019.04.16-22.21.56:406][201]LogAssetEditorManager: Opening Asset editor for World /Game/Levels/World.World
[2019.04.16-22.21.56:548][201]Cmd: MAP LOAD FILE="../../../../../../Users/jonfr/Documents/GitHub/Blaster-Unreal/Blaster/Content/Levels/World.umap" TEMPLATE=0 SHOWPROGRESS=1 FEATURELEVEL=3
[2019.04.16-22.21.56:549][201]LightingResults: New page: Lighting Build
[2019.04.16-22.21.56:552][201]LoadErrors: New page: Loading map: World.umap
[2019.04.16-22.21.56:566][201]MapCheck: New page: Map Check
[2019.04.16-22.21.56:566][201]LightingResults: New page: Lighting Build
[2019.04.16-22.21.57:155][201]LogEditorServer: Finished looking for orphan Actors (0.000 secs)
[2019.04.16-22.21.57:300][201]Cmd: MAP CHECKDEP NOCLEARLOG
[2019.04.16-22.21.57:307][201]MapCheck: Map check complete: 0 Error(s), 0 Warning(s), took 6.779ms to complete.
[2019.04.16-22.21.57:308][201]LogFileHelpers: Loading map 'World' took 0.776
[2019.04.16-22.22.33:423][179]LogSlate: FSceneViewport::OnFocusLost() reason 0
[2019.04.16-22.22.33:466][180]LogTemp: Repeating last play command: Selected Viewport
[2019.04.16-22.22.33:625][180]LogBlueprintUserMessages: Early PlayInEditor Detection: Level '/Game/Levels/World.World:PersistentLevel' has LevelScriptBlueprint '/Game/Levels/World.World:PersistentLevel.World' with GeneratedClass '/Game/Levels/World.World_C' with ClassGeneratedBy '/Game/Levels/World.World:PersistentLevel.World'
[2019.04.16-22.22.33:660][180]LogPlayLevel: PlayLevel: No blueprints needed recompiling
[2019.04.16-22.22.33:720][180]PIE: New page: PIE session: World (Apr 16, 2019, 2:22:33 PM)
[2019.04.16-22.22.33:806][180]LogPlayLevel: Creating play world package: /Game/Levels/UEDPIE_0_World
[2019.04.16-22.22.33:969][180]LogPlayLevel: PIE: StaticDuplicateObject took: (0.161736s)
[2019.04.16-22.22.33:970][180]LogAIModule: Creating AISystem for world World
[2019.04.16-22.22.33:982][180]LogPlayLevel: PIE: World Init took: (0.012781s)
[2019.04.16-22.22.33:982][180]LogPlayLevel: PIE: Created PIE world by copying editor world from /Game/Levels/World.World to /Game/Levels/UEDPIE_0_World.World (0.175329s)
[2019.04.16-22.22.34:088][180]LogInit: XAudio2 using 'Speakers (2- Realtek High Definition Audio)' : 2 channels at 48 kHz using 32 bits per sample (channel mask 0x3)
[2019.04.16-22.22.34:132][180]LogInit: FAudioDevice initialized.
[2019.04.16-22.22.34:236][180]LogLoad: Game class is 'GameModeBase'
[2019.04.16-22.22.34:273][180]LogWorld: Bringing World /Game/Levels/UEDPIE_0_World.World up for play (max tick rate 60) at 2019.04.16-18.22.34
[2019.04.16-22.22.34:323][180]LogWorld: Bringing up level for play took: 0.085882
[2019.04.16-22.22.34:547][180]LogContentBrowser: Native class hierarchy updated for 'MovieSceneCapture' in 0.0010 seconds. Added 20 classes and 0 folders.
[2019.04.16-22.22.34:606][180]LogBlueprintUserMessages: [UI_PlayerHUD_C_0] Why am I not fucking working
[2019.04.16-22.22.34:631][180]PIE: Play in editor start time for /Game/Levels/UEDPIE_0_World 1.677
[2019.04.16-22.22.34:631][180]LogBlueprintUserMessages: Late PlayInEditor Detection: Level '/Game/Levels/World.World:PersistentLevel' has LevelScriptBlueprint '/Game/Levels/World.World:PersistentLevel.World' with GeneratedClass '/Game/Levels/World.World_C' with ClassGeneratedBy '/Game/Levels/World.World:PersistentLevel.World'
[2019.04.16-22.22.51:749][713]LogSlate: FSceneViewport::OnFocusLost() reason 0
[2019.04.16-22.23.04:948][134]LogBlueprintUserMessages: [Character_Blueprint_7] 1
[2019.04.16-22.23.04:958][134]LogScript: Warning: Accessed None trying to read property HUD_Reference
	Character_Blueprint_C /Game/Levels/UEDPIE_0_World.World:PersistentLevel.Character_Blueprint_7
	Function /Game/Blueprints/Character_Blueprint.Character_Blueprint_C:Add Level:010D
[2019.04.16-22.23.04:966][134]PIE: Error: Blueprint Runtime Error: "Accessed None trying to read property HUD_Reference". Blueprint:  Character_Blueprint Function:  Add Level Graph:  Add Level Node:  Update Level Text
[2019.04.16-22.23.04:966][134]LogBlueprintUserMessages: [Character_Blueprint_7] Im fucking here
[2019.04.16-22.23.11:663][359]LogBlueprintUserMessages: [Character_Blueprint_7] 2
[2019.04.16-22.23.11:664][359]LogScript: Warning: Accessed None trying to read property HUD_Reference
	Character_Blueprint_C /Game/Levels/UEDPIE_0_World.World:PersistentLevel.Character_Blueprint_7
	Function /Game/Blueprints/Character_Blueprint.Character_Blueprint_C:Add Level:010D
[2019.04.16-22.23.11:664][359]PIE: Error: Blueprint Runtime Error: "Accessed None trying to read property HUD_Reference". Blueprint:  Character_Blueprint Function:  Add Level Graph:  Add Level Node:  Update Level Text
[2019.04.16-22.23.11:664][359]LogBlueprintUserMessages: [Character_Blueprint_7] Im fucking here
[2019.04.16-22.23.53:015][675]LogBlueprintUserMessages: Early EndPlayMap Detection: Level '/Game/Levels/World.World:PersistentLevel' has LevelScriptBlueprint '/Game/Levels/World.World:PersistentLevel.World' with GeneratedClass '/Game/Levels/World.World_C' with ClassGeneratedBy '/Game/Levels/World.World:PersistentLevel.World'
[2019.04.16-22.23.53:116][675]LogSlate: Updating window title bar state: overlay mode, drag disabled, window buttons hidden, title bar hidden
[2019.04.16-22.23.53:262][675]LogPlayLevel: Display: Shutting down PIE online subsystems
[2019.04.16-22.23.53:276][675]LogBlueprintUserMessages: Late EndPlayMap Detection: Level '/Game/Levels/World.World:PersistentLevel' has LevelScriptBlueprint '/Game/Levels/World.World:PersistentLevel.World' with GeneratedClass '/Game/Levels/World.World_C' with ClassGeneratedBy '/Game/Levels/World.World:PersistentLevel.World'
[2019.04.16-22.23.53:341][675]LogSlate: Updating window title bar state: overlay mode, drag disabled, window buttons hidden, title bar hidden
[2019.04.16-22.23.53:383][675]LogSlate: FSceneViewport::OnFocusLost() reason 2
[2019.04.16-22.23.53:517][676]LogPlayLevel: Display: Destroying online subsystem :Context_7
[2019.04.16-22.23.55:693][727]LogSlate: Window 'Message Log' being destroyed
[2019.04.16-22.23.55:735][727]LogSlate: Window 'Message Log' being destroyed
[2019.04.16-22.23.59:725][835]LogSlate: FSceneViewport::OnFocusLost() reason 0
[2019.04.16-22.24.00:616][836]LogSlate: Took 0.023524 seconds to synchronously load lazily loaded font '../../../Engine/Content/Slate/Fonts/Roboto-Italic.ttf' (157K)
[2019.04.16-22.27.09:508][115]LogTemp: Repeating last play command: Selected Viewport
[2019.04.16-22.27.09:571][115]LogBlueprintUserMessages: Early PlayInEditor Detection: Level '/Game/Levels/World.World:PersistentLevel' has LevelScriptBlueprint '/Game/Levels/World.World:PersistentLevel.World' with GeneratedClass '/Game/Levels/World.World_C' with ClassGeneratedBy '/Game/Levels/World.World:PersistentLevel.World'
[2019.04.16-22.27.09:572][115]LogPlayLevel: PlayLevel: No blueprints needed recompiling
[2019.04.16-22.27.09:572][115]PIE: New page: PIE session: World (Apr 16, 2019, 2:27:09 PM)
[2019.04.16-22.27.09:572][115]LogPlayLevel: Creating play world package: /Game/Levels/UEDPIE_0_World
[2019.04.16-22.27.09:656][115]LogPlayLevel: PIE: StaticDuplicateObject took: (0.083920s)
[2019.04.16-22.27.09:657][115]LogAIModule: Creating AISystem for world World
[2019.04.16-22.27.09:658][115]LogPlayLevel: PIE: World Init took: (0.001151s)
[2019.04.16-22.27.09:658][115]LogPlayLevel: PIE: Created PIE world by copying editor world from /Game/Levels/World.World to /Game/Levels/UEDPIE_0_World.World (0.085344s)
[2019.04.16-22.27.09:730][115]LogInit: XAudio2 using 'Speakers (2- Realtek High Definition Audio)' : 2 channels at 48 kHz using 32 bits per sample (channel mask 0x3)
[2019.04.16-22.27.09:778][115]LogInit: FAudioDevice initialized.
[2019.04.16-22.27.09:809][115]LogSlate: Updating window title bar state: overlay mode, drag disabled, window buttons hidden, title bar hidden
[2019.04.16-22.27.09:958][115]LogLoad: Game class is 'GameModeBase'
[2019.04.16-22.27.09:962][115]LogWorld: Bringing World /Game/Levels/UEDPIE_0_World.World up for play (max tick rate 60) at 2019.04.16-18.27.09
[2019.04.16-22.27.09:964][115]LogWorld: Bringing up level for play took: 0.004588
[2019.04.16-22.27.09:988][115]LogBlueprintUserMessages: [UI_PlayerHUD_C_0] Why am I not fucking working
[2019.04.16-22.27.10:008][115]PIE: Play in editor start time for /Game/Levels/UEDPIE_0_World 1.055
[2019.04.16-22.27.10:010][115]LogBlueprintUserMessages: Late PlayInEditor Detection: Level '/Game/Levels/World.World:PersistentLevel' has LevelScriptBlueprint '/Game/Levels/World.World:PersistentLevel.World' with GeneratedClass '/Game/Levels/World.World_C' with ClassGeneratedBy '/Game/Levels/World.World:PersistentLevel.World'
[2019.04.16-22.27.10:100][115]LogRenderer: Reallocating scene render targets to support 1024x576 Format 10 NumSamples 1 (Frame:1).
[2019.04.16-22.27.33:182][662]LogSlate: FSceneViewport::OnFocusLost() reason 0
[2019.04.16-22.27.43:797][911]LogBlueprintUserMessages: Early EndPlayMap Detection: Level '/Game/Levels/World.World:PersistentLevel' has LevelScriptBlueprint '/Game/Levels/World.World:PersistentLevel.World' with GeneratedClass '/Game/Levels/World.World_C' with ClassGeneratedBy '/Game/Levels/World.World:PersistentLevel.World'
[2019.04.16-22.27.43:799][911]LogSlate: Updating window title bar state: overlay mode, drag disabled, window buttons hidden, title bar hidden
[2019.04.16-22.27.43:886][911]LogSlate: Window 'Blaster Game Preview Standalone (64-bit/PCD3D_SM5)' being destroyed
[2019.04.16-22.27.43:976][911]LogPlayLevel: Display: Shutting down PIE online subsystems
[2019.04.16-22.27.43:976][911]LogBlueprintUserMessages: Late EndPlayMap Detection: Level '/Game/Levels/World.World:PersistentLevel' has LevelScriptBlueprint '/Game/Levels/World.World:PersistentLevel.World' with GeneratedClass '/Game/Levels/World.World_C' with ClassGeneratedBy '/Game/Levels/World.World:PersistentLevel.World'
[2019.04.16-22.27.44:634][912]LogPlayLevel: Display: Destroying online subsystem :Context_8
[2019.04.16-22.29.32:966][304]LogTemp: Repeating last play command: Selected Viewport
[2019.04.16-22.29.33:034][304]LogBlueprintUserMessages: Early PlayInEditor Detection: Level '/Game/Levels/World.World:PersistentLevel' has LevelScriptBlueprint '/Game/Levels/World.World:PersistentLevel.World' with GeneratedClass '/Game/Levels/World.World_C' with ClassGeneratedBy '/Game/Levels/World.World:PersistentLevel.World'
[2019.04.16-22.29.33:034][304]LogPlayLevel: PlayLevel: No blueprints needed recompiling
[2019.04.16-22.29.33:034][304]PIE: New page: PIE session: World (Apr 16, 2019, 2:29:33 PM)
[2019.04.16-22.29.33:035][304]LogPlayLevel: Creating play world package: /Game/Levels/UEDPIE_0_World
[2019.04.16-22.29.33:123][304]LogPlayLevel: PIE: StaticDuplicateObject took: (0.088473s)
[2019.04.16-22.29.33:125][304]LogAIModule: Creating AISystem for world World
[2019.04.16-22.29.33:126][304]LogPlayLevel: PIE: World Init took: (0.002210s)
[2019.04.16-22.29.33:126][304]LogPlayLevel: PIE: Created PIE world by copying editor world from /Game/Levels/World.World to /Game/Levels/UEDPIE_0_World.World (0.091205s)
[2019.04.16-22.29.33:202][304]LogInit: XAudio2 using 'Speakers (2- Realtek High Definition Audio)' : 2 channels at 48 kHz using 32 bits per sample (channel mask 0x3)
[2019.04.16-22.29.33:242][304]LogInit: FAudioDevice initialized.
[2019.04.16-22.29.33:251][304]LogSlate: Updating window title bar state: overlay mode, drag disabled, window buttons hidden, title bar hidden
[2019.04.16-22.29.33:360][304]LogLoad: Game class is 'GameModeBase'
[2019.04.16-22.29.33:365][304]LogWorld: Bringing World /Game/Levels/UEDPIE_0_World.World up for play (max tick rate 60) at 2019.04.16-18.29.33
[2019.04.16-22.29.33:366][304]LogWorld: Bringing up level for play took: 0.004653
[2019.04.16-22.29.33:389][304]LogBlueprintUserMessages: [UI_PlayerHUD_C_0] Why am I not fucking working
[2019.04.16-22.29.33:394][304]PIE: Play in editor start time for /Game/Levels/UEDPIE_0_World 0.442
[2019.04.16-22.29.33:395][304]LogBlueprintUserMessages: Late PlayInEditor Detection: Level '/Game/Levels/World.World:PersistentLevel' has LevelScriptBlueprint '/Game/Levels/World.World:PersistentLevel.World' with GeneratedClass '/Game/Levels/World.World_C' with ClassGeneratedBy '/Game/Levels/World.World:PersistentLevel.World'
[2019.04.16-22.29.36:773][379]LogBlueprintUserMessages: [Character_Blueprint_7] 1
[2019.04.16-22.29.36:774][379]LogScript: Warning: Accessed None trying to read property HUD_Reference
	Character_Blueprint_C /Game/Levels/UEDPIE_0_World.World:PersistentLevel.Character_Blueprint_7
	Function /Game/Blueprints/Character_Blueprint.Character_Blueprint_C:Add Level:010D
[2019.04.16-22.29.36:774][379]PIE: Error: Blueprint Runtime Error: "Accessed None trying to read property HUD_Reference". Blueprint:  Character_Blueprint Function:  Add Level Graph:  Add Level Node:  Update Level Text
[2019.04.16-22.29.36:775][379]LogBlueprintUserMessages: [Character_Blueprint_7] Im fucking here
[2019.04.16-22.29.40:575][477]LogBlueprintUserMessages: [Character_Blueprint_7] 2
[2019.04.16-22.29.40:576][477]LogScript: Warning: Accessed None trying to read property HUD_Reference
	Character_Blueprint_C /Game/Levels/UEDPIE_0_World.World:PersistentLevel.Character_Blueprint_7
	Function /Game/Blueprints/Character_Blueprint.Character_Blueprint_C:Add Level:010D
[2019.04.16-22.29.40:577][477]PIE: Error: Blueprint Runtime Error: "Accessed None trying to read property HUD_Reference". Blueprint:  Character_Blueprint Function:  Add Level Graph:  Add Level Node:  Update Level Text
[2019.04.16-22.29.40:577][477]LogBlueprintUserMessages: [Character_Blueprint_7] Im fucking here
[2019.04.16-22.29.51:478][769]LogBlueprintUserMessages: [Character_Blueprint_7] 3
[2019.04.16-22.29.51:478][769]LogScript: Warning: Accessed None trying to read property HUD_Reference
	Character_Blueprint_C /Game/Levels/UEDPIE_0_World.World:PersistentLevel.Character_Blueprint_7
	Function /Game/Blueprints/Character_Blueprint.Character_Blueprint_C:Add Level:010D
[2019.04.16-22.29.51:479][769]PIE: Error: Blueprint Runtime Error: "Accessed None trying to read property HUD_Reference". Blueprint:  Character_Blueprint Function:  Add Level Graph:  Add Level Node:  Update Level Text
[2019.04.16-22.29.51:479][769]LogBlueprintUserMessages: [Character_Blueprint_7] Im fucking here
[2019.04.16-22.29.54:561][851]LogBlueprintUserMessages: Early EndPlayMap Detection: Level '/Game/Levels/World.World:PersistentLevel' has LevelScriptBlueprint '/Game/Levels/World.World:PersistentLevel.World' with GeneratedClass '/Game/Levels/World.World_C' with ClassGeneratedBy '/Game/Levels/World.World:PersistentLevel.World'
[2019.04.16-22.29.54:562][851]LogSlate: Updating window title bar state: overlay mode, drag disabled, window buttons hidden, title bar hidden
[2019.04.16-22.29.54:615][851]LogSlate: Window 'Blaster Game Preview Standalone (64-bit/PCD3D_SM5)' being destroyed
[2019.04.16-22.29.54:712][851]LogPlayLevel: Display: Shutting down PIE online subsystems
[2019.04.16-22.29.54:713][851]LogBlueprintUserMessages: Late EndPlayMap Detection: Level '/Game/Levels/World.World:PersistentLevel' has LevelScriptBlueprint '/Game/Levels/World.World:PersistentLevel.World' with GeneratedClass '/Game/Levels/World.World_C' with ClassGeneratedBy '/Game/Levels/World.World:PersistentLevel.World'
[2019.04.16-22.29.55:064][852]LogPlayLevel: Display: Destroying online subsystem :Context_9
[2019.04.16-22.29.57:636][952]LogSlate: Window 'Message Log' being destroyed
[2019.04.16-22.29.57:657][952]LogSlate: Window 'Message Log' being destroyed
[2019.04.16-22.30.45:633][992]BlueprintLog: New page: Compile Character_Blueprint
[2019.04.16-22.30.47:487][992]Cmd: OBJ SAVEPACKAGE PACKAGE="/Game/Blueprints/Character_Blueprint" FILE="../../../../../../Users/jonfr/Documents/GitHub/Blaster-Unreal/Blaster/Content/Blueprints/Character_Blueprint.uasset" SILENT=true
[2019.04.16-22.30.48:146][992]LogSavePackage: Moving '../../../../../../Users/jonfr/Documents/GitHub/Blaster-Unreal/Blaster/Saved/Character_Blueprint9A0B80AB4A32E8BC732A698B738CDA9C.tmp' to '../../../../../../Users/jonfr/Documents/GitHub/Blaster-Unreal/Blaster/Content/Blueprints/Character_Blueprint.uasset'
[2019.04.16-22.30.49:567][ 24]LogTemp: Repeating last play command: Selected Viewport
[2019.04.16-22.30.49:666][ 24]LogBlueprintUserMessages: Early PlayInEditor Detection: Level '/Game/Levels/World.World:PersistentLevel' has LevelScriptBlueprint '/Game/Levels/World.World:PersistentLevel.World' with GeneratedClass '/Game/Levels/World.World_C' with ClassGeneratedBy '/Game/Levels/World.World:PersistentLevel.World'
[2019.04.16-22.30.49:666][ 24]LogPlayLevel: PlayLevel: No blueprints needed recompiling
[2019.04.16-22.30.49:666][ 24]PIE: New page: PIE session: World (Apr 16, 2019, 2:30:49 PM)
[2019.04.16-22.30.49:666][ 24]LogPlayLevel: Creating play world package: /Game/Levels/UEDPIE_0_World
[2019.04.16-22.30.49:754][ 24]LogPlayLevel: PIE: StaticDuplicateObject took: (0.087580s)
[2019.04.16-22.30.49:756][ 24]LogAIModule: Creating AISystem for world World
[2019.04.16-22.30.49:757][ 24]LogPlayLevel: PIE: World Init took: (0.003028s)
[2019.04.16-22.30.49:757][ 24]LogPlayLevel: PIE: Created PIE world by copying editor world from /Game/Levels/World.World to /Game/Levels/UEDPIE_0_World.World (0.091134s)
[2019.04.16-22.30.49:831][ 24]LogInit: XAudio2 using 'Speakers (2- Realtek High Definition Audio)' : 2 channels at 48 kHz using 32 bits per sample (channel mask 0x3)
[2019.04.16-22.30.49:870][ 24]LogInit: FAudioDevice initialized.
[2019.04.16-22.30.49:880][ 24]LogSlate: Updating window title bar state: overlay mode, drag disabled, window buttons hidden, title bar hidden
[2019.04.16-22.30.49:986][ 24]LogLoad: Game class is 'GameModeBase'
[2019.04.16-22.30.49:990][ 24]LogWorld: Bringing World /Game/Levels/UEDPIE_0_World.World up for play (max tick rate 60) at 2019.04.16-18.30.49
[2019.04.16-22.30.49:992][ 24]LogWorld: Bringing up level for play took: 0.004789
[2019.04.16-22.30.50:016][ 24]LogBlueprintUserMessages: [UI_PlayerHUD_C_0] Why am I not fucking working
[2019.04.16-22.30.50:021][ 24]PIE: Play in editor start time for /Game/Levels/UEDPIE_0_World 1.068
[2019.04.16-22.30.50:022][ 24]LogBlueprintUserMessages: Late PlayInEditor Detection: Level '/Game/Levels/World.World:PersistentLevel' has LevelScriptBlueprint '/Game/Levels/World.World:PersistentLevel.World' with GeneratedClass '/Game/Levels/World.World_C' with ClassGeneratedBy '/Game/Levels/World.World:PersistentLevel.World'
[2019.04.16-22.30.54:746][121]LogBlueprintUserMessages: [Character_Blueprint_7] 1
[2019.04.16-22.30.54:746][121]LogScript: Warning: Accessed None trying to read property HUD_Reference
	Character_Blueprint_C /Game/Levels/UEDPIE_0_World.World:PersistentLevel.Character_Blueprint_7
	Function /Game/Blueprints/Character_Blueprint.Character_Blueprint_C:Add Level:010D
[2019.04.16-22.30.54:747][121]PIE: Error: Blueprint Runtime Error: "Accessed None trying to read property HUD_Reference". Blueprint:  Character_Blueprint Function:  Add Level Graph:  Add Level Node:  Update Level Text
[2019.04.16-22.30.54:747][121]LogBlueprintUserMessages: [Character_Blueprint_7] Im fucking here
[2019.04.16-22.32.01:425][820]LogBlueprintUserMessages: Early EndPlayMap Detection: Level '/Game/Levels/World.World:PersistentLevel' has LevelScriptBlueprint '/Game/Levels/World.World:PersistentLevel.World' with GeneratedClass '/Game/Levels/World.World_C' with ClassGeneratedBy '/Game/Levels/World.World:PersistentLevel.World'
[2019.04.16-22.32.01:427][820]LogSlate: Updating window title bar state: overlay mode, drag disabled, window buttons hidden, title bar hidden
[2019.04.16-22.32.01:481][820]LogSlate: Window 'Blaster Game Preview Standalone (64-bit/PCD3D_SM5)' being destroyed
[2019.04.16-22.32.01:573][820]LogPlayLevel: Display: Shutting down PIE online subsystems
[2019.04.16-22.32.01:574][820]LogBlueprintUserMessages: Late EndPlayMap Detection: Level '/Game/Levels/World.World:PersistentLevel' has LevelScriptBlueprint '/Game/Levels/World.World:PersistentLevel.World' with GeneratedClass '/Game/Levels/World.World_C' with ClassGeneratedBy '/Game/Levels/World.World:PersistentLevel.World'
[2019.04.16-22.32.02:333][821]LogPlayLevel: Display: Destroying online subsystem :Context_11
[2019.04.16-22.32.03:924][876]LogSlate: Window 'Message Log' being destroyed
[2019.04.16-22.32.03:942][876]LogSlate: Window 'Message Log' being destroyed
[2019.04.16-22.32.05:023][919]LogTemp: Repeating last play command: Selected Viewport
[2019.04.16-22.32.05:128][919]LogBlueprintUserMessages: Early PlayInEditor Detection: Level '/Game/Levels/World.World:PersistentLevel' has LevelScriptBlueprint '/Game/Levels/World.World:PersistentLevel.World' with GeneratedClass '/Game/Levels/World.World_C' with ClassGeneratedBy '/Game/Levels/World.World:PersistentLevel.World'
[2019.04.16-22.32.05:128][919]LogPlayLevel: PlayLevel: No blueprints needed recompiling
[2019.04.16-22.32.05:129][919]PIE: New page: PIE session: World (Apr 16, 2019, 2:32:05 PM)
[2019.04.16-22.32.05:129][919]LogPlayLevel: Creating play world package: /Game/Levels/UEDPIE_0_World
[2019.04.16-22.32.05:209][919]LogPlayLevel: PIE: StaticDuplicateObject took: (0.079821s)
[2019.04.16-22.32.05:210][919]LogAIModule: Creating AISystem for world World
[2019.04.16-22.32.05:210][919]LogPlayLevel: PIE: World Init took: (0.001403s)
[2019.04.16-22.32.05:210][919]LogPlayLevel: PIE: Created PIE world by copying editor world from /Game/Levels/World.World to /Game/Levels/UEDPIE_0_World.World (0.081510s)
[2019.04.16-22.32.05:288][919]LogInit: XAudio2 using 'Speakers (2- Realtek High Definition Audio)' : 2 channels at 48 kHz using 32 bits per sample (channel mask 0x3)
[2019.04.16-22.32.05:321][919]LogInit: FAudioDevice initialized.
[2019.04.16-22.32.05:333][919]LogSlate: Updating window title bar state: overlay mode, drag disabled, window buttons hidden, title bar hidden
[2019.04.16-22.32.05:445][919]LogLoad: Game class is 'GameModeBase'
[2019.04.16-22.32.05:449][919]LogWorld: Bringing World /Game/Levels/UEDPIE_0_World.World up for play (max tick rate 60) at 2019.04.16-18.32.05
[2019.04.16-22.32.05:449][919]LogWorld: Bringing up level for play took: 0.002746
[2019.04.16-22.32.05:472][919]LogBlueprintUserMessages: [UI_PlayerHUD_C_0] Why am I not fucking working
[2019.04.16-22.32.05:484][919]PIE: Play in editor start time for /Game/Levels/UEDPIE_0_World 0.531
[2019.04.16-22.32.05:485][919]LogBlueprintUserMessages: Late PlayInEditor Detection: Level '/Game/Levels/World.World:PersistentLevel' has LevelScriptBlueprint '/Game/Levels/World.World:PersistentLevel.World' with GeneratedClass '/Game/Levels/World.World_C' with ClassGeneratedBy '/Game/Levels/World.World:PersistentLevel.World'
[2019.04.16-22.32.07:199][955]LogSlate: Window 'Blaster Game Preview Standalone (64-bit/PCD3D_SM5)' being destroyed
[2019.04.16-22.32.07:212][955]LogBlueprintUserMessages: Early EndPlayMap Detection: Level '/Game/Levels/World.World:PersistentLevel' has LevelScriptBlueprint '/Game/Levels/World.World:PersistentLevel.World' with GeneratedClass '/Game/Levels/World.World_C' with ClassGeneratedBy '/Game/Levels/World.World:PersistentLevel.World'
[2019.04.16-22.32.07:298][955]LogPlayLevel: Display: Shutting down PIE online subsystems
[2019.04.16-22.32.07:299][955]LogBlueprintUserMessages: Late EndPlayMap Detection: Level '/Game/Levels/World.World:PersistentLevel' has LevelScriptBlueprint '/Game/Levels/World.World:PersistentLevel.World' with GeneratedClass '/Game/Levels/World.World_C' with ClassGeneratedBy '/Game/Levels/World.World:PersistentLevel.World'
[2019.04.16-22.32.07:934][956]LogPlayLevel: Display: Destroying online subsystem :Context_12
[2019.04.16-22.32.17:507][354]LogTemp: Repeating last play command: Selected Viewport
[2019.04.16-22.32.17:567][354]LogBlueprintUserMessages: Early PlayInEditor Detection: Level '/Game/Levels/World.World:PersistentLevel' has LevelScriptBlueprint '/Game/Levels/World.World:PersistentLevel.World' with GeneratedClass '/Game/Levels/World.World_C' with ClassGeneratedBy '/Game/Levels/World.World:PersistentLevel.World'
[2019.04.16-22.32.17:567][354]LogPlayLevel: PlayLevel: No blueprints needed recompiling
[2019.04.16-22.32.17:567][354]PIE: New page: PIE session: World (Apr 16, 2019, 2:32:17 PM)
[2019.04.16-22.32.17:567][354]LogPlayLevel: Creating play world package: /Game/Levels/UEDPIE_0_World
[2019.04.16-22.32.17:650][354]LogPlayLevel: PIE: StaticDuplicateObject took: (0.083135s)
[2019.04.16-22.32.17:652][354]LogAIModule: Creating AISystem for world World
[2019.04.16-22.32.17:652][354]LogPlayLevel: PIE: World Init took: (0.001530s)
[2019.04.16-22.32.17:652][354]LogPlayLevel: PIE: Created PIE world by copying editor world from /Game/Levels/World.World to /Game/Levels/UEDPIE_0_World.World (0.084969s)
[2019.04.16-22.32.17:731][354]LogInit: XAudio2 using 'Speakers (2- Realtek High Definition Audio)' : 2 channels at 48 kHz using 32 bits per sample (channel mask 0x3)
[2019.04.16-22.32.17:769][354]LogInit: FAudioDevice initialized.
[2019.04.16-22.32.17:778][354]LogSlate: Updating window title bar state: overlay mode, drag disabled, window buttons hidden, title bar hidden
[2019.04.16-22.32.17:902][354]LogLoad: Game class is 'GameModeBase'
[2019.04.16-22.32.17:905][354]LogWorld: Bringing World /Game/Levels/UEDPIE_0_World.World up for play (max tick rate 60) at 2019.04.16-18.32.17
[2019.04.16-22.32.17:906][354]LogWorld: Bringing up level for play took: 0.002918
[2019.04.16-22.32.17:930][354]LogBlueprintUserMessages: [UI_PlayerHUD_C_0] Why am I not fucking working
[2019.04.16-22.32.17:944][354]PIE: Play in editor start time for /Game/Levels/UEDPIE_0_World 0.99
[2019.04.16-22.32.17:944][354]LogBlueprintUserMessages: Late PlayInEditor Detection: Level '/Game/Levels/World.World:PersistentLevel' has LevelScriptBlueprint '/Game/Levels/World.World:PersistentLevel.World' with GeneratedClass '/Game/Levels/World.World_C' with ClassGeneratedBy '/Game/Levels/World.World:PersistentLevel.World'
[2019.04.16-22.32.28:867][618]LogBlueprintUserMessages: [Character_Blueprint_7] 1
[2019.04.16-22.32.28:868][618]LogScript: Warning: Accessed None trying to read property HUD_Reference
	Character_Blueprint_C /Game/Levels/UEDPIE_0_World.World:PersistentLevel.Character_Blueprint_7
	Function /Game/Blueprints/Character_Blueprint.Character_Blueprint_C:Add Level:010D
[2019.04.16-22.32.28:869][618]PIE: Error: Blueprint Runtime Error: "Accessed None trying to read property HUD_Reference". Blueprint:  Character_Blueprint Function:  Add Level Graph:  Add Level Node:  Update Level Text
[2019.04.16-22.32.28:869][618]LogBlueprintUserMessages: [Character_Blueprint_7] Im fucking here
[2019.04.16-22.32.36:428][796]LogBlueprintUserMessages: Early EndPlayMap Detection: Level '/Game/Levels/World.World:PersistentLevel' has LevelScriptBlueprint '/Game/Levels/World.World:PersistentLevel.World' with GeneratedClass '/Game/Levels/World.World_C' with ClassGeneratedBy '/Game/Levels/World.World:PersistentLevel.World'
[2019.04.16-22.32.36:430][796]LogSlate: Updating window title bar state: overlay mode, drag disabled, window buttons hidden, title bar hidden
[2019.04.16-22.32.36:493][796]LogSlate: Window 'Blaster Game Preview Standalone (64-bit/PCD3D_SM5)' being destroyed
[2019.04.16-22.32.36:582][796]LogPlayLevel: Display: Shutting down PIE online subsystems
[2019.04.16-22.32.36:583][796]LogBlueprintUserMessages: Late EndPlayMap Detection: Level '/Game/Levels/World.World:PersistentLevel' has LevelScriptBlueprint '/Game/Levels/World.World:PersistentLevel.World' with GeneratedClass '/Game/Levels/World.World_C' with ClassGeneratedBy '/Game/Levels/World.World:PersistentLevel.World'
[2019.04.16-22.32.37:338][797]LogPlayLevel: Display: Destroying online subsystem :Context_13
[2019.04.16-22.32.38:360][834]LogSlate: Window 'Message Log' being destroyed
[2019.04.16-22.32.38:382][834]LogSlate: Window 'Message Log' being destroyed
[2019.04.16-22.34.49:230][914]LogSlate: FSceneViewport::OnFocusLost() reason 0
[2019.04.16-22.34.49:472][916]LogMaterial: Display: Missing cached shader map for material LayerVisMaterial, compiling. 
[2019.04.16-22.34.49:716][916]LogShaderCompilers: Display: Shaders left to compile 8
[2019.04.16-22.34.49:716][916]LogMaterial: Display: Missing cached shader map for material SelectBrushMaterial, compiling. 
[2019.04.16-22.34.49:825][916]LogMaterial: Display: Missing cached shader map for material SelectBrushMaterial, compiling. 
[2019.04.16-22.34.50:063][916]LogShaderCompilers: Display: Shaders left to compile 40
[2019.04.16-22.34.50:064][916]LogShaderCompilers: Display: Shaders left to compile 30
[2019.04.16-22.34.50:064][916]LogShaderCompilers: Display: Shaders left to compile 20
[2019.04.16-22.34.50:064][916]LogMaterial: Display: Missing cached shader map for material MaskBrushMaterial, compiling. 
[2019.04.16-22.34.50:873][916]LogMaterial: Display: Missing cached shader map for material LandscapeLayerUsageMaterial, compiling. 
[2019.04.16-22.34.51:484][916]LogMaterial: Display: Missing cached shader map for material CircleBrushMaterial, compiling. 
[2019.04.16-22.34.51:539][916]LogMaterial: Display: Missing cached shader map for material CircleBrushMaterial, compiling. 
[2019.04.16-22.34.51:614][916]LogMaterial: Display: Missing cached shader map for material CircleBrushMaterial, compiling. 
[2019.04.16-22.34.51:685][916]LogMaterial: Display: Missing cached shader map for material CircleBrushMaterial, compiling. 
[2019.04.16-22.34.51:796][916]LogMaterial: Display: Missing cached shader map for material AlphaBrushMaterial, compiling. 
[2019.04.16-22.34.51:887][916]LogMaterial: Display: Missing cached shader map for material CircleBrushMaterial, compiling. 
[2019.04.16-22.34.51:981][916]LogMaterial: Display: Missing cached shader map for material MaskBrushMaterial, compiling. 
[2019.04.16-22.34.52:117][916]LogTexture: Display: Building textures: Texture2D_2 (G8, 128X128)
[2019.04.16-22.34.58:048][ 32]LogShaderCompilers: Display: Shaders left to compile 178
[2019.04.16-22.35.02:089][109]LogShaderCompilers: Display: Shaders left to compile 168
[2019.04.16-22.35.02:237][112]LogShaderCompilers: Display: Shaders left to compile 158
[2019.04.16-22.35.02:292][113]LogShaderCompilers: Display: Shaders left to compile 148
[2019.04.16-22.35.08:548][230]LogShaderCompilers: Display: Shaders left to compile 138
[2019.04.16-22.35.08:737][232]LogSlate: FSceneViewport::OnFocusLost() reason 0
[2019.04.16-22.35.10:571][269]LogShaderCompilers: Display: Shaders left to compile 128
[2019.04.16-22.35.12:251][294]LogShaderCompilers: Display: Shaders left to compile 118
[2019.04.16-22.35.12:260][294]LogShaderCompilers: Display: Shaders left to compile 108
[2019.04.16-22.35.19:213][419]LogShaderCompilers: Display: Shaders left to compile 98
[2019.04.16-22.35.19:962][433]LogSlate: FSceneViewport::OnFocusLost() reason 2
[2019.04.16-22.35.20:766][447]LogShaderCompilers: Display: Shaders left to compile 88
[2019.04.16-22.35.22:202][469]LogShaderCompilers: Display: Shaders left to compile 78
[2019.04.16-22.35.22:329][471]LogShaderCompilers: Display: Shaders left to compile 68
[2019.04.16-22.35.29:469][609]LogShaderCompilers: Display: Shaders left to compile 58
[2019.04.16-22.35.30:042][620]LogSlate: FSceneViewport::OnFocusLost() reason 2
[2019.04.16-22.35.30:721][635]LogShaderCompilers: Display: Shaders left to compile 48
[2019.04.16-22.35.32:520][672]LogShaderCompilers: Display: Shaders left to compile 38
[2019.04.16-22.35.32:640][675]LogShaderCompilers: Display: Shaders left to compile 28
[2019.04.16-22.35.38:620][800]LogSlate: FSceneViewport::OnFocusLost() reason 0
[2019.04.16-22.35.38:805][802]Cmd: OBJ SAVEPACKAGE PACKAGE="/Game/Levels/World" FILE="../../../../../../Users/jonfr/Documents/GitHub/Blaster-Unreal/Blaster/Content/Levels/World.umap" SILENT=true AUTOSAVING=false KEEPDIRTY=false
[2019.04.16-22.35.39:598][802]LogTexture: Display: Building textures: Texture2D_11 (BGRA8, 512X512)
[2019.04.16-22.35.39:882][802]LogShaderCompilers: Display: Shaders left to compile 18
[2019.04.16-22.35.40:385][802]LogSavePackage: Moving '../../../../../../Users/jonfr/Documents/GitHub/Blaster-Unreal/Blaster/Saved/WorldE80182BF4C993866FF02BB9F6E56F868.tmp' to '../../../../../../Users/jonfr/Documents/GitHub/Blaster-Unreal/Blaster/Content/Levels/World.umap'
[2019.04.16-22.35.40:515][802]LogShaderCompilers: Display: Shaders left to compile 8
[2019.04.16-22.35.40:528][802]Cmd: OBJ SAVEPACKAGE PACKAGE="/Game/Levels/World_BuiltData" FILE="../../../../../../Users/jonfr/Documents/GitHub/Blaster-Unreal/Blaster/Content/Levels/World_BuiltData.uasset" SILENT=true
[2019.04.16-22.35.43:279][802]LogSavePackage: Moving '../../../../../../Users/jonfr/Documents/GitHub/Blaster-Unreal/Blaster/Saved/World_BuiltData5B9166AF4BB708F08D5583A86F792C79.tmp' to '../../../../../../Users/jonfr/Documents/GitHub/Blaster-Unreal/Blaster/Content/Levels/World_BuiltData.uasset'
[2019.04.16-22.35.47:285][897]LogSlate: FSceneViewport::OnFocusLost() reason 0
