Log file open, 04/22/19 01:32:58
LogWindows: Failed to load 'aqProf.dll' (GetLastError=126)
LogWindows: File 'aqProf.dll' does not exist
LogWindows: Failed to load 'VtuneApi.dll' (GetLastError=126)
LogWindows: File 'VtuneApi.dll' does not exist
LogWindows: Failed to load 'VtuneApi32e.dll' (GetLastError=126)
LogWindows: File 'VtuneApi32e.dll' does not exist
LogConsoleResponse: Display: Failed to find resolution value strings in scalability ini. Falling back to default.
LogInit: Display: Running engine for game: Blaster
LogPakFile: Registered encryption key '00000000000000000000000000000000': 0 pak files mounted, 0 remain pending
LogPlatformFile: Not using cached read wrapper
LogTaskGraph: Started task graph with 5 named threads and 23 total threads with 3 sets of task threads.
LogStats: Stats thread started at 0.360680
LogD3D11RHI: Loaded GFSDK_Aftermath_Lib.x64.dll
LogICUInternationalization: ICU TimeZone Detection - Raw Offset: -5:00, Platform Override: ''
LogPluginManager: Mounting plugin Paper2D
LogPluginManager: Mounting plugin AISupport
LogPluginManager: Mounting plugin LightPropagationVolume
LogPluginManager: Mounting plugin ActorLayerUtilities
LogPluginManager: Mounting plugin CLionSourceCodeAccess
LogPluginManager: Mounting plugin CodeLiteSourceCodeAccess
LogPluginManager: Mounting plugin GitSourceControl
LogPluginManager: Mounting plugin KDevelopSourceCodeAccess
LogPluginManager: Mounting plugin NullSourceCodeAccess
LogPluginManager: Mounting plugin PerforceSourceControl
LogPluginManager: Mounting plugin SubversionSourceControl
LogPluginManager: Mounting plugin UObjectPlugin
LogPluginManager: Mounting plugin VisualStudioCodeSourceCodeAccess
LogPluginManager: Mounting plugin VisualStudioSourceCodeAccess
LogPluginManager: Mounting plugin XCodeSourceCodeAccess
LogPluginManager: Mounting plugin AssetManagerEditor
LogPluginManager: Mounting plugin CryptoKeys
LogPluginManager: Mounting plugin DataValidation
LogPluginManager: Mounting plugin FacialAnimation
LogPluginManager: Mounting plugin GameplayTagsEditor
LogPluginManager: Mounting plugin MacGraphicsSwitching
LogPluginManager: Mounting plugin MeshEditor
LogPluginManager: Mounting plugin MobileLauncherProfileWizard
LogPluginManager: Mounting plugin PluginBrowser
LogPluginManager: Mounting plugin SpeedTreeImporter
LogPluginManager: Mounting plugin DatasmithContent
LogPluginManager: Mounting plugin VariantManagerContent
LogPluginManager: Mounting plugin AlembicImporter
LogPluginManager: Mounting plugin AppleImageUtils
LogPluginManager: Mounting plugin AppleVision
LogPluginManager: Mounting plugin BackChannel
LogPluginManager: Mounting plugin CharacterAI
LogPluginManager: Mounting plugin GeometryCache
LogPluginManager: Mounting plugin HTML5Networking
LogPluginManager: Mounting plugin ProxyLODPlugin
LogPluginManager: Mounting plugin MagicLeap
LogPluginManager: Mounting plugin MagicLeapMedia
LogPluginManager: Mounting plugin AndroidMedia
LogPluginManager: Mounting plugin AvfMedia
LogPluginManager: Mounting plugin ImgMedia
LogPluginManager: Mounting plugin LinearTimecode
LogPluginManager: Mounting plugin MediaCompositing
LogPluginManager: Mounting plugin MediaPlayerEditor
LogPluginManager: Mounting plugin WebMMedia
LogPluginManager: Mounting plugin WmfMedia
LogPluginManager: Mounting plugin TcpMessaging
LogPluginManager: Mounting plugin UdpMessaging
LogPluginManager: Mounting plugin ActorSequence
LogPluginManager: Mounting plugin LevelSequenceEditor
LogPluginManager: Mounting plugin MatineeToLevelSequence
LogPluginManager: Mounting plugin NetcodeUnitTest
LogPluginManager: Mounting plugin NUTUnrealEngine4
LogPluginManager: Mounting plugin OnlineSubsystemGooglePlay
LogPluginManager: Mounting plugin OnlineSubsystemIOS
LogPluginManager: Mounting plugin OnlineSubsystem
LogPluginManager: Mounting plugin OnlineSubsystemNull
LogPluginManager: Mounting plugin OnlineSubsystemUtils
LogPluginManager: Mounting plugin LauncherChunkInstaller
LogPluginManager: Mounting plugin AndroidDeviceProfileSelector
LogPluginManager: Mounting plugin AndroidMoviePlayer
LogPluginManager: Mounting plugin AndroidPermission
LogPluginManager: Mounting plugin AppleMoviePlayer
LogPluginManager: Mounting plugin ArchVisCharacter
LogPluginManager: Mounting plugin AudioCapture
LogPluginManager: Mounting plugin CableComponent
LogPluginManager: Mounting plugin CustomMeshComponent
LogPluginManager: Mounting plugin EditableMesh
LogPluginManager: Mounting plugin ExampleDeviceProfileSelector
LogPluginManager: Mounting plugin Firebase
LogPluginManager: Mounting plugin GoogleCloudMessaging
LogPluginManager: Mounting plugin HoudiniEngine
LogPluginManager: Mounting plugin IOSDeviceProfileSelector
LogPluginManager: Mounting plugin LinuxDeviceProfileSelector
LogPluginManager: Mounting plugin LocationServicesBPLibrary
LogPluginManager: Mounting plugin MobilePatchingUtils
LogPluginManager: Mounting plugin OculusVR
LogPluginManager: Mounting plugin PhysXVehicles
LogPluginManager: Mounting plugin ProceduralMeshComponent
LogPluginManager: Mounting plugin RuntimePhysXCooking
LogPluginManager: Mounting plugin SteamVR
LogPluginManager: Mounting plugin WebMMoviePlayer
LogPluginManager: Mounting plugin WindowsMoviePlayer
LogStreaming: Display: Took  0.743s to configure plugins.
LogInit: Using libcurl 7.55.1-DEV
LogInit:  - built for x86_64-pc-win32
LogInit:  - supports SSL with OpenSSL/1.0.2h
LogInit:  - supports HTTP deflate (compression) using libz 1.2.8
LogInit:  - other features:
LogInit:      CURL_VERSION_SSL
LogInit:      CURL_VERSION_LIBZ
LogInit:      CURL_VERSION_IPV6
LogInit:      CURL_VERSION_ASYNCHDNS
LogInit:      CURL_VERSION_LARGEFILE
LogInit:      CURL_VERSION_IDN
LogInit:  CurlRequestOptions (configurable via config and command line):
LogInit:  - bVerifyPeer = true  - Libcurl will verify peer certificate
LogInit:  - bUseHttpProxy = false  - Libcurl will NOT use HTTP proxy
LogInit:  - bDontReuseConnections = false  - Libcurl will reuse connections
LogInit:  - MaxHostConnections = 16  - Libcurl will limit the number of connections to a host
LogInit:  - LocalHostAddr = Default
LogInit:  - BufferSize = 65536
LogInit: WinSock: version 1.1 (2.2), MaxSocks=32767, MaxUdp=65467
LogInit: Build: ++UE4+Release-4.21-CL-4753647
LogInit: Engine Version: 4.21.2-4753647+++UE4+Release-4.21
LogInit: Compatible Engine Version: 4.21.0-4541578+++UE4+Release-4.21
LogInit: Net CL: 4541578
LogInit: OS: Windows 10 (), CPU: AMD Ryzen 5 2500U with Radeon Vega Mobile Gfx  , GPU: AMD Radeon(TM) Vega 8 Graphics
LogInit: Compiled (64-bit): Jan 19 2019 02:07:31
LogInit: Compiled with Visual C++: 19.13.26129.00
LogInit: Build Configuration: Development
LogInit: Branch Name: ++UE4+Release-4.21
LogInit: Command Line: 
LogInit: Base Directory: C:/Program Files/Epic Games/UE_4.21/Engine/Binaries/Win64/
LogInit: Installed Engine Build: 1
LogDevObjectVersion: Number of dev versions registered: 22
LogDevObjectVersion:   Dev-Blueprints (B0D832E4-1F89-4F0D-ACCF-7EB736FD4AA2): 10
LogDevObjectVersion:   Dev-Build (E1C64328-A22C-4D53-A36C-8E866417BD8C): 0
LogDevObjectVersion:   Dev-Core (375EC13C-06E4-48FB-B500-84F0262A717E): 2
LogDevObjectVersion:   Dev-Editor (E4B068ED-F494-42E9-A231-DA0B2E46BB41): 26
LogDevObjectVersion:   Dev-Framework (CFFC743F-43B0-4480-9391-14DF171D2073): 34
LogDevObjectVersion:   Dev-Mobile (B02B49B5-BB20-44E9-A304-32B752E40360): 2
LogDevObjectVersion:   Dev-Networking (A4E4105C-59A1-49B5-A7C5-40C4547EDFEE): 0
LogDevObjectVersion:   Dev-Online (39C831C9-5AE6-47DC-9A44-9C173E1C8E7C): 0
LogDevObjectVersion:   Dev-Physics (78F01B33-EBEA-4F98-B9B4-84EACCB95AA2): 0
LogDevObjectVersion:   Dev-Platform (6631380F-2D4D-43E0-8009-CF276956A95A): 0
LogDevObjectVersion:   Dev-Rendering (12F88B9F-8875-4AFC-A67C-D90C383ABD29): 27
LogDevObjectVersion:   Dev-Sequencer (7B5AE74C-D270-4C10-A958-57980B212A5A): 9
LogDevObjectVersion:   Dev-VR (D7296918-1DD6-4BDD-9DE2-64A83CC13884): 2
LogDevObjectVersion:   Dev-LoadTimes (C2A15278-BFE7-4AFE-6C17-90FF531DF755): 1
LogDevObjectVersion:   Private-Geometry (6EACA3D4-40EC-4CC1-B786-8BED09428FC5): 3
LogDevObjectVersion:   Dev-AnimPhys (29E575DD-E0A3-4627-9D10-D276232CDCEA): 17
LogDevObjectVersion:   Dev-Anim (AF43A65D-7FD3-4947-9873-3E8ED9C1BB05): 2
LogDevObjectVersion:   Dev-ReflectionCapture (6B266CEC-1EC7-4B8F-A30B-E4D90942FC07): 1
LogDevObjectVersion:   Dev-Automation (0DF73D61-A23F-47EA-B727-89E90C41499A): 1
LogDevObjectVersion:   FortniteMain (601D1886-AC64-4F84-AA16-D3DE0DEAC7D6): 17
LogDevObjectVersion:   Dev-Enterprise (9DFFBCD6-494F-0158-E221-12823C92A888): 4
LogDevObjectVersion:   Dev-Niagara (F2AED0AC-9AFE-416F-8664-AA7FFA26D6FC): 1
LogStreaming: Display: Took  0.133s to delete old logs.
LogInit: Presizing for max 8388607 objects, including 0 objects not considered by GC, pre-allocating 0 bytes for permanent pool.
LogInit: Object subsystem initialized
LogConfig: Setting CVar [[con.DebugEarlyDefault:1]]
LogConfig: Setting CVar [[r.setres:1280x720]]
[2019.04.22-05.32.59:737][  0]LogConfig: Setting CVar [[r.VSync:0]]
[2019.04.22-05.32.59:737][  0]LogConfig: Setting CVar [[r.RHICmdBypass:0]]
[2019.04.22-05.32.59:737][  0]LogConfig: Applying CVar settings from Section [/Script/Engine.RendererSettings] File [C:/Users/jonfr/Documents/GitHub/Blaster-Unreal/Blaster/Saved/Config/Windows/Engine.ini]
[2019.04.22-05.32.59:737][  0]LogConfig: Setting CVar [[r.GPUCrashDebugging:0]]
[2019.04.22-05.32.59:737][  0]LogConfig: Applying CVar settings from Section [/Script/Engine.RendererOverrideSettings] File [C:/Users/jonfr/Documents/GitHub/Blaster-Unreal/Blaster/Saved/Config/Windows/Engine.ini]
[2019.04.22-05.32.59:737][  0]LogConfig: Applying CVar settings from Section [/Script/Engine.StreamingSettings] File [C:/Users/jonfr/Documents/GitHub/Blaster-Unreal/Blaster/Saved/Config/Windows/Engine.ini]
[2019.04.22-05.32.59:737][  0]LogConfig: Setting CVar [[s.MinBulkDataSizeForAsyncLoading:131072]]
[2019.04.22-05.32.59:738][  0]LogConfig: Setting CVar [[s.AsyncLoadingThreadEnabled:0]]
[2019.04.22-05.32.59:738][  0]LogConfig: Setting CVar [[s.EventDrivenLoaderEnabled:1]]
[2019.04.22-05.32.59:738][  0]LogConfig: Setting CVar [[s.WarnIfTimeLimitExceeded:0]]
[2019.04.22-05.32.59:738][  0]LogConfig: Setting CVar [[s.TimeLimitExceededMultiplier:1.5]]
[2019.04.22-05.32.59:738][  0]LogConfig: Setting CVar [[s.TimeLimitExceededMinTime:0.005]]
[2019.04.22-05.32.59:738][  0]LogConfig: Setting CVar [[s.UseBackgroundLevelStreaming:1]]
[2019.04.22-05.32.59:738][  0]LogConfig: Setting CVar [[s.PriorityAsyncLoadingExtraTime:15.0]]
[2019.04.22-05.32.59:738][  0]LogConfig: Setting CVar [[s.LevelStreamingActorsUpdateTimeLimit:5.0]]
[2019.04.22-05.32.59:738][  0]LogConfig: Setting CVar [[s.PriorityLevelStreamingActorsUpdateExtraTime:5.0]]
[2019.04.22-05.32.59:738][  0]LogConfig: Setting CVar [[s.LevelStreamingComponentsRegistrationGranularity:10]]
[2019.04.22-05.32.59:738][  0]LogConfig: Setting CVar [[s.UnregisterComponentsTimeLimit:1.0]]
[2019.04.22-05.32.59:738][  0]LogConfig: Setting CVar [[s.LevelStreamingComponentsUnregistrationGranularity:5]]
[2019.04.22-05.32.59:738][  0]LogConfig: Applying CVar settings from Section [/Script/Engine.GarbageCollectionSettings] File [C:/Users/jonfr/Documents/GitHub/Blaster-Unreal/Blaster/Saved/Config/Windows/Engine.ini]
[2019.04.22-05.32.59:738][  0]LogConfig: Setting CVar [[gc.MaxObjectsNotConsideredByGC:1]]
[2019.04.22-05.32.59:738][  0]LogConfig: Setting CVar [[gc.SizeOfPermanentObjectPool:0]]
[2019.04.22-05.32.59:738][  0]LogConfig: Setting CVar [[gc.FlushStreamingOnGC:0]]
[2019.04.22-05.32.59:738][  0]LogConfig: Setting CVar [[gc.NumRetriesBeforeForcingGC:10]]
[2019.04.22-05.32.59:738][  0]LogConfig: Setting CVar [[gc.AllowParallelGC:1]]
[2019.04.22-05.32.59:738][  0]LogConfig: Setting CVar [[gc.TimeBetweenPurgingPendingKillObjects:61.1]]
[2019.04.22-05.32.59:738][  0]LogConfig: Setting CVar [[gc.MaxObjectsInEditor:8388607]]
[2019.04.22-05.32.59:738][  0]LogConfig: Setting CVar [[gc.IncrementalBeginDestroyEnabled:1]]
[2019.04.22-05.32.59:738][  0]LogConfig: Setting CVar [[gc.CreateGCClusters:1]]
[2019.04.22-05.32.59:738][  0]LogConfig: Setting CVar [[gc.MergeGCClusters:0]]
[2019.04.22-05.32.59:738][  0]LogConfig: Setting CVar [[gc.MinGCClusterSize:5]]
[2019.04.22-05.32.59:738][  0]LogConfig: Setting CVar [[gc.ActorClusteringEnabled:0]]
[2019.04.22-05.32.59:738][  0]LogConfig: Setting CVar [[gc.BlueprintClusteringEnabled:0]]
[2019.04.22-05.32.59:738][  0]LogConfig: Setting CVar [[gc.UseDisregardForGCOnDedicatedServers:0]]
[2019.04.22-05.32.59:738][  0]LogConfig: Applying CVar settings from Section [/Script/Engine.NetworkSettings] File [C:/Users/jonfr/Documents/GitHub/Blaster-Unreal/Blaster/Saved/Config/Windows/Engine.ini]
[2019.04.22-05.32.59:738][  0]LogConfig: Applying CVar settings from Section [/Script/UnrealEd.CookerSettings] File [C:/Users/jonfr/Documents/GitHub/Blaster-Unreal/Blaster/Saved/Config/Windows/Engine.ini]
[2019.04.22-05.32.59:743][  0]LogConfig: Applying CVar settings from Section [ViewDistanceQuality@3] File [C:/Users/jonfr/Documents/GitHub/Blaster-Unreal/Blaster/Saved/Config/Windows/Scalability.ini]
[2019.04.22-05.32.59:743][  0]LogConfig: Setting CVar [[r.SkeletalMeshLODBias:0]]
[2019.04.22-05.32.59:743][  0]LogConfig: Setting CVar [[r.ViewDistanceScale:1.0]]
[2019.04.22-05.32.59:743][  0]LogConfig: Applying CVar settings from Section [AntiAliasingQuality@3] File [C:/Users/jonfr/Documents/GitHub/Blaster-Unreal/Blaster/Saved/Config/Windows/Scalability.ini]
[2019.04.22-05.32.59:743][  0]LogConfig: Setting CVar [[r.PostProcessAAQuality:4]]
[2019.04.22-05.32.59:743][  0]LogConfig: Applying CVar settings from Section [ShadowQuality@3] File [C:/Users/jonfr/Documents/GitHub/Blaster-Unreal/Blaster/Saved/Config/Windows/Scalability.ini]
[2019.04.22-05.32.59:743][  0]LogConfig: Setting CVar [[r.LightFunctionQuality:1]]
[2019.04.22-05.32.59:744][  0]LogConfig: Setting CVar [[r.ShadowQuality:5]]
[2019.04.22-05.32.59:744][  0]LogConfig: Setting CVar [[r.Shadow.CSM.MaxCascades:10]]
[2019.04.22-05.32.59:744][  0]LogConfig: Setting CVar [[r.Shadow.MaxResolution:2048]]
[2019.04.22-05.32.59:744][  0]LogConfig: Setting CVar [[r.Shadow.MaxCSMResolution:2048]]
[2019.04.22-05.32.59:744][  0]LogConfig: Setting CVar [[r.Shadow.RadiusThreshold:0.01]]
[2019.04.22-05.32.59:744][  0]LogConfig: Setting CVar [[r.Shadow.DistanceScale:1.0]]
[2019.04.22-05.32.59:744][  0]LogConfig: Setting CVar [[r.Shadow.CSM.TransitionScale:1.0]]
[2019.04.22-05.32.59:744][  0]LogConfig: Setting CVar [[r.Shadow.PreShadowResolutionFactor:1.0]]
[2019.04.22-05.32.59:744][  0]LogConfig: Setting CVar [[r.DistanceFieldShadowing:1]]
[2019.04.22-05.32.59:744][  0]LogConfig: Setting CVar [[r.DistanceFieldAO:1]]
[2019.04.22-05.32.59:744][  0]LogConfig: Setting CVar [[r.AOQuality:2]]
[2019.04.22-05.32.59:744][  0]LogConfig: Setting CVar [[r.VolumetricFog:1]]
[2019.04.22-05.32.59:744][  0]LogConfig: Setting CVar [[r.VolumetricFog.GridPixelSize:8]]
[2019.04.22-05.32.59:744][  0]LogConfig: Setting CVar [[r.VolumetricFog.GridSizeZ:128]]
[2019.04.22-05.32.59:744][  0]LogConfig: Setting CVar [[r.VolumetricFog.HistoryMissSupersampleCount:4]]
[2019.04.22-05.32.59:744][  0]LogConfig: Setting CVar [[r.LightMaxDrawDistanceScale:1]]
[2019.04.22-05.32.59:744][  0]LogConfig: Setting CVar [[r.CapsuleShadows:1]]
[2019.04.22-05.32.59:744][  0]LogConfig: Applying CVar settings from Section [PostProcessQuality@3] File [C:/Users/jonfr/Documents/GitHub/Blaster-Unreal/Blaster/Saved/Config/Windows/Scalability.ini]
[2019.04.22-05.32.59:744][  0]LogConfig: Setting CVar [[r.MotionBlurQuality:4]]
[2019.04.22-05.32.59:744][  0]LogConfig: Setting CVar [[r.AmbientOcclusionMipLevelFactor:0.4]]
[2019.04.22-05.32.59:744][  0]LogConfig: Setting CVar [[r.AmbientOcclusionMaxQuality:100]]
[2019.04.22-05.32.59:744][  0]LogConfig: Setting CVar [[r.AmbientOcclusionLevels:-1]]
[2019.04.22-05.32.59:744][  0]LogConfig: Setting CVar [[r.AmbientOcclusionRadiusScale:1.0]]
[2019.04.22-05.32.59:744][  0]LogConfig: Setting CVar [[r.DepthOfFieldQuality:2]]
[2019.04.22-05.32.59:744][  0]LogConfig: Setting CVar [[r.RenderTargetPoolMin:400]]
[2019.04.22-05.32.59:744][  0]LogConfig: Setting CVar [[r.LensFlareQuality:2]]
[2019.04.22-05.32.59:744][  0]LogConfig: Setting CVar [[r.SceneColorFringeQuality:1]]
[2019.04.22-05.32.59:744][  0]LogConfig: Setting CVar [[r.EyeAdaptationQuality:2]]
[2019.04.22-05.32.59:744][  0]LogConfig: Setting CVar [[r.BloomQuality:5]]
[2019.04.22-05.32.59:744][  0]LogConfig: Setting CVar [[r.FastBlurThreshold:100]]
[2019.04.22-05.32.59:744][  0]LogConfig: Setting CVar [[r.Upscale.Quality:3]]
[2019.04.22-05.32.59:744][  0]LogConfig: Setting CVar [[r.Tonemapper.GrainQuantization:1]]
[2019.04.22-05.32.59:744][  0]LogConfig: Setting CVar [[r.LightShaftQuality:1]]
[2019.04.22-05.32.59:744][  0]LogConfig: Setting CVar [[r.Filter.SizeScale:1]]
[2019.04.22-05.32.59:745][  0]LogConfig: Setting CVar [[r.Tonemapper.Quality:5]]
[2019.04.22-05.32.59:745][  0]LogConfig: Setting CVar [[r.DOF.Gather.AccumulatorQuality:1        ; higher gathering accumulator quality]]
[2019.04.22-05.32.59:745][  0]LogConfig: Setting CVar [[r.DOF.Gather.PostfilterMethod:1          ; Median3x3 postfilering method]]
[2019.04.22-05.32.59:745][  0]LogConfig: Setting CVar [[r.DOF.Gather.EnableBokehSettings:0       ; no bokeh simulation when gathering]]
[2019.04.22-05.32.59:745][  0]LogConfig: Setting CVar [[r.DOF.Gather.RingCount:4                 ; medium number of samples when gathering]]
[2019.04.22-05.32.59:745][  0]LogConfig: Setting CVar [[r.DOF.Scatter.ForegroundCompositing:1    ; additive foreground scattering]]
[2019.04.22-05.32.59:745][  0]LogConfig: Setting CVar [[r.DOF.Scatter.BackgroundCompositing:2    ; additive background scattering]]
[2019.04.22-05.32.59:745][  0]LogConfig: Setting CVar [[r.DOF.Scatter.EnableBokehSettings:1      ; bokeh simulation when scattering]]
[2019.04.22-05.32.59:745][  0]LogConfig: Setting CVar [[r.DOF.Scatter.MaxSpriteRatio:0.1         ; only a maximum of 10% of scattered bokeh]]
[2019.04.22-05.32.59:745][  0]LogConfig: Setting CVar [[r.DOF.Recombine.Quality:1                ; cheap slight out of focus]]
[2019.04.22-05.32.59:745][  0]LogConfig: Setting CVar [[r.DOF.Recombine.EnableBokehSettings:0    ; no bokeh simulation on slight out of focus]]
[2019.04.22-05.32.59:745][  0]LogConfig: Setting CVar [[r.DOF.TemporalAAQuality:1                ; more stable temporal accumulation]]
[2019.04.22-05.32.59:745][  0]LogConfig: Setting CVar [[r.DOF.Kernel.MaxForegroundRadius:0.025]]
[2019.04.22-05.32.59:745][  0]LogConfig: Setting CVar [[r.DOF.Kernel.MaxBackgroundRadius:0.025]]
[2019.04.22-05.32.59:745][  0]LogConfig: Applying CVar settings from Section [TextureQuality@3] File [C:/Users/jonfr/Documents/GitHub/Blaster-Unreal/Blaster/Saved/Config/Windows/Scalability.ini]
[2019.04.22-05.32.59:745][  0]LogConfig: Setting CVar [[r.Streaming.MipBias:0]]
[2019.04.22-05.32.59:745][  0]LogConfig: Setting CVar [[r.Streaming.AmortizeCPUToGPUCopy:0]]
[2019.04.22-05.32.59:745][  0]LogConfig: Setting CVar [[r.Streaming.MaxNumTexturesToStreamPerFrame:0]]
[2019.04.22-05.32.59:745][  0]LogConfig: Setting CVar [[r.Streaming.Boost:1]]
[2019.04.22-05.32.59:745][  0]LogConfig: Setting CVar [[r.MaxAnisotropy:8]]
[2019.04.22-05.32.59:745][  0]LogConfig: Setting CVar [[r.Streaming.LimitPoolSizeToVRAM:0]]
[2019.04.22-05.32.59:745][  0]LogConfig: Setting CVar [[r.Streaming.PoolSize:1000]]
[2019.04.22-05.32.59:745][  0]LogConfig: Setting CVar [[r.Streaming.MaxEffectiveScreenSize:0]]
[2019.04.22-05.32.59:745][  0]LogConfig: Applying CVar settings from Section [EffectsQuality@3] File [C:/Users/jonfr/Documents/GitHub/Blaster-Unreal/Blaster/Saved/Config/Windows/Scalability.ini]
[2019.04.22-05.32.59:745][  0]LogConfig: Setting CVar [[r.TranslucencyLightingVolumeDim:64]]
[2019.04.22-05.32.59:745][  0]LogConfig: Setting CVar [[r.RefractionQuality:2]]
[2019.04.22-05.32.59:745][  0]LogConfig: Setting CVar [[r.SSR.Quality:3]]
[2019.04.22-05.32.59:745][  0]LogConfig: Setting CVar [[r.SceneColorFormat:4]]
[2019.04.22-05.32.59:745][  0]LogConfig: Setting CVar [[r.DetailMode:2]]
[2019.04.22-05.32.59:745][  0]LogConfig: Setting CVar [[r.TranslucencyVolumeBlur:1]]
[2019.04.22-05.32.59:745][  0]LogConfig: Setting CVar [[r.MaterialQualityLevel:1 ; High quality]]
[2019.04.22-05.32.59:745][  0]LogConfig: Setting CVar [[r.SSS.Scale:1]]
[2019.04.22-05.32.59:745][  0]LogConfig: Setting CVar [[r.SSS.SampleSet:2]]
[2019.04.22-05.32.59:746][  0]LogConfig: Setting CVar [[r.SSS.Quality:1]]
[2019.04.22-05.32.59:746][  0]LogConfig: Setting CVar [[r.SSS.HalfRes:1]]
[2019.04.22-05.32.59:746][  0]LogConfig: Setting CVar [[r.EmitterSpawnRateScale:1.0]]
[2019.04.22-05.32.59:746][  0]LogConfig: Setting CVar [[r.ParticleLightQuality:2]]
[2019.04.22-05.32.59:746][  0]LogConfig: Applying CVar settings from Section [FoliageQuality@3] File [C:/Users/jonfr/Documents/GitHub/Blaster-Unreal/Blaster/Saved/Config/Windows/Scalability.ini]
[2019.04.22-05.32.59:746][  0]LogConfig: Setting CVar [[foliage.DensityScale:1.0]]
[2019.04.22-05.32.59:746][  0]LogConfig: Setting CVar [[grass.DensityScale:1.0]]
[2019.04.22-05.32.59:746][  0]LogInit: Selected Device Profile: [Windows]
[2019.04.22-05.32.59:746][  0]LogInit: Applying CVar settings loaded from the selected device profile: [Windows]
[2019.04.22-05.32.59:805][  0]LogHAL: Display: Platform has ~ 7 GB [7411744768 / 8589934592 / 7], which maps to Smaller [LargestMinGB=32, LargerMinGB=12, DefaultMinGB=8, SmallerMinGB=6, SmallestMinGB=0)
[2019.04.22-05.32.59:805][  0]LogConfig: Setting CVar [[r.Vulkan.UseRealUBs:1]]
[2019.04.22-05.32.59:805][  0]LogInit: Going up to parent DeviceProfile []
[2019.04.22-05.32.59:805][  0]LogConfig: Applying CVar settings from Section [ViewDistanceQuality@3] File [C:/Users/jonfr/Documents/GitHub/Blaster-Unreal/Blaster/Saved/Config/Windows/Scalability.ini]
[2019.04.22-05.32.59:805][  0]LogConfig: Setting CVar [[r.SkeletalMeshLODBias:0]]
[2019.04.22-05.32.59:805][  0]LogConfig: Setting CVar [[r.ViewDistanceScale:1.0]]
[2019.04.22-05.32.59:805][  0]LogConfig: Applying CVar settings from Section [AntiAliasingQuality@3] File [C:/Users/jonfr/Documents/GitHub/Blaster-Unreal/Blaster/Saved/Config/Windows/Scalability.ini]
[2019.04.22-05.32.59:805][  0]LogConfig: Setting CVar [[r.PostProcessAAQuality:4]]
[2019.04.22-05.32.59:805][  0]LogConfig: Applying CVar settings from Section [ShadowQuality@3] File [C:/Users/jonfr/Documents/GitHub/Blaster-Unreal/Blaster/Saved/Config/Windows/Scalability.ini]
[2019.04.22-05.32.59:805][  0]LogConfig: Setting CVar [[r.LightFunctionQuality:1]]
[2019.04.22-05.32.59:805][  0]LogConfig: Setting CVar [[r.ShadowQuality:5]]
[2019.04.22-05.32.59:805][  0]LogConfig: Setting CVar [[r.Shadow.CSM.MaxCascades:10]]
[2019.04.22-05.32.59:805][  0]LogConfig: Setting CVar [[r.Shadow.MaxResolution:2048]]
[2019.04.22-05.32.59:805][  0]LogConfig: Setting CVar [[r.Shadow.MaxCSMResolution:2048]]
[2019.04.22-05.32.59:805][  0]LogConfig: Setting CVar [[r.Shadow.RadiusThreshold:0.01]]
[2019.04.22-05.32.59:805][  0]LogConfig: Setting CVar [[r.Shadow.DistanceScale:1.0]]
[2019.04.22-05.32.59:805][  0]LogConfig: Setting CVar [[r.Shadow.CSM.TransitionScale:1.0]]
[2019.04.22-05.32.59:805][  0]LogConfig: Setting CVar [[r.Shadow.PreShadowResolutionFactor:1.0]]
[2019.04.22-05.32.59:805][  0]LogConfig: Setting CVar [[r.DistanceFieldShadowing:1]]
[2019.04.22-05.32.59:805][  0]LogConfig: Setting CVar [[r.DistanceFieldAO:1]]
[2019.04.22-05.32.59:805][  0]LogConfig: Setting CVar [[r.AOQuality:2]]
[2019.04.22-05.32.59:805][  0]LogConfig: Setting CVar [[r.VolumetricFog:1]]
[2019.04.22-05.32.59:805][  0]LogConfig: Setting CVar [[r.VolumetricFog.GridPixelSize:8]]
[2019.04.22-05.32.59:806][  0]LogConfig: Setting CVar [[r.VolumetricFog.GridSizeZ:128]]
[2019.04.22-05.32.59:806][  0]LogConfig: Setting CVar [[r.VolumetricFog.HistoryMissSupersampleCount:4]]
[2019.04.22-05.32.59:806][  0]LogConfig: Setting CVar [[r.LightMaxDrawDistanceScale:1]]
[2019.04.22-05.32.59:806][  0]LogConfig: Setting CVar [[r.CapsuleShadows:1]]
[2019.04.22-05.32.59:806][  0]LogConfig: Applying CVar settings from Section [PostProcessQuality@3] File [C:/Users/jonfr/Documents/GitHub/Blaster-Unreal/Blaster/Saved/Config/Windows/Scalability.ini]
[2019.04.22-05.32.59:806][  0]LogConfig: Setting CVar [[r.MotionBlurQuality:4]]
[2019.04.22-05.32.59:806][  0]LogConfig: Setting CVar [[r.AmbientOcclusionMipLevelFactor:0.4]]
[2019.04.22-05.32.59:806][  0]LogConfig: Setting CVar [[r.AmbientOcclusionMaxQuality:100]]
[2019.04.22-05.32.59:806][  0]LogConfig: Setting CVar [[r.AmbientOcclusionLevels:-1]]
[2019.04.22-05.32.59:806][  0]LogConfig: Setting CVar [[r.AmbientOcclusionRadiusScale:1.0]]
[2019.04.22-05.32.59:806][  0]LogConfig: Setting CVar [[r.DepthOfFieldQuality:2]]
[2019.04.22-05.32.59:806][  0]LogConfig: Setting CVar [[r.RenderTargetPoolMin:400]]
[2019.04.22-05.32.59:806][  0]LogConfig: Setting CVar [[r.LensFlareQuality:2]]
[2019.04.22-05.32.59:806][  0]LogConfig: Setting CVar [[r.SceneColorFringeQuality:1]]
[2019.04.22-05.32.59:806][  0]LogConfig: Setting CVar [[r.EyeAdaptationQuality:2]]
[2019.04.22-05.32.59:806][  0]LogConfig: Setting CVar [[r.BloomQuality:5]]
[2019.04.22-05.32.59:806][  0]LogConfig: Setting CVar [[r.FastBlurThreshold:100]]
[2019.04.22-05.32.59:806][  0]LogConfig: Setting CVar [[r.Upscale.Quality:3]]
[2019.04.22-05.32.59:806][  0]LogConfig: Setting CVar [[r.Tonemapper.GrainQuantization:1]]
[2019.04.22-05.32.59:806][  0]LogConfig: Setting CVar [[r.LightShaftQuality:1]]
[2019.04.22-05.32.59:806][  0]LogConfig: Setting CVar [[r.Filter.SizeScale:1]]
[2019.04.22-05.32.59:806][  0]LogConfig: Setting CVar [[r.Tonemapper.Quality:5]]
[2019.04.22-05.32.59:806][  0]LogConfig: Setting CVar [[r.DOF.Gather.AccumulatorQuality:1        ; higher gathering accumulator quality]]
[2019.04.22-05.32.59:806][  0]LogConfig: Setting CVar [[r.DOF.Gather.PostfilterMethod:1          ; Median3x3 postfilering method]]
[2019.04.22-05.32.59:806][  0]LogConfig: Setting CVar [[r.DOF.Gather.EnableBokehSettings:0       ; no bokeh simulation when gathering]]
[2019.04.22-05.32.59:806][  0]LogConfig: Setting CVar [[r.DOF.Gather.RingCount:4                 ; medium number of samples when gathering]]
[2019.04.22-05.32.59:806][  0]LogConfig: Setting CVar [[r.DOF.Scatter.ForegroundCompositing:1    ; additive foreground scattering]]
[2019.04.22-05.32.59:806][  0]LogConfig: Setting CVar [[r.DOF.Scatter.BackgroundCompositing:2    ; additive background scattering]]
[2019.04.22-05.32.59:806][  0]LogConfig: Setting CVar [[r.DOF.Scatter.EnableBokehSettings:1      ; bokeh simulation when scattering]]
[2019.04.22-05.32.59:806][  0]LogConfig: Setting CVar [[r.DOF.Scatter.MaxSpriteRatio:0.1         ; only a maximum of 10% of scattered bokeh]]
[2019.04.22-05.32.59:806][  0]LogConfig: Setting CVar [[r.DOF.Recombine.Quality:1                ; cheap slight out of focus]]
[2019.04.22-05.32.59:806][  0]LogConfig: Setting CVar [[r.DOF.Recombine.EnableBokehSettings:0    ; no bokeh simulation on slight out of focus]]
[2019.04.22-05.32.59:806][  0]LogConfig: Setting CVar [[r.DOF.TemporalAAQuality:1                ; more stable temporal accumulation]]
[2019.04.22-05.32.59:806][  0]LogConfig: Setting CVar [[r.DOF.Kernel.MaxForegroundRadius:0.025]]
[2019.04.22-05.32.59:807][  0]LogConfig: Setting CVar [[r.DOF.Kernel.MaxBackgroundRadius:0.025]]
[2019.04.22-05.32.59:807][  0]LogConfig: Applying CVar settings from Section [TextureQuality@3] File [C:/Users/jonfr/Documents/GitHub/Blaster-Unreal/Blaster/Saved/Config/Windows/Scalability.ini]
[2019.04.22-05.32.59:807][  0]LogConfig: Setting CVar [[r.Streaming.MipBias:0]]
[2019.04.22-05.32.59:807][  0]LogConfig: Setting CVar [[r.Streaming.AmortizeCPUToGPUCopy:0]]
[2019.04.22-05.32.59:807][  0]LogConfig: Setting CVar [[r.Streaming.MaxNumTexturesToStreamPerFrame:0]]
[2019.04.22-05.32.59:807][  0]LogConfig: Setting CVar [[r.Streaming.Boost:1]]
[2019.04.22-05.32.59:807][  0]LogConfig: Setting CVar [[r.MaxAnisotropy:8]]
[2019.04.22-05.32.59:807][  0]LogConfig: Setting CVar [[r.Streaming.LimitPoolSizeToVRAM:0]]
[2019.04.22-05.32.59:807][  0]LogConfig: Setting CVar [[r.Streaming.PoolSize:1000]]
[2019.04.22-05.32.59:807][  0]LogConfig: Setting CVar [[r.Streaming.MaxEffectiveScreenSize:0]]
[2019.04.22-05.32.59:807][  0]LogConfig: Applying CVar settings from Section [EffectsQuality@3] File [C:/Users/jonfr/Documents/GitHub/Blaster-Unreal/Blaster/Saved/Config/Windows/Scalability.ini]
[2019.04.22-05.32.59:807][  0]LogConfig: Setting CVar [[r.TranslucencyLightingVolumeDim:64]]
[2019.04.22-05.32.59:807][  0]LogConfig: Setting CVar [[r.RefractionQuality:2]]
[2019.04.22-05.32.59:807][  0]LogConfig: Setting CVar [[r.SSR.Quality:3]]
[2019.04.22-05.32.59:807][  0]LogConfig: Setting CVar [[r.SceneColorFormat:4]]
[2019.04.22-05.32.59:807][  0]LogConfig: Setting CVar [[r.DetailMode:2]]
[2019.04.22-05.32.59:807][  0]LogConfig: Setting CVar [[r.TranslucencyVolumeBlur:1]]
[2019.04.22-05.32.59:807][  0]LogConfig: Setting CVar [[r.MaterialQualityLevel:1 ; High quality]]
[2019.04.22-05.32.59:807][  0]LogConfig: Setting CVar [[r.SSS.Scale:1]]
[2019.04.22-05.32.59:807][  0]LogConfig: Setting CVar [[r.SSS.SampleSet:2]]
[2019.04.22-05.32.59:807][  0]LogConfig: Setting CVar [[r.SSS.Quality:1]]
[2019.04.22-05.32.59:807][  0]LogConfig: Setting CVar [[r.SSS.HalfRes:1]]
[2019.04.22-05.32.59:807][  0]LogConfig: Setting CVar [[r.EmitterSpawnRateScale:1.0]]
[2019.04.22-05.32.59:807][  0]LogConfig: Setting CVar [[r.ParticleLightQuality:2]]
[2019.04.22-05.32.59:807][  0]LogConfig: Applying CVar settings from Section [FoliageQuality@3] File [C:/Users/jonfr/Documents/GitHub/Blaster-Unreal/Blaster/Saved/Config/Windows/Scalability.ini]
[2019.04.22-05.32.59:807][  0]LogConfig: Setting CVar [[foliage.DensityScale:1.0]]
[2019.04.22-05.32.59:807][  0]LogConfig: Setting CVar [[grass.DensityScale:1.0]]
[2019.04.22-05.32.59:807][  0]LogConfig: Applying CVar settings from Section [Startup] File [../../../Engine/Config/ConsoleVariables.ini]
[2019.04.22-05.32.59:808][  0]LogConfig: Setting CVar [[net.UseAdaptiveNetUpdateFrequency:0]]
[2019.04.22-05.32.59:808][  0]LogConfig: Applying CVar settings from Section [ConsoleVariables] File [C:/Users/jonfr/Documents/GitHub/Blaster-Unreal/Blaster/Saved/Config/Windows/Engine.ini]
[2019.04.22-05.32.59:808][  0]LogInit: Computer: LAPTOP-GLAOME3P
[2019.04.22-05.32.59:808][  0]LogInit: User: jonfr
[2019.04.22-05.32.59:808][  0]LogInit: CPU Page size=4096, Cores=4
[2019.04.22-05.32.59:808][  0]LogInit: High frequency timer resolution =1.949461 MHz
[2019.04.22-05.32.59:809][  0]LogMemory: Memory total: Physical=6.9GB (7GB approx)
[2019.04.22-05.32.59:809][  0]LogMemory: Platform Memory Stats for Windows
[2019.04.22-05.32.59:809][  0]LogMemory: Process Physical Memory: 103.91 MB used, 103.91 MB peak
[2019.04.22-05.32.59:809][  0]LogMemory: Process Virtual Memory: 98.52 MB used, 98.52 MB peak
[2019.04.22-05.32.59:809][  0]LogMemory: Physical Memory: 5214.73 MB used,  1853.66 MB free, 7068.39 MB total
[2019.04.22-05.32.59:809][  0]LogMemory: Virtual Memory: 4659.79 MB used,  134213072.00 MB free, 134217728.00 MB total
[2019.04.22-05.32.59:868][  0]LogInit: Using OS detected language (en-US).
[2019.04.22-05.32.59:868][  0]LogInit: Using OS detected locale (en-US).
[2019.04.22-05.32.59:871][  0]LogTextLocalizationManager: No specific localization for 'en-US' exists, so the 'en' localization will be used.
[2019.04.22-05.33.00:685][  0]LogStreaming: Display: Took  0.817s to InitEngineTextLocalization.
[2019.04.22-05.33.00:685][  0]LogInit: Setting process to per monitor DPI aware
[2019.04.22-05.33.00:744][  0]LogSlate: New Slate User Created.  User Index 0, Is Virtual User: 0
[2019.04.22-05.33.00:744][  0]LogSlate: Slate User Registered.  User Index 0, Is Virtual User: 0
[2019.04.22-05.33.01:087][  0]LogHMD: Failed to initialize OpenVR with code 110
[2019.04.22-05.33.01:087][  0]LogD3D11RHI: D3D11 adapters:
[2019.04.22-05.33.01:122][  0]LogD3D11RHI:    0. 'AMD Radeon(TM) Vega 8 Graphics' (Feature Level 11_0)
[2019.04.22-05.33.01:122][  0]LogD3D11RHI:       1009/0/3534 MB DedicatedVideo/DedicatedSystem/SharedSystem, Outputs:1, VendorId:0x1002
[2019.04.22-05.33.01:710][  0]LogD3D11RHI:    1. 'Radeon RX 560X Series' (Feature Level 11_0)
[2019.04.22-05.33.01:710][  0]LogD3D11RHI:       4078/0/3534 MB DedicatedVideo/DedicatedSystem/SharedSystem, Outputs:0, VendorId:0x1002
[2019.04.22-05.33.01:719][  0]LogD3D11RHI:    2. 'Microsoft Basic Render Driver' (Feature Level 11_0)
[2019.04.22-05.33.01:719][  0]LogD3D11RHI:       0/0/3534 MB DedicatedVideo/DedicatedSystem/SharedSystem, Outputs:0, VendorId:0x1414
[2019.04.22-05.33.01:719][  0]LogD3D11RHI: Chosen D3D11 Adapter: 0
[2019.04.22-05.33.01:744][  0]LogD3D11RHI: Creating new Direct3DDevice
[2019.04.22-05.33.01:745][  0]LogD3D11RHI:     GPU DeviceId: 0x15dd (for the marketing name, search the web for "GPU Device Id")
[2019.04.22-05.33.01:745][  0]LogWindows: EnumDisplayDevices:
[2019.04.22-05.33.01:745][  0]LogWindows:    0. 'AMD Radeon(TM) Vega 8 Graphics' (P:1 D:1)
[2019.04.22-05.33.01:746][  0]LogWindows:    1. 'AMD Radeon(TM) Vega 8 Graphics' (P:0 D:0)
[2019.04.22-05.33.01:747][  0]LogWindows: DebugString: FoundDriverCount:2 
[2019.04.22-05.33.01:747][  0]LogD3D11RHI:     Adapter Name: AMD Radeon(TM) Vega 8 Graphics
[2019.04.22-05.33.01:747][  0]LogD3D11RHI:   Driver Version: Crimson ReLive 17.7 (internal:23.20.826.3072, unified:23.20.826.3072)
[2019.04.22-05.33.01:747][  0]LogD3D11RHI:      Driver Date: 6-16-2018
[2019.04.22-05.33.01:747][  0]LogRHI: Texture pool is 706 MB (70% of 1009 MB)
[2019.04.22-05.33.01:823][  0]LogD3D11RHI: Async texture creation enabled
[2019.04.22-05.33.01:839][  0]LogD3D11RHI: GPU Timing Frequency: 25.000000 (Debug: 2 1)
[2019.04.22-05.33.02:627][  0]LogTemp: Display: Loaded TP AllDesktopTargetPlatform
[2019.04.22-05.33.02:652][  0]LogTemp: Display: Loaded TP MacClientTargetPlatform
[2019.04.22-05.33.02:674][  0]LogTemp: Display: Loaded TP MacNoEditorTargetPlatform
[2019.04.22-05.33.02:694][  0]LogTemp: Display: Loaded TP MacServerTargetPlatform
[2019.04.22-05.33.02:719][  0]LogTemp: Display: Loaded TP MacTargetPlatform
[2019.04.22-05.33.02:748][  0]LogTemp: Display: Loaded TP WindowsClientTargetPlatform
[2019.04.22-05.33.02:774][  0]LogTemp: Display: Loaded TP WindowsNoEditorTargetPlatform
[2019.04.22-05.33.02:800][  0]LogTemp: Display: Loaded TP WindowsServerTargetPlatform
[2019.04.22-05.33.02:818][  0]LogTemp: Display: Loaded TP WindowsTargetPlatform
[2019.04.22-05.33.02:958][  0]LogTemp: Display: Loaded TP AndroidTargetPlatform
[2019.04.22-05.33.02:958][  0]LogTemp: Display: Loaded TP AndroidTargetPlatform
[2019.04.22-05.33.02:958][  0]LogTemp: Display: Loaded TP AndroidTargetPlatform
[2019.04.22-05.33.02:958][  0]LogTemp: Display: Loaded TP AndroidTargetPlatform
[2019.04.22-05.33.02:958][  0]LogTemp: Display: Loaded TP AndroidTargetPlatform
[2019.04.22-05.33.02:958][  0]LogTemp: Display: Loaded TP AndroidTargetPlatform
[2019.04.22-05.33.02:958][  0]LogTemp: Display: Loaded TP AndroidTargetPlatform
[2019.04.22-05.33.02:958][  0]LogTemp: Display: Loaded TP AndroidTargetPlatform
[2019.04.22-05.33.02:958][  0]LogTemp: Display: Loaded TP AndroidTargetPlatform
[2019.04.22-05.33.02:958][  0]LogTemp: Display: Loaded TP AndroidTargetPlatform
[2019.04.22-05.33.02:958][  0]LogTemp: Display: Loaded TP AndroidTargetPlatform
[2019.04.22-05.33.02:958][  0]LogTemp: Display: Loaded TP AndroidTargetPlatform
[2019.04.22-05.33.02:958][  0]LogTemp: Display: Loaded TP AndroidTargetPlatform
[2019.04.22-05.33.02:958][  0]LogTemp: Display: Loaded TP AndroidTargetPlatform
[2019.04.22-05.33.02:959][  0]LogTemp: Display: Loaded TP AndroidTargetPlatform
[2019.04.22-05.33.02:959][  0]LogTemp: Display: Loaded TP AndroidTargetPlatform
[2019.04.22-05.33.02:959][  0]LogTemp: Display: Loaded TP AndroidTargetPlatform
[2019.04.22-05.33.02:959][  0]LogTemp: Display: Loaded TP AndroidTargetPlatform
[2019.04.22-05.33.02:964][  0]LogTemp: Display: Loaded TP HTML5TargetPlatform
[2019.04.22-05.33.03:073][  0]LogTemp: Display: Loaded TP IOSTargetPlatform
[2019.04.22-05.33.03:073][  0]LogTemp: Display: Loaded TP IOSTargetPlatform
[2019.04.22-05.33.03:137][  0]LogTemp: Display: Loaded TP TVOSTargetPlatform
[2019.04.22-05.33.03:137][  0]LogTemp: Display: Loaded TP TVOSTargetPlatform
[2019.04.22-05.33.03:174][  0]LogTemp: Display: Loaded TP LinuxClientTargetPlatform
[2019.04.22-05.33.03:211][  0]LogTemp: Display: Loaded TP LinuxNoEditorTargetPlatform
[2019.04.22-05.33.03:234][  0]LogTemp: Display: Loaded TP LinuxServerTargetPlatform
[2019.04.22-05.33.03:262][  0]LogTemp: Display: Loaded TP LinuxTargetPlatform
[2019.04.22-05.33.03:352][  0]LogTemp: Display: Loaded TP LuminTargetPlatform
[2019.04.22-05.33.03:352][  0]LogTemp: Display: Loaded TP LuminTargetPlatform
[2019.04.22-05.33.03:352][  0]LogTargetPlatformManager: Display: Building Assets For Windows
[2019.04.22-05.33.03:502][  0]LogShaderCompilers: Guid format shader working directory is -23 characters bigger than the processId version (../../../../../../Users/jonfr/Documents/GitHub/Blaster-Unreal/Blaster/Intermediate/Shaders/WorkingDirectory/9120/).
[2019.04.22-05.33.03:502][  0]LogShaderCompilers: Cleaned the shader compiler working directory 'C:/Users/jonfr/AppData/Local/Temp/UnrealShaderWorkingDir/6A664EC54B5C1F8466A56FAE31207385/'.
[2019.04.22-05.33.03:507][  0]LogXGEController: Cannot use XGE Controller as Incredibuild is not installed on this machine.
[2019.04.22-05.33.03:507][  0]LogShaderCompilers: Cannot use XGE Shader Compiler as Incredibuild is not installed on this machine.
[2019.04.22-05.33.03:507][  0]LogShaderCompilers: Display: Using Local Shader Compiler.
[2019.04.22-05.33.04:164][  0]LogDerivedDataCache: Display: Max Cache Size: 512 MB
[2019.04.22-05.33.04:256][  0]LogDerivedDataCache: Loaded boot cache 0.09s 71MB C:/Users/jonfr/AppData/Local/UnrealEngine/4.21/DerivedDataCache/Boot.ddc.
[2019.04.22-05.33.04:257][  0]LogDerivedDataCache: Display: Loaded Boot cache: C:/Users/jonfr/AppData/Local/UnrealEngine/4.21/DerivedDataCache/Boot.ddc
[2019.04.22-05.33.04:257][  0]LogDerivedDataCache: FDerivedDataBackendGraph:  Pak pak cache file ../../../../../../Users/jonfr/Documents/GitHub/Blaster-Unreal/Blaster/DerivedDataCache/DDC.ddp not found, will not use a pak cache.
[2019.04.22-05.33.04:257][  0]LogDerivedDataCache: Unable to find inner node Pak for hierarchical cache Hierarchy.
[2019.04.22-05.33.04:257][  0]LogDerivedDataCache: FDerivedDataBackendGraph:  CompressedPak pak cache file ../../../../../../Users/jonfr/Documents/GitHub/Blaster-Unreal/Blaster/DerivedDataCache/Compressed.ddp not found, will not use a pak cache.
[2019.04.22-05.33.04:257][  0]LogDerivedDataCache: Unable to find inner node CompressedPak for hierarchical cache Hierarchy.
[2019.04.22-05.33.04:286][  0]LogDerivedDataCache: Display: Pak cache opened for reading ../../../Engine/DerivedDataCache/Compressed.ddp.
[2019.04.22-05.33.04:286][  0]LogDerivedDataCache: FDerivedDataBackendGraph:  EnterprisePak pak cache file ../../../Enterprise/DerivedDataCache/Compressed.ddp not found, will not use a pak cache.
[2019.04.22-05.33.04:286][  0]LogDerivedDataCache: Unable to find inner node EnterprisePak for hierarchical cache Hierarchy.
[2019.04.22-05.33.04:300][  0]LogDerivedDataCache: Using Local data cache path C:/Users/jonfr/AppData/Local/UnrealEngine/Common/DerivedDataCache: Writable
[2019.04.22-05.33.04:300][  0]LogDerivedDataCache: Shared data cache path not found in *engine.ini, will not use an Shared cache.
[2019.04.22-05.33.04:300][  0]LogDerivedDataCache: Unable to find inner node Shared for hierarchical cache Hierarchy.
[2019.04.22-05.33.04:359][  0]LogMaterial: Verifying Global Shaders for PCD3D_SM5
[2019.04.22-05.33.04:362][  0]LogSlate: Using FreeType 2.6.0
[2019.04.22-05.33.04:363][  0]LogSlate: SlateFontServices - WITH_FREETYPE: 1, WITH_HARFBUZZ: 1
[2019.04.22-05.33.04:521][  0]LogAssetRegistry: FAssetRegistry took 0.0443 seconds to start up
[2019.04.22-05.33.05:186][  0]LogInit: Selected Device Profile: [Windows]
[2019.04.22-05.33.05:547][  0]LogSimplygon: Simplygon DLL not present - disabling.
[2019.04.22-05.33.05:563][  0]LogMeshReduction: Using SimplygonSwarm for distributed automatic mesh merging
[2019.04.22-05.33.05:563][  0]LogMeshReduction: Using ProxyLODMeshReduction for automatic mesh merging
[2019.04.22-05.33.05:563][  0]LogMeshReduction: Using QuadricMeshReduction for automatic static mesh reduction
[2019.04.22-05.33.05:563][  0]LogMeshReduction: No automatic skeletal mesh reduction module available
[2019.04.22-05.33.05:592][  0]LogNetVersion: Blaster 1.0.0, NetCL: 4541578, EngineNetVer: 5, GameNetVer: 0 (Checksum: 1403131496)
[2019.04.22-05.33.07:143][  0]LogPackageLocalizationCache: Processed 12 localized package path(s) for 2 prioritized culture(s) in 0.745728 seconds
[2019.04.22-05.33.07:158][  0]LogUObjectArray: 39775 objects as part of root set at end of initial load.
[2019.04.22-05.33.07:158][  0]LogUObjectAllocator: 6914656 out of 0 bytes used by permanent object pool.
[2019.04.22-05.33.07:159][  0]LogUObjectArray: CloseDisregardForGC: 0/0 objects in disregard for GC pool
[2019.04.22-05.33.09:008][  0]LogTcpMessaging: Initializing TcpMessaging bridge
[2019.04.22-05.33.09:027][  0]LogUdpMessaging: Initializing bridge on interface 0.0.0.0:0 to multicast group 230.0.0.1:6666.
[2019.04.22-05.33.10:129][  0]SourceControl: Source control is disabled
[2019.04.22-05.33.10:129][  0]SourceControl: Source control is disabled
[2019.04.22-05.33.10:132][  0]SourceControl: Source control is disabled
[2019.04.22-05.33.10:135][  0]SourceControl: Source control is disabled
[2019.04.22-05.33.10:393][  0]LogAndroidPermission: UAndroidPermissionCallbackProxy::GetInstance
[2019.04.22-05.33.10:502][  0]LogHoudiniEngine: Starting the Houdini Engine module.
[2019.04.22-05.33.10:502][  0]LogHoudiniEngine: Failed locating or loading libHAPIL.dll
[2019.04.22-05.33.10:504][  0]LogLinker: Warning: Asset '../../Plugins/Runtime/HoudiniEngine/Content/houdini_logo.uasset' has been saved with empty engine version. The asset will be loaded but may be incompatible.
[2019.04.22-05.33.10:510][  0]LogLinker: Warning: Asset '../../Plugins/Runtime/HoudiniEngine/Content/houdini_default_material.uasset' has been saved with empty engine version. The asset will be loaded but may be incompatible.
[2019.04.22-05.33.10:519][  0]LogLinker: Warning: Asset '../../Plugins/Runtime/HoudiniEngine/Content/houdini_bgeo_import.uasset' has been saved with empty engine version. The asset will be loaded but may be incompatible.
[2019.04.22-05.33.10:530][  0]LogOcInput: OculusInput pre-init called
[2019.04.22-05.33.10:731][  0]LogEngine: Initializing Engine...
[2019.04.22-05.33.10:733][  0]LogHMD: Failed to initialize OpenVR with code 110
[2019.04.22-05.33.10:735][  0]LogStats: UGameplayTagsManager::ConstructGameplayTagTree: ImportINI prefixes -  0.000 s
[2019.04.22-05.33.10:735][  0]LogStats: UGameplayTagsManager::ConstructGameplayTagTree: Construct from data asset -  0.000 s
[2019.04.22-05.33.10:735][  0]LogStats: UGameplayTagsManager::ConstructGameplayTagTree: ImportINI -  0.000 s
[2019.04.22-05.33.10:735][  0]LogStats: UGameplayTagsManager::ConstructGameplayTagTree: GameplayTagTreeChangedEvent.Broadcast -  0.000 s
[2019.04.22-05.33.11:197][  0]LogInit: Initializing FReadOnlyCVARCache
[2019.04.22-05.33.11:226][  0]LogAIModule: Creating AISystem for world Untitled
[2019.04.22-05.33.11:244][  0]LogInit: XAudio2 using 'Speakers (2- Realtek High Definition Audio)' : 2 channels at 48 kHz using 32 bits per sample (channel mask 0x3)
[2019.04.22-05.33.11:291][  0]LogInit: FAudioDevice initialized.
[2019.04.22-05.33.11:291][  0]LogNetVersion: Set ProjectVersion to 1.0.0.0. Version Checksum will be recalculated on next use.
[2019.04.22-05.33.11:705][  0]LogDerivedDataCache: Saved boot cache 0.41s 71MB C:/Users/jonfr/AppData/Local/UnrealEngine/4.21/DerivedDataCache/Boot.ddc.
[2019.04.22-05.33.11:719][  0]LogInit: Texture streaming: Enabled
[2019.04.22-05.33.11:845][  0]LogEngineSessionManager: EngineSessionManager initialized
[2019.04.22-05.33.11:914][  0]LogInit: Transaction tracking system initialized
[2019.04.22-05.33.11:998][  0]BlueprintLog: New page: Editor Load
[2019.04.22-05.33.12:203][  0]LocalizationService: Localization service is disabled
[2019.04.22-05.33.13:435][  0]LogCook: Display: Max memory allowance for cook 16384mb min free memory 0mb
[2019.04.22-05.33.13:435][  0]LogCook: Display: Mobile HDR setting 1
[2019.04.22-05.33.13:443][  0]LogFileCache: Scanning file cache for directory 'C:/Users/jonfr/Documents/GitHub/Blaster-Unreal/Blaster/Content/' took 0.09s
[2019.04.22-05.33.13:443][  0]LogGameplayTags: Display: UGameplayTagsManager::DoneAddingNativeTags. DelegateIsBound: 0
[2019.04.22-05.33.13:443][  0]LogStats: UGameplayTagsManager::ConstructGameplayTagTree: ImportINI prefixes -  0.000 s
[2019.04.22-05.33.13:443][  0]LogStats: UGameplayTagsManager::ConstructGameplayTagTree: Construct from data asset -  0.000 s
[2019.04.22-05.33.13:443][  0]LogStats: UGameplayTagsManager::ConstructGameplayTagTree: ImportINI -  0.000 s
[2019.04.22-05.33.13:443][  0]LogStats: UGameplayTagsManager::ConstructGameplayTagTree: GameplayTagTreeChangedEvent.Broadcast -  0.000 s
[2019.04.22-05.33.13:630][  0]LogHoudiniEngineEditor: Starting the Houdini Engine Editor module.
[2019.04.22-05.33.13:631][  0]LogHoudiniEngineEditor: Houdini Engine Editor module startup complete.
[2019.04.22-05.33.13:727][  0]SourceControl: Source control is disabled
[2019.04.22-05.33.13:727][  0]Cmd: MAP LOAD FILE="../../../Engine/Content/Maps/Templates/Template_Default.umap" TEMPLATE=1 SHOWPROGRESS=1 FEATURELEVEL=3
[2019.04.22-05.33.13:727][  0]LightingResults: New page: Lighting Build
[2019.04.22-05.33.13:732][  0]MapCheck: New page: Map Check
[2019.04.22-05.33.13:733][  0]LightingResults: New page: Lighting Build
[2019.04.22-05.33.14:084][  0]LogAIModule: Creating AISystem for world Untitled_1
[2019.04.22-05.33.14:098][  0]LogEditorServer: Finished looking for orphan Actors (0.000 secs)
[2019.04.22-05.33.14:143][  0]Cmd: MAP CHECKDEP NOCLEARLOG
[2019.04.22-05.33.14:144][  0]MapCheck: Map check complete: 0 Error(s), 0 Warning(s), took 0.444ms to complete.
[2019.04.22-05.33.14:144][  0]LogFileHelpers: Loading map 'Template_Default' took 0.417
[2019.04.22-05.33.21:002][  0]LogSlate: Only BGRA pngs, bmps or icos are supported in by External Image Picker
[2019.04.22-05.33.21:253][  0]LogHoudiniEngine: Error: Hapi failed: 
[2019.04.22-05.33.22:192][  0]LogTemp: Executing iPhonePackager certificates Engine -bundlename com.YourCompany.Blaster
[2019.04.22-05.33.22:192][  0]LogTemp: CWD: C:\Program Files\Epic Games\UE_4.21\Engine\Binaries\DotNET\IOS
[2019.04.22-05.33.22:192][  0]LogTemp: Initial Dir: C:\Program Files\Epic Games\UE_4.21
[2019.04.22-05.33.22:192][  0]LogTemp: Env CWD: C:\Program Files\Epic Games\UE_4.21\Engine\Binaries\DotNET\IOS
[2019.04.22-05.33.22:192][  0]LogTemp: BranchPath = LAPTOP-GLAOME3P/C/Program Files/Epic Games/UE_4.21/Engine/Binaries --- GameBranchPath = LAPTOP-GLAOME3P/C/Program Files/Epic Games/UE_4.21/Engine/Binaries
[2019.04.22-05.33.22:192][  0]LogTemp: IPP ERROR: Could not find provision directory 'C:\Users\jonfr\AppData\Local/Apple Computer/MobileDevice/Provisioning Profiles/'.
[2019.04.22-05.33.22:192][  0]LogSlate: Updating window title bar state: overlay mode, drag disabled, window buttons hidden, title bar hidden
[2019.04.22-05.33.22:212][  0]LogSlate: Updating window title bar state: overlay mode, drag disabled, window buttons hidden, title bar hidden
[2019.04.22-05.33.22:232][  0]LogSlate: Updating window title bar state: overlay mode, drag disabled, window buttons hidden, title bar hidden
[2019.04.22-05.33.22:250][  0]LogSlate: Updating window title bar state: overlay mode, drag disabled, window buttons hidden, title bar hidden
[2019.04.22-05.33.22:352][  0]LogCollectionManager: Loaded 0 collections in 0.023218 seconds
[2019.04.22-05.33.22:447][  0]LogFileCache: Scanning file cache for directory 'C:/Users/jonfr/Documents/GitHub/Blaster-Unreal/Blaster/Saved/Collections/' took 0.01s
[2019.04.22-05.33.22:447][  0]LogFileCache: Scanning file cache for directory 'C:/Users/jonfr/Documents/GitHub/Blaster-Unreal/Blaster/Content/Developers/jonfr/Collections/' took 0.00s
[2019.04.22-05.33.22:447][  0]LogFileCache: Scanning file cache for directory 'C:/Users/jonfr/Documents/GitHub/Blaster-Unreal/Blaster/Content/Collections/' took 0.00s
[2019.04.22-05.33.22:447][  0]LogCollectionManager: Rebuilt the GUID cache for 0 collections in 0.000001 seconds
[2019.04.22-05.33.22:472][  0]LogContentBrowser: Native class hierarchy populated in 0.0238 seconds. Added 2689 classes and 627 folders.
[2019.04.22-05.33.22:532][  0]LogContentBrowser: Native class hierarchy updated for 'WidgetCarousel' in 0.0006 seconds. Added 0 classes and 0 folders.
[2019.04.22-05.33.22:617][  0]LogPakFile: Registered encryption key '00000000000000000000000000000000': 0 pak files mounted, 0 remain pending
[2019.04.22-05.33.22:636][  0]LogPakFile: Registered encryption key '00000000000000000000000000000000': 0 pak files mounted, 0 remain pending
[2019.04.22-05.33.22:638][  0]LogPakFile: Registered encryption key '00000000000000000000000000000000': 0 pak files mounted, 0 remain pending
[2019.04.22-05.33.22:640][  0]LogPakFile: Registered encryption key '00000000000000000000000000000000': 0 pak files mounted, 0 remain pending
[2019.04.22-05.33.22:645][  0]LogPakFile: Registered encryption key '00000000000000000000000000000000': 0 pak files mounted, 0 remain pending
[2019.04.22-05.33.22:654][  0]LogPakFile: Registered encryption key '00000000000000000000000000000000': 0 pak files mounted, 0 remain pending
[2019.04.22-05.33.22:657][  0]LogPakFile: Registered encryption key '00000000000000000000000000000000': 0 pak files mounted, 0 remain pending
[2019.04.22-05.33.22:658][  0]LogPakFile: Registered encryption key '00000000000000000000000000000000': 0 pak files mounted, 0 remain pending
[2019.04.22-05.33.22:661][  0]LogPakFile: Registered encryption key '00000000000000000000000000000000': 0 pak files mounted, 0 remain pending
[2019.04.22-05.33.22:672][  0]LogPakFile: Registered encryption key '00000000000000000000000000000000': 0 pak files mounted, 0 remain pending
[2019.04.22-05.33.22:674][  0]LogPakFile: Registered encryption key '00000000000000000000000000000000': 0 pak files mounted, 0 remain pending
[2019.04.22-05.33.22:676][  0]LogPakFile: Registered encryption key '00000000000000000000000000000000': 0 pak files mounted, 0 remain pending
[2019.04.22-05.33.22:678][  0]LogPakFile: Registered encryption key '00000000000000000000000000000000': 0 pak files mounted, 0 remain pending
[2019.04.22-05.33.22:690][  0]LogPakFile: Registered encryption key '00000000000000000000000000000000': 0 pak files mounted, 0 remain pending
[2019.04.22-05.33.22:692][  0]LogPakFile: Registered encryption key '00000000000000000000000000000000': 0 pak files mounted, 0 remain pending
[2019.04.22-05.33.22:694][  0]LogPakFile: Registered encryption key '00000000000000000000000000000000': 0 pak files mounted, 0 remain pending
[2019.04.22-05.33.22:696][  0]LogPakFile: Registered encryption key '00000000000000000000000000000000': 0 pak files mounted, 0 remain pending
[2019.04.22-05.33.22:698][  0]LogPakFile: Registered encryption key '00000000000000000000000000000000': 0 pak files mounted, 0 remain pending
[2019.04.22-05.33.22:700][  0]LogPakFile: Registered encryption key '00000000000000000000000000000000': 0 pak files mounted, 0 remain pending
[2019.04.22-05.33.22:702][  0]LogPakFile: Registered encryption key '00000000000000000000000000000000': 0 pak files mounted, 0 remain pending
[2019.04.22-05.33.22:703][  0]LogPakFile: Registered encryption key '00000000000000000000000000000000': 0 pak files mounted, 0 remain pending
[2019.04.22-05.33.22:705][  0]LogPakFile: Registered encryption key '00000000000000000000000000000000': 0 pak files mounted, 0 remain pending
[2019.04.22-05.33.22:722][  0]LogPakFile: Registered encryption key '00000000000000000000000000000000': 0 pak files mounted, 0 remain pending
[2019.04.22-05.33.22:724][  0]LogPakFile: Registered encryption key '00000000000000000000000000000000': 0 pak files mounted, 0 remain pending
[2019.04.22-05.33.22:746][  0]LogPakFile: Registered encryption key '00000000000000000000000000000000': 0 pak files mounted, 0 remain pending
[2019.04.22-05.33.22:763][  0]LogPakFile: Registered encryption key '00000000000000000000000000000000': 0 pak files mounted, 0 remain pending
[2019.04.22-05.33.23:544][  0]LogContentBrowser: Native class hierarchy updated for 'AddContentDialog' in 0.0005 seconds. Added 0 classes and 0 folders.
[2019.04.22-05.33.23:618][  0]LogContentBrowser: Native class hierarchy updated for 'SceneOutliner' in 0.0004 seconds. Added 1 classes and 2 folders.
[2019.04.22-05.33.24:298][  0]LogSlate: Took 0.000312 seconds to synchronously load lazily loaded font '../../../Engine/Content/Slate/Fonts/Roboto-Regular.ttf' (155K)
[2019.04.22-05.33.24:301][  0]LogSlate: Took 0.000628 seconds to synchronously load lazily loaded font '../../../Engine/Content/Slate/Fonts/Roboto-Bold.ttf' (160K)
[2019.04.22-05.33.24:477][  0]LogSlate: Took 0.027632 seconds to synchronously load lazily loaded font '../../../Engine/Content/Editor/Slate/Fonts/FontAwesome.ttf' (139K)
[2019.04.22-05.33.24:950][  0]LogRenderer: Reallocating scene render targets to support 792x436 Format 10 NumSamples 1 (Frame:1).
[2019.04.22-05.33.25:606][  0]LogContentBrowser: Native class hierarchy updated for 'HierarchicalLODOutliner' in 0.0004 seconds. Added 0 classes and 0 folders.
[2019.04.22-05.33.25:606][  0]LogLoad: (Engine Initialization) Total time: 31.45 seconds
[2019.04.22-05.33.25:606][  0]LogLoad: (Engine Initialization) Total Blueprint compile time: 0.01 seconds
[2019.04.22-05.33.25:891][  0]LogContentStreaming: Texture pool size now 1000 MB
[2019.04.22-05.33.26:203][  2]LogAssetRegistry: Asset discovery search completed in 21.7054 seconds
[2019.04.22-05.33.26:206][  2]LogCollectionManager: Rebuilt the object cache for 0 collections in 0.000000 seconds (found 0 objects)
[2019.04.22-05.33.26:206][  2]LogCollectionManager: Fixed up redirectors for 0 collections in 0.000128 seconds (updated 0 objects)
[2019.04.22-05.33.26:301][  2]LogSlate: Took 0.019381 seconds to synchronously load lazily loaded font '../../../Engine/Content/Slate/Fonts/Roboto-Light.ttf' (167K)
[2019.04.22-05.33.27:174][  5]LogSlate: Took 0.000278 seconds to synchronously load lazily loaded font '../../../Engine/Content/Slate/Fonts/Roboto-Light.ttf' (167K)
[2019.04.22-05.45.10:446][182]LogSlate: FSceneViewport::OnFocusLost() reason 0
[2019.04.22-05.45.19:029][302]LogAssetEditorManager: Opening Asset editor for Blueprint /Game/Blueprints/AI/FirstAI/BP_AI_Controller.BP_AI_Controller
[2019.04.22-05.45.33:554][302]LogContentBrowser: Native class hierarchy updated for 'BlueprintGraph' in 0.0018 seconds. Added 117 classes and 0 folders.
[2019.04.22-05.45.37:069][302]LogAssetEditorManager: Opening Asset editor for AnimBlueprint /Game/Animations/AI/Creature/AB_AI_Creature.AB_AI_Creature
[2019.04.22-05.45.37:223][302]LogLinker: Warning: Can't find file '/Game/Centaur/Meshes/SK_ARROW_ACTION'
[2019.04.22-05.45.37:225][302]LogLinker: Warning: Can't find file '/Game/Centaur/Meshes/SK_ARROW_ACTION'
[2019.04.22-05.45.37:226][302]LogUObjectGlobals: Warning: Failed to find object 'Object /Game/Centaur/Meshes/SK_ARROW_ACTION.SK_Arrow_Action'
[2019.04.22-05.45.37:344][302]LogContentBrowser: Native class hierarchy updated for 'SkeletonEditor' in 0.0007 seconds. Added 1 classes and 2 folders.
[2019.04.22-05.45.39:045][302]LogActorComponent: RegisterComponentWithWorld: (/Engine/Transient.World_3:PersistentLevel.AnimationEditorPreviewActor_0.DebugSkelMeshComponent_0) Already registered. Aborting.
[2019.04.22-05.45.39:118][302]LogContentBrowser: Native class hierarchy updated for 'PinnedCommandList' in 0.0006 seconds. Added 1 classes and 0 folders.
[2019.04.22-05.45.40:528][302]LogSkeletalMesh: USkeletalMeshComponent::InitArticulated : Bodies already created (/Engine/Transient.World_3:PersistentLevel.AnimationEditorPreviewActor_0.DebugSkelMeshComponent_0) - call TermArticulated first.
[2019.04.22-05.45.41:743][302]LogAssetEditorManager: Opening Asset editor for Blueprint /Game/Blueprints/AI/FirstAI/BP_Creature.BP_Creature
[2019.04.22-05.45.42:650][302]LogAssetEditorManager: Opening Asset editor for BlendSpace /Game/Animations/AI/Creature/BS_Creature_Idle-Walk-Run.BS_Creature_Idle-Walk-Run
[2019.04.22-05.45.42:732][302]LogActorComponent: RegisterComponentWithWorld: (/Engine/Transient.World_6:PersistentLevel.AnimationEditorPreviewActor_0.DebugSkelMeshComponent_0) Already registered. Aborting.
[2019.04.22-05.45.42:938][302]LogSkeletalMesh: USkeletalMeshComponent::InitArticulated : Bodies already created (/Engine/Transient.World_6:PersistentLevel.AnimationEditorPreviewActor_0.DebugSkelMeshComponent_0) - call TermArticulated first.
[2019.04.22-05.45.43:589][302]LogAssetEditorManager: Opening Asset editor for SkeletalMesh /Game/QuadrapedCreatures/Centaur/Meshes/SK_Centaur.SK_Centaur
[2019.04.22-05.45.43:622][302]LogActorComponent: RegisterComponentWithWorld: (/Engine/Transient.World_8:PersistentLevel.AnimationEditorPreviewActor_0.DebugSkelMeshComponent_0) Already registered. Aborting.
[2019.04.22-05.45.43:703][302]LogSkeletalMesh: USkeletalMeshComponent::InitArticulated : Bodies already created (/Engine/Transient.World_8:PersistentLevel.AnimationEditorPreviewActor_0.DebugSkelMeshComponent_0) - call TermArticulated first.
[2019.04.22-05.45.44:282][302]LogAssetEditorManager: Opening Asset editor for BlendSpace /Game/Animations/Player/BS_Walk_Run.BS_Walk_Run
[2019.04.22-05.45.44:320][302]LogActorComponent: RegisterComponentWithWorld: (/Engine/Transient.World_9:PersistentLevel.AnimationEditorPreviewActor_0.DebugSkelMeshComponent_0) Already registered. Aborting.
[2019.04.22-05.45.44:369][302]LogSkeletalMesh: USkeletalMeshComponent::InitArticulated : Bodies already created (/Engine/Transient.World_9:PersistentLevel.AnimationEditorPreviewActor_0.DebugSkelMeshComponent_0) - call TermArticulated first.
[2019.04.22-05.45.44:927][302]LogAssetEditorManager: Opening Asset editor for AnimBlueprint /Game/Animations/Player/BP_Player_Anim.BP_Player_Anim
[2019.04.22-05.45.44:966][302]LogActorComponent: RegisterComponentWithWorld: (/Engine/Transient.World_12:PersistentLevel.AnimationEditorPreviewActor_0.DebugSkelMeshComponent_0) Already registered. Aborting.
[2019.04.22-05.45.45:783][302]LogSkeletalMesh: USkeletalMeshComponent::InitArticulated : Bodies already created (/Engine/Transient.World_12:PersistentLevel.AnimationEditorPreviewActor_0.DebugSkelMeshComponent_0) - call TermArticulated first.
[2019.04.22-05.45.53:705][302]LogSlate: Took 0.359522 seconds to synchronously load lazily loaded font '../../../Engine/Content/Slate/Fonts/Roboto-BoldCondensed.ttf' (158K)
[2019.04.22-05.45.58:180][302]LogContentBrowser: Native class hierarchy updated for 'ClothingSystemEditorInterface' in 0.0006 seconds. Added 1 classes and 0 folders.
[2019.04.22-05.45.58:690][302]LogContentBrowser: Verbose: The majority of assets in the view are of type: AnimSequence
[2019.04.22-05.45.59:084][303]LogSlate: Took 0.025992 seconds to synchronously load lazily loaded font '../../../Engine/Content/Slate/Fonts/Roboto-Italic.ttf' (157K)
[2019.04.22-05.46.25:881][383]LogUnrealEdMisc: Warning: Heartbeat event firing too frequently (26.989 sec). This should never happen. Something is wrong with the timer delegate!
[2019.04.22-05.51.22:813][701]LogContentBrowser: Verbose: The majority of assets in the view are of type: AnimSequence
[2019.04.22-05.51.39:348][148]LogSlate: Window 'BP_Player_Anim' being destroyed
[2019.04.22-05.51.39:350][148]LogSlate: Window 'BP_Player_Anim' being destroyed
[2019.04.22-05.54.31:115][373]LogSlate: Window 'Editor Preferences' being destroyed
[2019.04.22-05.54.31:120][373]LogSlate: Window 'Editor Preferences' being destroyed
[2019.04.22-05.54.36:216][541]LogActorComponent: UnregisterComponent: (/Engine/Transient.EditorFloorComp) Not registered. Aborting.
[2019.04.22-05.54.36:296][541]LogSlate: Window 'Blaster - Unreal Editor' being destroyed
[2019.04.22-05.54.36:848][542]Cmd: QUIT_EDITOR
[2019.04.22-05.54.37:867][542]LogWindowsTextInputMethodSystem: Display: IME system now deactivated.
[2019.04.22-05.54.37:962][542]LogExit: Preparing to exit.
[2019.04.22-05.54.40:935][542]LogExit: Editor shut down
[2019.04.22-05.54.40:936][542]LogExit: Transaction tracking system shut down
[2019.04.22-05.54.44:661][542]LogExit: Object subsystem successfully closed.
[2019.04.22-05.54.45:166][542]LogShaderCompilers: Display: Shaders left to compile 0
[2019.04.22-05.54.45:214][542]LogD3D11RHI: Shutdown
[2019.04.22-05.54.45:214][542]LogD3D11RHI: CleanupD3DDevice
[2019.04.22-05.54.45:524][542]LogD3D11RHI: ~FD3D11DynamicRHI
[2019.04.22-05.54.48:419][542]LogModuleManager: Shutting down and abandoning module ClothingSystemEditorInterface (642)
[2019.04.22-05.54.48:421][542]LogModuleManager: Shutting down and abandoning module AnimationEditor (640)
[2019.04.22-05.54.48:421][542]LogModuleManager: Shutting down and abandoning module PinnedCommandList (638)
[2019.04.22-05.54.48:421][542]LogModuleManager: Shutting down and abandoning module SkeletonEditor (636)
[2019.04.22-05.54.48:456][542]LogModuleManager: Shutting down and abandoning module AnimationBlueprintEditor (634)
[2019.04.22-05.54.48:503][542]LogModuleManager: Shutting down and abandoning module BlueprintGraph (632)
[2019.04.22-05.54.48:503][542]LogModuleManager: Shutting down and abandoning module HierarchicalLODOutliner (630)
[2019.04.22-05.54.48:503][542]LogModuleManager: Shutting down and abandoning module SceneOutliner (628)
[2019.04.22-05.54.48:539][542]LogModuleManager: Shutting down and abandoning module AddContentDialog (626)
[2019.04.22-05.54.48:576][542]LogModuleManager: Shutting down and abandoning module WidgetCarousel (625)
[2019.04.22-05.54.48:576][542]LogModuleManager: Shutting down and abandoning module EditorWidgets (622)
[2019.04.22-05.54.48:576][542]LogModuleManager: Shutting down and abandoning module CollectionManager (620)
[2019.04.22-05.54.48:607][542]LogModuleManager: Shutting down and abandoning module ExternalImagePicker (618)
[2019.04.22-05.54.48:607][542]LogModuleManager: Shutting down and abandoning module HierarchicalLODUtilities (616)
[2019.04.22-05.54.48:635][542]LogModuleManager: Shutting down and abandoning module StatsViewer (614)
[2019.04.22-05.54.48:645][542]LogModuleManager: Shutting down and abandoning module FoliageEdit (612)
[2019.04.22-05.54.48:666][542]LogModuleManager: Shutting down and abandoning module LandscapeEditor (610)
[2019.04.22-05.54.48:707][542]LogModuleManager: Shutting down and abandoning module MeshPaintMode (608)
[2019.04.22-05.54.48:727][542]LogModuleManager: Shutting down and abandoning module SceneDepthPickerMode (606)
[2019.04.22-05.54.48:727][542]LogModuleManager: Shutting down and abandoning module ActorPickerMode (604)
[2019.04.22-05.54.48:727][542]LogModuleManager: Shutting down and abandoning module GeometryMode (602)
[2019.04.22-05.54.48:727][542]LogModuleManager: Shutting down and abandoning module TextureAlignMode (600)
[2019.04.22-05.54.48:727][542]LogModuleManager: Shutting down and abandoning module BspMode (598)
[2019.04.22-05.54.48:727][542]LogModuleManager: Shutting down and abandoning module PIEPreviewDeviceProfileSelector (596)
[2019.04.22-05.54.48:778][542]LogModuleManager: Shutting down and abandoning module SequenceRecorderSections (594)
[2019.04.22-05.54.48:802][542]LogModuleManager: Shutting down and abandoning module AutomationWorker (592)
[2019.04.22-05.54.48:802][542]LogModuleManager: Shutting down and abandoning module HoudiniEngineEditor (590)
[2019.04.22-05.54.48:802][542]LogHoudiniEngineEditor: Shutting down the Houdini Engine Editor module.
[2019.04.22-05.54.48:854][542]LogHoudiniEngineEditor: Houdini Engine Editor module shutdown complete.
[2019.04.22-05.54.48:854][542]LogModuleManager: Shutting down and abandoning module AudioCaptureEditor (588)
[2019.04.22-05.54.48:854][542]LogModuleManager: Shutting down and abandoning module MatineeToLevelSequence (586)
[2019.04.22-05.54.48:892][542]LogModuleManager: Shutting down and abandoning module LevelSequenceEditor (584)
[2019.04.22-05.54.48:981][542]LogModuleManager: Shutting down and abandoning module PlacementMode (583)
[2019.04.22-05.54.48:981][542]LogModuleManager: Shutting down and abandoning module MaterialEditor (582)
[2019.04.22-05.54.49:046][542]LogModuleManager: Shutting down and abandoning module WmfMediaFactory (578)
[2019.04.22-05.54.49:046][542]LogModuleManager: Shutting down and abandoning module WmfMediaEditor (576)
[2019.04.22-05.54.49:046][542]LogModuleManager: Shutting down and abandoning module WebMMediaFactory (574)
[2019.04.22-05.54.49:046][542]LogModuleManager: Shutting down and abandoning module WebMMediaEditor (572)
[2019.04.22-05.54.49:046][542]LogModuleManager: Shutting down and abandoning module WebMMedia (570)
[2019.04.22-05.54.49:060][542]LogModuleManager: Shutting down and abandoning module MediaPlayerEditor (568)
[2019.04.22-05.54.49:145][542]LogModuleManager: Shutting down and abandoning module MediaCompositingEditor (566)
[2019.04.22-05.54.49:224][542]LogModuleManager: Shutting down and abandoning module SequenceRecorder (565)
[2019.04.22-05.54.49:224][542]LogModuleManager: Shutting down and abandoning module OpenExrWrapper (562)
[2019.04.22-05.54.49:224][542]LogModuleManager: Shutting down and abandoning module ImgMediaFactory (560)
[2019.04.22-05.54.49:224][542]LogModuleManager: Shutting down and abandoning module ImgMediaEditor (558)
[2019.04.22-05.54.49:224][542]LogModuleManager: Shutting down and abandoning module AvfMediaFactory (556)
[2019.04.22-05.54.49:224][542]LogModuleManager: Shutting down and abandoning module AvfMediaEditor (554)
[2019.04.22-05.54.49:224][542]LogModuleManager: Shutting down and abandoning module AndroidMediaFactory (552)
[2019.04.22-05.54.49:224][542]LogModuleManager: Shutting down and abandoning module AndroidMediaEditor (550)
[2019.04.22-05.54.49:224][542]LogModuleManager: Shutting down and abandoning module MagicLeapCameraPreviewFactory (548)
[2019.04.22-05.54.49:224][542]LogModuleManager: Shutting down and abandoning module MagicLeapMediaFactory (546)
[2019.04.22-05.54.49:224][542]LogModuleManager: Shutting down and abandoning module MagicLeapMediaEditor (544)
[2019.04.22-05.54.49:224][542]LogModuleManager: Shutting down and abandoning module CharacterAI (542)
[2019.04.22-05.54.49:224][542]LogModuleManager: Shutting down and abandoning module SmartSnapping (540)
[2019.04.22-05.54.49:225][542]LogModuleManager: Shutting down and abandoning module SessionServices (538)
[2019.04.22-05.54.49:225][542]LogModuleManager: Shutting down and abandoning module ViewportSnapping (536)
[2019.04.22-05.54.49:225][542]LogModuleManager: Shutting down and abandoning module ViewportInteraction (534)
[2019.04.22-05.54.49:225][542]LogModuleManager: Shutting down and abandoning module ClothPainter (532)
[2019.04.22-05.54.49:243][542]LogModuleManager: Shutting down and abandoning module SkeletalMeshEditor (531)
[2019.04.22-05.54.49:243][542]LogModuleManager: Shutting down and abandoning module LogVisualizer (528)
[2019.04.22-05.54.49:335][542]LogModuleManager: Shutting down and abandoning module IntroTutorials (526)
[2019.04.22-05.54.49:521][542]LogModuleManager: Shutting down and abandoning module GameProjectGeneration (525)
[2019.04.22-05.54.49:547][542]LogModuleManager: Shutting down and abandoning module LuminPlatformEditor (522)
[2019.04.22-05.54.49:547][542]LogModuleManager: Shutting down and abandoning module IOSPlatformEditor (520)
[2019.04.22-05.54.49:547][542]LogModuleManager: Shutting down and abandoning module HTML5PlatformEditor (518)
[2019.04.22-05.54.49:547][542]LogModuleManager: Shutting down and abandoning module AndroidPlatformEditor (516)
[2019.04.22-05.54.49:547][542]LogModuleManager: Shutting down and abandoning module AndroidDeviceDetection (515)
[2019.04.22-05.54.50:183][542]LogModuleManager: Shutting down and abandoning module WindowsPlatformEditor (512)
[2019.04.22-05.54.50:183][542]LogModuleManager: Shutting down and abandoning module LuminRuntimeSettings (510)
[2019.04.22-05.54.50:183][542]LogModuleManager: Shutting down and abandoning module IOSRuntimeSettings (508)
[2019.04.22-05.54.50:183][542]LogModuleManager: Shutting down and abandoning module AndroidRuntimeSettings (506)
[2019.04.22-05.54.50:183][542]LogModuleManager: Shutting down and abandoning module TimeManagementEditor (504)
[2019.04.22-05.54.50:183][542]LogModuleManager: Shutting down and abandoning module InputBindingEditor (502)
[2019.04.22-05.54.50:183][542]LogModuleManager: Shutting down and abandoning module MergeActors (500)
[2019.04.22-05.54.50:212][542]LogModuleManager: Shutting down and abandoning module LocalizationDashboard (498)
[2019.04.22-05.54.50:282][542]LogModuleManager: Shutting down and abandoning module LocalizationService (497)
[2019.04.22-05.54.50:325][542]LogModuleManager: Shutting down and abandoning module HardwareTargeting (494)
[2019.04.22-05.54.50:325][542]LogModuleManager: Shutting down and abandoning module DeviceProfileEditor (492)
[2019.04.22-05.54.50:331][542]LogModuleManager: Shutting down and abandoning module UndoHistory (490)
[2019.04.22-05.54.50:362][542]LogModuleManager: Shutting down and abandoning module XmlParser (488)
[2019.04.22-05.54.50:362][542]LogModuleManager: Shutting down and abandoning module Blutility (486)
[2019.04.22-05.54.50:388][542]LogModuleManager: Shutting down and abandoning module ProjectSettingsViewer (484)
[2019.04.22-05.54.50:388][542]LogModuleManager: Shutting down and abandoning module ProjectTargetPlatformEditor (483)
[2019.04.22-05.54.50:388][542]LogModuleManager: Shutting down and abandoning module EditorSettingsViewer (480)
[2019.04.22-05.54.50:388][542]LogModuleManager: Shutting down and abandoning module SettingsEditor (478)
[2019.04.22-05.54.50:388][542]LogModuleManager: Shutting down and abandoning module ProjectLauncher (476)
[2019.04.22-05.54.50:406][542]LogModuleManager: Shutting down and abandoning module SessionFrontend (474)
[2019.04.22-05.54.50:425][542]LogModuleManager: Shutting down and abandoning module ProfilerClient (472)
[2019.04.22-05.54.50:458][542]LogModuleManager: Shutting down and abandoning module DeviceManager (470)
[2019.04.22-05.54.50:482][542]LogModuleManager: Shutting down and abandoning module TargetDeviceServices (469)
[2019.04.22-05.54.50:552][542]LogModuleManager: Shutting down and abandoning module AutomationController (466)
[2019.04.22-05.54.50:617][542]LogModuleManager: Shutting down and abandoning module AutomationWindow (464)
[2019.04.22-05.54.50:638][542]LogModuleManager: Shutting down and abandoning module Layers (462)
[2019.04.22-05.54.50:880][542]LogModuleManager: Shutting down and abandoning module ComponentVisualizers (460)
[2019.04.22-05.54.50:880][542]LogModuleManager: Shutting down and abandoning module DetailCustomizations (458)
[2019.04.22-05.54.50:931][542]LogModuleManager: Shutting down and abandoning module PackagesDialog (456)
[2019.04.22-05.54.50:962][542]LogModuleManager: Shutting down and abandoning module Persona (454)
[2019.04.22-05.54.50:963][542]LogModuleManager: Shutting down and abandoning module AdvancedPreviewScene (453)
[2019.04.22-05.54.50:963][542]LogModuleManager: Shutting down and abandoning module AnimGraph (451)
[2019.04.22-05.54.50:963][542]LogModuleManager: Shutting down and abandoning module Kismet (448)
[2019.04.22-05.54.50:982][542]LogModuleManager: Shutting down and abandoning module GraphEditor (446)
[2019.04.22-05.54.50:982][542]LogModuleManager: Shutting down and abandoning module ClassViewer (444)
[2019.04.22-05.54.50:982][542]LogModuleManager: Shutting down and abandoning module Toolbox (442)
[2019.04.22-05.54.50:982][542]LogModuleManager: Shutting down and abandoning module ModuleUI (440)
[2019.04.22-05.54.51:006][542]LogModuleManager: Shutting down and abandoning module MovieSceneTools (438)
[2019.04.22-05.54.51:006][542]LogModuleManager: Shutting down and abandoning module OutputLog (436)
[2019.04.22-05.54.51:006][542]LogModuleManager: Shutting down and abandoning module GammaUI (434)
[2019.04.22-05.54.51:022][542]LogModuleManager: Shutting down and abandoning module Documentation (432)
[2019.04.22-05.54.51:022][542]LogModuleManager: Shutting down and abandoning module MovieSceneTracks (430)
[2019.04.22-05.54.51:022][542]LogModuleManager: Shutting down and abandoning module MovieScene (428)
[2019.04.22-05.54.51:056][542]LogModuleManager: Shutting down and abandoning module StreamingPauseRendering (426)
[2019.04.22-05.54.51:084][542]LogModuleManager: Shutting down and abandoning module LauncherPlatform (424)
[2019.04.22-05.54.51:084][542]LogModuleManager: Shutting down and abandoning module AnalyticsET (422)
[2019.04.22-05.54.51:084][542]LogModuleManager: Shutting down and abandoning module PortalServices (420)
[2019.04.22-05.54.51:084][542]LogModuleManager: Shutting down and abandoning module PortalRpc (418)
[2019.04.22-05.54.51:084][542]LogModuleManager: Shutting down and abandoning module MessagingRpc (416)
[2019.04.22-05.54.51:084][542]LogModuleManager: Shutting down and abandoning module AIModule (414)
[2019.04.22-05.54.51:271][542]LogModuleManager: Shutting down and abandoning module GameplayDebugger (413)
[2019.04.22-05.54.51:346][542]LogModuleManager: Shutting down and abandoning module AITestSuite (411)
[2019.04.22-05.54.51:363][542]LogModuleManager: Shutting down and abandoning module NavigationSystem (409)
[2019.04.22-05.54.51:363][542]LogModuleManager: Shutting down and abandoning module DesktopPlatform (406)
[2019.04.22-05.54.51:423][542]LogModuleManager: Shutting down and abandoning module ImageWriteQueue (404)
[2019.04.22-05.54.51:427][542]LogModuleManager: Shutting down and abandoning module ProfilerService (402)
[2019.04.22-05.54.51:458][542]LogModuleManager: Shutting down and abandoning module TaskGraph (400)
[2019.04.22-05.54.51:592][542]LogModuleManager: Shutting down and abandoning module SteamVRController (398)
[2019.04.22-05.54.51:592][542]LogModuleManager: Shutting down and abandoning module ProceduralMeshComponentEditor (396)
[2019.04.22-05.54.51:592][542]LogModuleManager: Shutting down and abandoning module ProceduralMeshComponent (394)
[2019.04.22-05.54.51:614][542]LogModuleManager: Shutting down and abandoning module OculusInput (392)
[2019.04.22-05.54.51:614][542]LogModuleManager: Shutting down and abandoning module MobilePatchingUtils (390)
[2019.04.22-05.54.51:614][542]LogModuleManager: Shutting down and abandoning module HoudiniEngineRuntime (388)
[2019.04.22-05.54.51:614][542]LogHoudiniEngine: Shutting down the Houdini Engine module.
[2019.04.22-05.54.51:775][542]LogModuleManager: Shutting down and abandoning module EditableMesh (386)
[2019.04.22-05.54.51:818][542]LogModuleManager: Shutting down and abandoning module CustomMeshComponent (384)
[2019.04.22-05.54.51:818][542]LogModuleManager: Shutting down and abandoning module CableComponent (382)
[2019.04.22-05.54.51:859][542]LogModuleManager: Shutting down and abandoning module AudioCapture (380)
[2019.04.22-05.54.51:859][542]LogModuleManager: Shutting down and abandoning module ArchVisCharacter (378)
[2019.04.22-05.54.51:859][542]LogModuleManager: Shutting down and abandoning module AndroidPermission (376)
[2019.04.22-05.54.51:859][542]LogModuleManager: Shutting down and abandoning module NUTUnrealEngine4 (374)
[2019.04.22-05.54.51:867][542]LogModuleManager: Shutting down and abandoning module NetcodeUnitTest (372)
[2019.04.22-05.54.51:910][542]LogModuleManager: Shutting down and abandoning module MediaCompositing (370)
[2019.04.22-05.54.51:910][542]LogModuleManager: Shutting down and abandoning module LinearTimecode (368)
[2019.04.22-05.54.51:910][542]LogModuleManager: Shutting down and abandoning module ImgMedia (366)
[2019.04.22-05.54.51:916][542]LogModuleManager: Shutting down and abandoning module HTML5Networking (364)
[2019.04.22-05.54.51:916][542]LogModuleManager: Shutting down and abandoning module GeometryCacheTracks (362)
[2019.04.22-05.54.51:916][542]LogModuleManager: Shutting down and abandoning module GeometryCacheSequencer (360)
[2019.04.22-05.54.51:916][542]LogModuleManager: Shutting down and abandoning module BackChannel (358)
[2019.04.22-05.54.51:938][542]LogModuleManager: Shutting down and abandoning module AppleVision (356)
[2019.04.22-05.54.51:938][542]LogModuleManager: Shutting down and abandoning module AppleImageUtilsBlueprintSupport (354)
[2019.04.22-05.54.51:938][542]LogModuleManager: Shutting down and abandoning module AppleImageUtils (352)
[2019.04.22-05.54.51:938][542]LogModuleManager: Shutting down and abandoning module AlembicImporter (350)
[2019.04.22-05.54.51:938][542]LogModuleManager: Shutting down and abandoning module AlembicLibrary (349)
[2019.04.22-05.54.51:938][542]LogModuleManager: Shutting down and abandoning module GeometryCache (348)
[2019.04.22-05.54.51:938][542]LogModuleManager: Shutting down and abandoning module GeometryCacheEd (347)
[2019.04.22-05.54.51:938][542]LogModuleManager: Shutting down and abandoning module VariantManagerContent (342)
[2019.04.22-05.54.51:938][542]LogModuleManager: Shutting down and abandoning module DatasmithContentEditor (340)
[2019.04.22-05.54.51:978][542]LogModuleManager: Shutting down and abandoning module SpeedTreeImporter (338)
[2019.04.22-05.54.51:978][542]LogModuleManager: Shutting down and abandoning module PluginBrowser (336)
[2019.04.22-05.54.52:063][542]LogModuleManager: Shutting down and abandoning module MobileLauncherProfileWizard (334)
[2019.04.22-05.54.52:083][542]LogModuleManager: Shutting down and abandoning module PolygonModeling (332)
[2019.04.22-05.54.52:083][542]LogModuleManager: Shutting down and abandoning module MeshEditor (330)
[2019.04.22-05.54.52:110][542]LogModuleManager: Shutting down and abandoning module CryptoKeysOpenSSL (328)
[2019.04.22-05.54.52:138][542]LogModuleManager: Shutting down and abandoning module CryptoKeys (326)
[2019.04.22-05.54.52:138][542]LogModuleManager: Shutting down and abandoning module VisualStudioSourceCodeAccess (324)
[2019.04.22-05.54.52:138][542]LogModuleManager: Shutting down and abandoning module VisualStudioCodeSourceCodeAccess (322)
[2019.04.22-05.54.52:138][542]LogModuleManager: Shutting down and abandoning module UObjectPlugin (320)
[2019.04.22-05.54.52:138][542]LogModuleManager: Shutting down and abandoning module SubversionSourceControl (318)
[2019.04.22-05.54.52:163][542]LogModuleManager: Shutting down and abandoning module PerforceSourceControl (316)
[2019.04.22-05.54.52:234][542]LogModuleManager: Shutting down and abandoning module GitSourceControl (314)
[2019.04.22-05.54.52:254][542]LogModuleManager: Shutting down and abandoning module SourceControl (313)
[2019.04.22-05.54.52:254][542]LogModuleManager: Shutting down and abandoning module CLionSourceCodeAccess (310)
[2019.04.22-05.54.52:263][542]LogModuleManager: Shutting down and abandoning module ActorLayerUtilitiesEditor (308)
[2019.04.22-05.54.52:263][542]LogModuleManager: Shutting down and abandoning module ActorLayerUtilities (306)
[2019.04.22-05.54.52:263][542]LogModuleManager: Shutting down and abandoning module LightPropagationVolumeEditor (304)
[2019.04.22-05.54.52:263][542]LogModuleManager: Shutting down and abandoning module PaperTiledImporter (302)
[2019.04.22-05.54.52:263][542]LogModuleManager: Shutting down and abandoning module PaperSpriteSheetImporter (300)
[2019.04.22-05.54.52:263][542]LogModuleManager: Shutting down and abandoning module Paper2DEditor (298)
[2019.04.22-05.54.52:328][542]LogModuleManager: Shutting down and abandoning module MeshPaint (297)
[2019.04.22-05.54.52:356][542]LogModuleManager: Shutting down and abandoning module RuntimePhysXCooking (294)
[2019.04.22-05.54.52:356][542]LogModuleManager: Shutting down and abandoning module PhysXVehiclesEditor (292)
[2019.04.22-05.54.52:356][542]LogModuleManager: Shutting down and abandoning module PhysXVehicles (290)
[2019.04.22-05.54.52:356][542]LogModuleManager: Shutting down and abandoning module OculusEditor (288)
[2019.04.22-05.54.52:374][542]LogModuleManager: Shutting down and abandoning module LocationServicesBPLibrary (286)
[2019.04.22-05.54.52:374][542]LogModuleManager: Shutting down and abandoning module ActorSequence (284)
[2019.04.22-05.54.52:374][542]LogModuleManager: Shutting down and abandoning module UdpMessaging (282)
[2019.04.22-05.54.52:475][542]LogModuleManager: Shutting down and abandoning module TcpMessaging (280)
[2019.04.22-05.54.52:603][542]LogModuleManager: Shutting down and abandoning module MagicLeapAudio (278)
[2019.04.22-05.54.52:603][542]LogModuleManager: Shutting down and abandoning module GameplayTagsEditor (276)
[2019.04.22-05.54.52:603][542]LogModuleManager: Shutting down and abandoning module FacialAnimationEditor (274)
[2019.04.22-05.54.52:603][542]LogModuleManager: Shutting down and abandoning module FacialAnimation (272)
[2019.04.22-05.54.52:603][542]LogModuleManager: Shutting down and abandoning module DataValidation (270)
[2019.04.22-05.54.52:603][542]LogModuleManager: Shutting down and abandoning module AssetManagerEditor (268)
[2019.04.22-05.54.52:644][542]LogModuleManager: Shutting down and abandoning module LevelEditor (267)
[2019.04.22-05.54.52:701][542]LogModuleManager: Shutting down and abandoning module PixelInspectorModule (266)
[2019.04.22-05.54.52:750][542]LogModuleManager: Shutting down and abandoning module CommonMenuExtensions (264)
[2019.04.22-05.54.52:751][542]LogModuleManager: Shutting down and abandoning module MainFrame (262)
[2019.04.22-05.54.52:751][542]LogModuleManager: Shutting down and abandoning module HotReload (261)
[2019.04.22-05.54.52:797][542]LogModuleManager: Shutting down and abandoning module ContentBrowser (257)
[2019.04.22-05.54.52:798][542]LogModuleManager: Shutting down and abandoning module TreeMap (255)
[2019.04.22-05.54.52:804][542]LogModuleManager: Shutting down and abandoning module LightPropagationVolumeRuntime (252)
[2019.04.22-05.54.52:804][542]LogModuleManager: Shutting down and abandoning module AISupportModule (250)
[2019.04.22-05.54.52:804][542]LogModuleManager: Shutting down and abandoning module Paper2D (248)
[2019.04.22-05.54.52:820][542]LogModuleManager: Shutting down and abandoning module WindowsMoviePlayer (246)
[2019.04.22-05.54.52:843][542]LogModuleManager: Shutting down and abandoning module WebMMoviePlayer (244)
[2019.04.22-05.54.52:843][542]LogModuleManager: Shutting down and abandoning module WmfMedia (242)
[2019.04.22-05.54.52:871][542]LogModuleManager: Shutting down and abandoning module Media (241)
[2019.04.22-05.54.52:879][542]LogModuleManager: Shutting down and abandoning module PacketHandler (238)
[2019.04.22-05.54.52:879][542]LogModuleManager: Shutting down and abandoning module ClothingSystemEditor (236)
[2019.04.22-05.54.52:879][542]LogModuleManager: Shutting down and abandoning module ClothingSystemRuntime (234)
[2019.04.22-05.54.52:896][542]LogModuleManager: Shutting down and abandoning module MediaAssets (232)
[2019.04.22-05.54.52:896][542]LogModuleManager: Shutting down and abandoning module Overlay (230)
[2019.04.22-05.54.52:897][542]LogModuleManager: Shutting down and abandoning module OverlayEditor (229)
[2019.04.22-05.54.52:897][542]LogModuleManager: Shutting down and abandoning module VREditor (226)
[2019.04.22-05.54.52:926][542]LogModuleManager: Shutting down and abandoning module StringTableEditor (224)
[2019.04.22-05.54.52:954][542]LogModuleManager: Shutting down and abandoning module GameplayTasksEditor (222)
[2019.04.22-05.54.52:954][542]LogModuleManager: Shutting down and abandoning module BehaviorTreeEditor (220)
[2019.04.22-05.54.53:002][542]LogModuleManager: Shutting down and abandoning module FunctionalTesting (218)
[2019.04.22-05.54.53:031][542]LogModuleManager: Shutting down and abandoning module CollisionAnalyzer (216)
[2019.04.22-05.54.53:080][542]LogModuleManager: Shutting down and abandoning module WorkspaceMenuStructure (215)
[2019.04.22-05.54.53:080][542]LogModuleManager: Shutting down and abandoning module UMG (212)
[2019.04.22-05.54.53:088][542]LogModuleManager: Shutting down and abandoning module UMGEditor (211)
[2019.04.22-05.54.53:116][542]LogModuleManager: Shutting down and abandoning module Sequencer (210)
[2019.04.22-05.54.53:209][542]LogModuleManager: Shutting down and abandoning module MessageLog (207)
[2019.04.22-05.54.53:209][542]LogModuleManager: Shutting down and abandoning module SlateReflector (202)
[2019.04.22-05.54.53:273][542]LogModuleManager: Shutting down and abandoning module Slate (200)
[2019.04.22-05.54.53:273][542]LogModuleManager: Shutting down and abandoning module EditorStyle (198)
[2019.04.22-05.54.53:275][542]LogModuleManager: Shutting down and abandoning module MRMesh (196)
[2019.04.22-05.54.53:294][542]LogModuleManager: Shutting down and abandoning module SourceCodeAccess (194)
[2019.04.22-05.54.53:294][542]LogModuleManager: Shutting down and abandoning module HeadMountedDisplay (192)
[2019.04.22-05.54.53:294][542]LogModuleManager: Shutting down and abandoning module XAudio2 (190)
[2019.04.22-05.54.53:294][542]LogModuleManager: Shutting down and abandoning module Networking (188)
[2019.04.22-05.54.53:294][542]LogModuleManager: Shutting down and abandoning module Core (186)
[2019.04.22-05.54.53:294][542]LogModuleManager: Shutting down and abandoning module LevelSequence (184)
[2019.04.22-05.54.53:294][542]LogModuleManager: Shutting down and abandoning module KismetCompiler (182)
[2019.04.22-05.54.53:295][542]LogModuleManager: Shutting down and abandoning module MeshUtilities (180)
[2019.04.22-05.54.53:295][542]LogModuleManager: Shutting down and abandoning module MeshMergeUtilities (179)
[2019.04.22-05.54.53:316][542]LogModuleManager: Shutting down and abandoning module MeshReductionInterface (178)
[2019.04.22-05.54.53:316][542]LogModuleManager: Shutting down and abandoning module SimplygonSwarm (177)
[2019.04.22-05.54.53:338][542]LogModuleManager: Shutting down and abandoning module ProxyLODMeshReduction (175)
[2019.04.22-05.54.53:366][542]LogModuleManager: Shutting down and abandoning module SimplygonMeshReduction (173)
[2019.04.22-05.54.53:366][542]LogModuleManager: Shutting down and abandoning module QuadricMeshReduction (171)
[2019.04.22-05.54.53:399][542]LogModuleManager: Shutting down and abandoning module MaterialBaking (167)
[2019.04.22-05.54.53:421][542]LogModuleManager: Shutting down and abandoning module DirectoryWatcher (163)
[2019.04.22-05.54.53:422][542]LogModuleManager: Shutting down and abandoning module DerivedDataCache (160)
[2019.04.22-05.54.53:453][542]LogDerivedDataCache: Shutdown
[2019.04.22-05.54.53:453][542]LogModuleManager: Shutting down and abandoning module XGEController (158)
[2019.04.22-05.54.53:479][542]LogModuleManager: Shutting down and abandoning module TargetPlatform (156)
[2019.04.22-05.54.53:479][542]LogModuleManager: Shutting down and abandoning module VulkanShaderFormat (155)
[2019.04.22-05.54.53:487][542]LogModuleManager: Shutting down and abandoning module ShaderFormatVectorVM (153)
[2019.04.22-05.54.53:514][542]LogModuleManager: Shutting down and abandoning module ShaderFormatOpenGL (151)
[2019.04.22-05.54.53:585][542]LogModuleManager: Shutting down and abandoning module ShaderFormatD3D (149)
[2019.04.22-05.54.53:585][542]LogModuleManager: Shutting down and abandoning module MetalShaderFormat (147)
[2019.04.22-05.54.53:615][542]LogModuleManager: Shutting down and abandoning module TextureFormatUncompressed (145)
[2019.04.22-05.54.53:615][542]LogModuleManager: Shutting down and abandoning module TextureFormatPVR (143)
[2019.04.22-05.54.53:615][542]LogModuleManager: Shutting down and abandoning module TextureFormatDXT (141)
[2019.04.22-05.54.53:640][542]LogModuleManager: Shutting down and abandoning module TextureFormatIntelISPCTexComp (139)
[2019.04.22-05.54.53:676][542]LogModuleManager: Shutting down and abandoning module TextureFormatASTC (137)
[2019.04.22-05.54.53:676][542]LogModuleManager: Shutting down and abandoning module ImageWrapper (136)
[2019.04.22-05.54.53:676][542]LogModuleManager: Shutting down and abandoning module TextureFormatAndroid (133)
[2019.04.22-05.54.53:676][542]LogModuleManager: Shutting down and abandoning module AudioFormatOpus (131)
[2019.04.22-05.54.53:676][542]LogModuleManager: Shutting down and abandoning module AudioFormatOgg (129)
[2019.04.22-05.54.53:676][542]LogModuleManager: Shutting down and abandoning module AudioFormatADPCM (127)
[2019.04.22-05.54.53:676][542]LogModuleManager: Shutting down and abandoning module LuminTargetPlatform (125)
[2019.04.22-05.54.53:709][542]LogModuleManager: Shutting down and abandoning module LinuxTargetPlatform (123)
[2019.04.22-05.54.53:709][542]LogModuleManager: Shutting down and abandoning module LinuxServerTargetPlatform (121)
[2019.04.22-05.54.53:709][542]LogModuleManager: Shutting down and abandoning module LinuxNoEditorTargetPlatform (119)
[2019.04.22-05.54.53:709][542]LogModuleManager: Shutting down and abandoning module LinuxClientTargetPlatform (117)
[2019.04.22-05.54.53:709][542]LogModuleManager: Shutting down and abandoning module TVOSTargetPlatform (115)
[2019.04.22-05.54.53:747][542]LogModuleManager: Shutting down and abandoning module Messaging (113)
[2019.04.22-05.54.53:747][542]LogModuleManager: Shutting down and abandoning module IOSTargetPlatform (111)
[2019.04.22-05.54.53:748][542]LogModuleManager: Shutting down and abandoning module HTML5TargetPlatform (109)
[2019.04.22-05.54.53:748][542]LogModuleManager: Shutting down and abandoning module AndroidTargetPlatform (107)
[2019.04.22-05.54.53:755][542]LogModuleManager: Shutting down and abandoning module WindowsTargetPlatform (105)
[2019.04.22-05.54.53:755][542]LogModuleManager: Shutting down and abandoning module WindowsServerTargetPlatform (103)
[2019.04.22-05.54.53:755][542]LogModuleManager: Shutting down and abandoning module WindowsNoEditorTargetPlatform (101)
[2019.04.22-05.54.53:755][542]LogModuleManager: Shutting down and abandoning module WindowsClientTargetPlatform (99)
[2019.04.22-05.54.53:755][542]LogModuleManager: Shutting down and abandoning module MacTargetPlatform (97)
[2019.04.22-05.54.53:755][542]LogModuleManager: Shutting down and abandoning module MacServerTargetPlatform (95)
[2019.04.22-05.54.53:755][542]LogModuleManager: Shutting down and abandoning module MacNoEditorTargetPlatform (93)
[2019.04.22-05.54.53:755][542]LogModuleManager: Shutting down and abandoning module MacClientTargetPlatform (91)
[2019.04.22-05.54.53:755][542]LogModuleManager: Shutting down and abandoning module AllDesktopTargetPlatform (89)
[2019.04.22-05.54.53:755][542]LogModuleManager: Shutting down and abandoning module InputCore (86)
[2019.04.22-05.54.53:755][542]LogModuleManager: Shutting down and abandoning module Settings (84)
[2019.04.22-05.54.53:755][542]LogModuleManager: Shutting down and abandoning module PhysXCooking (82)
[2019.04.22-05.54.53:755][542]LogModuleManager: Shutting down and abandoning module SteamVR (80)
[2019.04.22-05.54.53:765][542]LogHMD: Freeing OpenVRDLLHandle.
[2019.04.22-05.54.53:765][542]LogModuleManager: Shutting down and abandoning module OculusHMD (78)
[2019.04.22-05.54.53:791][542]LogModuleManager: Shutting down and abandoning module ExampleDeviceProfileSelector (76)
[2019.04.22-05.54.53:791][542]LogModuleManager: Shutting down and abandoning module LauncherChunkInstaller (74)
[2019.04.22-05.54.53:791][542]LogModuleManager: Shutting down and abandoning module OnlineBlueprintSupport (72)
[2019.04.22-05.54.53:791][542]LogModuleManager: Shutting down and abandoning module OnlineSubsystem (68)
[2019.04.22-05.54.53:880][542]LogModuleManager: Shutting down and abandoning module XMPP (63)
[2019.04.22-05.54.53:932][542]LogModuleManager: Shutting down and abandoning module WebSockets (62)
[2019.04.22-05.54.53:998][542]LogModuleManager: Shutting down and abandoning module HTTP (59)
[2019.04.22-05.54.53:998][542]LogHttp: Display: Http module shutting down, but needs to wait on 1 outstanding Http requests:
[2019.04.22-05.54.53:998][542]LogHttp: Display: 	verb=[POST] url=[https://datarouter.ol.epicgames.com/datarouter/api/v1/public/data?SessionID=%7B29389DF2-4260-F0E6-3F72-F696D06E4BB4%7D&AppID=UEEditor.Rocket.Release&AppVersion=4.21.2-4753647%2B%2B%2BUE4%2BRelease-4.21&UserID=28b4a33b4487cae5cb1c40b4b4870b87%7Ceb31b6ad51344c9a8b46e8be9926f0a4%7Ce632ecbd-5e64-41b6-a65d-60fa01148c4e&AppEnvironment=datacollector-binary&UploadType=eteventstream] status=Processing
[2019.04.22-05.54.54:026][542]LogModuleManager: Shutting down and abandoning module SSL (58)
[2019.04.22-05.54.54:028][542]LogModuleManager: Shutting down and abandoning module MagicLeapIdentity (54)
[2019.04.22-05.54.54:028][542]LogModuleManager: Shutting down and abandoning module MagicLeapHelperVulkan (52)
[2019.04.22-05.54.54:028][542]LogModuleManager: Shutting down and abandoning module MagicLeapHelperOpenGL (50)
[2019.04.22-05.54.54:028][542]LogModuleManager: Shutting down and abandoning module MagicLeapSecureStorage (48)
[2019.04.22-05.54.54:028][542]LogModuleManager: Shutting down and abandoning module MagicLeapHandTracking (46)
[2019.04.22-05.54.54:028][542]LogModuleManager: Shutting down and abandoning module MagicLeapEyeTracker (44)
[2019.04.22-05.54.54:028][542]LogModuleManager: Shutting down and abandoning module MagicLeapController (42)
[2019.04.22-05.54.54:029][542]LogSlate: Slate User Destroyed.  User Index 0, Is Virtual User: 0
[2019.04.22-05.54.54:029][542]LogModuleManager: Shutting down and abandoning module MagicLeap (40)
[2019.04.22-05.54.54:050][542]LogModuleManager: Shutting down and abandoning module DatasmithContent (38)
[2019.04.22-05.54.54:051][542]LogModuleManager: Shutting down and abandoning module AnimationModifiers (36)
[2019.04.22-05.54.54:097][542]LogModuleManager: Shutting down and abandoning module PropertyEditor (35)
[2019.04.22-05.54.54:097][542]LogModuleManager: Shutting down and abandoning module AudioEditor (32)
[2019.04.22-05.54.54:123][542]LogModuleManager: Shutting down and abandoning module TextureCompressor (30)
[2019.04.22-05.54.54:153][542]LogModuleManager: Shutting down and abandoning module ShaderCore (28)
[2019.04.22-05.54.54:153][542]LogModuleManager: Shutting down and abandoning module Landscape (26)
[2019.04.22-05.54.54:153][542]LogModuleManager: Shutting down and abandoning module SlateRHIRenderer (24)
[2019.04.22-05.54.54:178][542]LogModuleManager: Shutting down and abandoning module OpenGLDrv (22)
[2019.04.22-05.54.54:214][542]LogModuleManager: Shutting down and abandoning module D3D11RHI (20)
[2019.04.22-05.54.54:214][542]LogModuleManager: Shutting down and abandoning module AnimGraphRuntime (18)
[2019.04.22-05.54.54:218][542]LogModuleManager: Shutting down and abandoning module Renderer (16)
[2019.04.22-05.54.54:218][542]LogModuleManager: Shutting down and abandoning module Engine (14)
[2019.04.22-05.54.54:218][542]LogModuleManager: Shutting down and abandoning module CoreUObject (12)
[2019.04.22-05.54.54:218][542]LogModuleManager: Shutting down and abandoning module NetworkFile (10)
[2019.04.22-05.54.54:240][542]LogModuleManager: Shutting down and abandoning module CookedIterativeFile (8)
[2019.04.22-05.54.54:240][542]LogModuleManager: Shutting down and abandoning module StreamingFile (6)
[2019.04.22-05.54.54:270][542]LogModuleManager: Shutting down and abandoning module SandboxFile (4)
[2019.04.22-05.54.54:270][542]LogModuleManager: Shutting down and abandoning module PakFile (2)
[2019.04.22-05.54.54:310][542]LogExit: Exiting.
[2019.04.22-05.54.54:318][542]Log file closed, 04/22/19 01:54:54
